#
# A fatal error has been detected by the Java Runtime Environment:
#
#  EXCEPTION_ACCESS_VIOLATION (0xc0000005) at pc=0x00007ffbb969b3c6, pid=17184, tid=18168
#
# JRE version: Java(TM) SE Runtime Environment (23.0.1+11) (build 23.0.1+11-39)
# Java VM: Java HotSpot(TM) 64-Bit Server VM (23.0.1+11-39, mixed mode, sharing, tiered, compressed oops, compressed class ptrs, g1 gc, windows-amd64)
# Problematic frame:
# C  [awt.dll+0xdb3c6]
#
# No core dump will be written. Minidumps are not enabled by default on client versions of Windows
#
# If you would like to submit a bug report, please visit:
#   https://bugreport.java.com/bugreport/crash.jsp
# The crash happened outside the Java Virtual Machine in native code.
# See problematic frame for where to report the bug.
#

---------------  S U M M A R Y ------------

Command Line: -Dfile.encoding=UTF-8 --module-path=C:\Users\FC\OneDrive\Desktop\project-250\University Management System\build\classes university.management.system.Login

Host: Intel(R) Core(TM) i5-6300U CPU @ 2.40GHz, 4 cores, 7G,  Windows 10 , 64 bit Build 19041 (10.0.19041.5915)
Time: Sat Sep 13 22:03:42 2025 Bangladesh Standard Time elapsed time: 19275.791911 seconds (0d 5h 21m 15s)

---------------  T H R E A D  ---------------

Current thread (0x0000023223e0a740):  JavaThread "AWT-EventQueue-0"        [_thread_in_native, id=18168, stack(0x0000006c5f000000,0x0000006c5f100000) (1024K)]

Stack: [0x0000006c5f000000,0x0000006c5f100000],  sp=0x0000006c5f0fe940,  free space=1018k
Native frames: (J=compiled Java code, j=interpreted, Vv=VM code, C=native code)
C  [awt.dll+0xdb3c6]  (no source info available)
C  [awt.dll+0xdcc02]  (no source info available)
C  0x00000231d09cd207  (no source info available)

The last pc belongs to native method entry point (kind = native) (printed below).
Java frames: (J=compiled Java code, j=interpreted, Vv=VM code)
j  sun.awt.Win32GraphicsDevice.initNativeScale(I)V+0 java.desktop@23.0.1
j  sun.awt.Win32GraphicsDevice.initScaleFactors()V+60 java.desktop@23.0.1
j  sun.awt.Win32GraphicsDevice.displayChanged()V+16 java.desktop@23.0.1
j  sun.awt.Win32GraphicsEnvironment.displayChanged()V+271 java.desktop@23.0.1
j  sun.awt.windows.WToolkit.lambda$displayChanged$4()V+15 java.desktop@23.0.1
j  sun.awt.windows.WToolkit$$Lambda+0x00000231df20db50.run()V+0 java.desktop@23.0.1
J 2128 c1 java.awt.event.InvocationEvent.dispatch()V java.desktop@23.0.1 (69 bytes) @ 0x00000231c976c814 [0x00000231c976c600+0x0000000000000214]
j  java.awt.EventQueue.dispatchEventImpl(Ljava/awt/AWTEvent;Ljava/lang/Object;)V+21 java.desktop@23.0.1
J 1284 c1 java.awt.EventQueue$4.run()Ljava/lang/Void; java.desktop@23.0.1 (60 bytes) @ 0x00000231c961512c [0x00000231c9615000+0x000000000000012c]
J 1177 c1 java.awt.EventQueue.dispatchEvent(Ljava/awt/AWTEvent;)V java.desktop@23.0.1 (80 bytes) @ 0x00000231c95ebeac [0x00000231c95eb900+0x00000000000005ac]
J 1180 c1 java.awt.EventDispatchThread.pumpOneEventForFilters(I)V java.desktop@23.0.1 (106 bytes) @ 0x00000231c95ef564 [0x00000231c95eed40+0x0000000000000824]
j  java.awt.EventDispatchThread.pumpEventsForFilter(ILjava/awt/Conditional;Ljava/awt/EventFilter;)V+35 java.desktop@23.0.1
j  java.awt.EventDispatchThread.pumpEventsForHierarchy(ILjava/awt/Conditional;Ljava/awt/Component;)V+11 java.desktop@23.0.1
j  java.awt.EventDispatchThread.pumpEvents(ILjava/awt/Conditional;)V+4 java.desktop@23.0.1
j  java.awt.EventDispatchThread.pumpEvents(Ljava/awt/Conditional;)V+3 java.desktop@23.0.1
j  java.awt.EventDispatchThread.run()V+9 java.desktop@23.0.1
v  ~StubRoutines::call_stub 0x00000231d09c0fcd

siginfo: EXCEPTION_ACCESS_VIOLATION (0xc0000005), reading address 0x00003e74696e698c


Registers:
RAX=0x00003e74696e693c, RBX=0x00000232241416f0, RCX=0x00003e74696e693c, RDX=0x0000000000000000
RSP=0x0000006c5f0fe940, RBP=0x0000006c5f0fea20, RSI=0x0000000000000001, RDI=0x0000000000000000
R8 =0x0000000000000001, R9 =0x00000000000000dd, R10=0x00000231d09cd1d8, R11=0x0000000000000100
R12=0x0000000000000000, R13=0x000002321f24e260, R14=0x0000006c5f0fea48, R15=0x0000023223e0a740
RIP=0x00007ffbb969b3c6, EFLAGS=0x0000000000010202


Register to memory mapping:

RAX=0x00003e74696e693c is an unknown value
RBX=0x00000232241416f0 points into unknown readable memory: 0x0000023223ae03c0 | c0 03 ae 23 32 02 00 00
RCX=0x00003e74696e693c is an unknown value
RDX=0x0 is null
RSP=0x0000006c5f0fe940 is pointing into the stack for thread: 0x0000023223e0a740
RBP=0x0000006c5f0fea20 is pointing into the stack for thread: 0x0000023223e0a740
RSI=0x0000000000000001 is an unknown value
RDI=0x0 is null
R8 =0x0000000000000001 is an unknown value
R9 =0x00000000000000dd is an unknown value
R10=0x00000231d09cd1d8 is at code_begin+1016 in an Interpreter codelet
native method entry point (kind = native)  [0x00000231d09ccde0, 0x00000231d09cd938]  2904 bytes
R11=0x0000000000000100 is an unknown value
R12=0x0 is null
R13={method} {0x000002321f24e268} 'initNativeScale' '(I)V' in 'sun/awt/Win32GraphicsDevice'
R14=0x0000006c5f0fea48 is pointing into the stack for thread: 0x0000023223e0a740
R15=0x0000023223e0a740 is a thread

Top of Stack: (sp=0x0000006c5f0fe940)
0x0000006c5f0fe940:   00000232200101f8 00007ffb8cd019ec
0x0000006c5f0fe950:   00000232241416f0 0000000000000001
0x0000006c5f0fe960:   00000232241416f0 00007ffbb969cc02
0x0000006c5f0fe970:   00007ffbb96f9838 000002321f24e260
0x0000006c5f0fe980:   0000006c5f0fea30 00000231dcf74960
0x0000006c5f0fe990:   00000231d09c889a 00000231d09cd207
0x0000006c5f0fe9a0:   000002321f24e260 0000006c5f0feac0
0x0000006c5f0fe9b0:   0000023223e0a740 00000231d09c889a
0x0000006c5f0fe9c0:   0000000000000001 00007ffb8d173c49
0x0000006c5f0fe9d0:   0000006c5f0feb10 fffffffffffffff7
0x0000006c5f0fe9e0:   0000000000000000 0000000000000005
0x0000006c5f0fe9f0:   000002321f251958 0000000000000000
0x0000006c5f0fea00:   0000000082337578 000002321f24e260
0x0000006c5f0fea10:   0000000000000000 0000006c5f0fea40
0x0000006c5f0fea20:   0000006c5f0fea98 00000231d09c8700
0x0000006c5f0fea30:   0000000000000000 00000231d09ca5d7
0x0000006c5f0fea40:   0000000000000000 00000000823e57d0
0x0000006c5f0fea50:   fffffffffffffff7 000002321f24e8b4
0x0000006c5f0fea60:   0000000000000002 000002321f251958
0x0000006c5f0fea70:   0000000000000000 0000000082337578
0x0000006c5f0fea80:   000002321f24e900 fffffffffffffff5
0x0000006c5f0fea90:   0000006c5f0feaa8 0000006c5f0feaf8
0x0000006c5f0feaa0:   00000231d09c8700 00000000823e57d0
0x0000006c5f0feab0:   fffffffffffffff7 000002321f250178
0x0000006c5f0feac0:   0000000000000003 000002321f251958
0x0000006c5f0fead0:   0000000000000000 0000000082337578
0x0000006c5f0feae0:   000002321f2501c0 fffffffffffffff6
0x0000006c5f0feaf0:   0000006c5f0feb10 0000006c5f0feb60
0x0000006c5f0feb00:   00000231d09c8700 0000000000000000
0x0000006c5f0feb10:   00000000823e57d0 fffffffffffffff7
0x0000006c5f0feb20:   000002321f1a87cf 0000000000000008
0x0000006c5f0feb30:   000002321f1aca58 0000000000000000 

Instructions: (pc=0x00007ffbb969b3c6)
0x00007ffbb969b2c6:   11 45 d4 0f 11 45 e4 0f 11 45 f4 89 45 04 c7 45
0x00007ffbb969b2d6:   a0 68 00 00 00 0f 11 44 24 34 0f 11 44 24 44 0f
0x00007ffbb969b2e6:   11 44 24 54 0f 11 44 24 64 0f 11 44 24 74 0f 11
0x00007ffbb969b2f6:   45 84 89 45 94 c7 44 24 30 68 00 00 00 48 8d 55
0x00007ffbb969b306:   a0 49 8b ce ff 15 08 76 06 00 85 c0 74 41 48 8d
0x00007ffbb969b316:   54 24 30 48 8b ce ff 15 f6 75 06 00 85 c0 74 2f
0x00007ffbb969b326:   48 8d 54 24 34 48 8d 4d a4 ff 15 0b 75 06 00 85
0x00007ffbb969b336:   c0 74 1c 48 8d 54 24 44 48 8d 4d b4 ff 15 f8 74
0x00007ffbb969b346:   06 00 85 c0 74 09 8b 44 24 54 39 45 c4 74 11 ff
0x00007ffbb969b356:   c7 3b 7b 0c 0f 8c 40 ff ff ff 8b 3d 1a b0 06 00
0x00007ffbb969b366:   48 8b cb e8 f2 ca f4 ff 90 8b c7 48 8b 4d 10 48
0x00007ffbb969b376:   33 cc e8 93 01 01 00 4c 8d 9c 24 20 01 00 00 49
0x00007ffbb969b386:   8b 5b 28 49 8b 73 30 49 8b e3 41 5e 5f 5d c3 cc
0x00007ffbb969b396:   cc cc cc cc cc cc cc cc cc cc 48 8b 41 08 48 8b
0x00007ffbb969b3a6:   80 18 0c 00 00 c3 cc cc cc cc 48 8b 41 08 48 05
0x00007ffbb969b3b6:   00 04 00 00 c3 cc cc cc cc cc 40 53 48 83 ec 20
0x00007ffbb969b3c6:   83 79 50 00 48 8b d9 75 56 48 8b 49 28 4c 8d 44
0x00007ffbb969b3d6:   24 38 48 8d 54 24 30 c7 44 24 30 00 00 80 bf c7
0x00007ffbb969b3e6:   44 24 38 00 00 80 bf e8 1e e1 00 00 f3 0f 10 54
0x00007ffbb969b3f6:   24 30 0f 57 c0 0f 2f d0 76 25 f3 0f 10 4c 24 38
0x00007ffbb969b406:   0f 2f c8 76 1a f3 0f 5e 15 f9 a8 02 00 f3 0f 5e
0x00007ffbb969b416:   0d f1 a8 02 00 f3 0f 11 53 48 f3 0f 11 4b 4c 48
0x00007ffbb969b426:   83 c4 20 5b c3 cc cc cc cc cc 48 89 5c 24 10 48
0x00007ffbb969b436:   89 74 24 18 57 41 56 41 57 48 83 ec 40 48 8b d9
0x00007ffbb969b446:   48 83 79 18 00 75 14 b9 28 04 00 00 e8 19 97 00
0x00007ffbb969b456:   00 48 89 43 18 c7 00 28 00 00 00 48 8b 43 18 33
0x00007ffbb969b466:   ff 66 89 78 0e 48 8b 4b 28 e8 5c 03 00 00 48 8b
0x00007ffbb969b476:   f0 41 bf 01 00 00 00 45 8b c7 41 8b d7 48 8b c8
0x00007ffbb969b486:   ff 15 34 71 06 00 4c 8b f0 89 7c 24 30 48 8b 4b
0x00007ffbb969b496:   18 48 89 4c 24 28 48 89 7c 24 20 45 8b cf 45 33
0x00007ffbb969b4a6:   c0 48 8b d0 48 8b ce ff 15 2d 70 06 00 48 8b 53
0x00007ffbb969b4b6:   30 48 8b 0b 8b 05 c4 ae 06 00 83 79 04 08 0f 8e 


Stack slot to memory mapping:

stack at sp + 0 slots: 0x00000232200101f8 is pointing into metadata
stack at sp + 1 slots: 0x00007ffb8cd019ec jvm.dll
stack at sp + 2 slots: 0x00000232241416f0 points into unknown readable memory: 0x0000023223ae03c0 | c0 03 ae 23 32 02 00 00
stack at sp + 3 slots: 0x0000000000000001 is an unknown value
stack at sp + 4 slots: 0x00000232241416f0 points into unknown readable memory: 0x0000023223ae03c0 | c0 03 ae 23 32 02 00 00
stack at sp + 5 slots: 0x00007ffbb969cc02 awt.dll
stack at sp + 6 slots: 0x00007ffbb96f9838 awt.dll
stack at sp + 7 slots: {method} {0x000002321f24e268} 'initNativeScale' '(I)V' in 'sun/awt/Win32GraphicsDevice'

Lock stack of current Java thread (top to bottom):

native method entry point (kind = native)  [0x00000231d09ccde0, 0x00000231d09cd938]  2904 bytes
[MachCode]
  0x00000231d09ccde0: 488b 4b08 | 0fb7 492e | 584c 8d74 | ccf8 6800 | 0000 0068 | 0000 0000 | 5055 488b | ec41 5568 
  0x00000231d09cce00: 0000 0000 | 4c8b 6b08 | 4d8d 6d38 | 5348 8b53 | 0848 8b52 | 0848 8b52 | 1848 8b52 | 7048 8b12 
  0x00000231d09cce20: 5248 8b53 | 1048 85d2 | 0f84 0700 | 0000 4881 | c210 0100 | 0052 488b | 5308 488b | 5208 488b 
  0x00000231d09cce40: 5210 5249 | 8bc6 482b | c548 c1e8 | 0350 6800 | 0000 0068 | f7ff ffff | 41c6 8771 | 0400 0001 
  0x00000231d09cce60: 488b 4310 | 4885 c074 | 208b 88cc | 0000 0083 | c102 8988 | cc00 0000 | 2388 e000 | 0000 0f84 
  0x00000231d09cce80: 000a 0000 | e9cf 0000 | 0048 8b43 | 1848 85c0 | 0f85 b000 | 0000 e805 | 0000 00e9 | 9900 0000 
  0x00000231d09ccea0: 488b d348 | 8d44 2408 | 4c89 6dc0 | 498b cfc5 | f877 4989 | afb0 0300 | 0049 8987 | a003 0000 
  0x00000231d09ccec0: 4883 ec20 | 40f6 c40f | 0f84 1900 | 0000 4883 | ec08 48b8 | 9026 eb8c | fb7f 0000 | ffd0 4883 
  0x00000231d09ccee0: c408 e90c | 0000 0048 | b890 26eb | 8cfb 7f00 | 00ff d048 | 83c4 2049 | c787 a003 | 0000 0000 
  0x00000231d09ccf00: 0000 49c7 | 87b0 0300 | 0000 0000 | 0049 c787 | a803 0000 | 0000 0000 | c5f8 7749 | 837f 0800 
  0x00000231d09ccf20: 0f84 0500 | 0000 e995 | 3fff ff4c | 8b6d c04c | 8b75 c84e | 8d74 f500 | c348 8b43 | 1848 85c0 
  0x00000231d09ccf40: 0f84 1200 | 0000 8b48 | 0883 c102 | 8948 0823 | 481c 0f84 | 2c09 0000 | 493b a7e8 | 0400 000f 
  0x00000231d09ccf60: 8748 0000 | 0089 8424 | 00f0 ffff | 8984 2400 | e0ff ff89 | 8424 00d0 | ffff 8984 | 2400 c0ff 
  0x00000231d09ccf80: ff89 8424 | 00b0 ffff | 8984 2400 | a0ff ff89 | 8424 0090 | ffff 8984 | 2400 80ff | ff49 3ba7 
  0x00000231d09ccfa0: e004 0000 | 7607 4989 | a7e8 0400 | 0041 c687 | 7104 0000 | 0049 ba41 | ad72 8dfb | 7f00 0041 
  0x00000231d09ccfc0: 803a 000f | 843e 0000 | 0048 8b55 | e849 8bcf | 4883 ec20 | 40f6 c40f | 0f84 1900 | 0000 4883 
  0x00000231d09ccfe0: ec08 48b8 | 10ee 228d | fb7f 0000 | ffd0 4883 | c408 e90c | 0000 0048 | b810 ee22 | 8dfb 7f00 
  0x00000231d09cd000: 00ff d048 | 83c4 2048 | 8b5d e84c | 8b5b 0845 | 0fb7 5b2e | 41c1 e303 | 492b e348 | 83ec 2048 
  0x00000231d09cd020: 83e4 f04c | 8b5b 604d | 85db 0f85 | ab00 0000 | e805 0000 | 00e9 9900 | 0000 488b | d348 8d44 
  0x00000231d09cd040: 2408 4c89 | 6dc0 498b | cfc5 f877 | 4989 afb0 | 0300 0049 | 8987 a003 | 0000 4883 | ec20 40f6 
  0x00000231d09cd060: c40f 0f84 | 1900 0000 | 4883 ec08 | 48b8 f04d | eb8c fb7f | 0000 ffd0 | 4883 c408 | e90c 0000 
  0x00000231d09cd080: 0048 b8f0 | 4deb 8cfb | 7f00 00ff | d048 83c4 | 2049 c787 | a003 0000 | 0000 0000 | 49c7 87b0 
  0x00000231d09cd0a0: 0300 0000 | 0000 0049 | c787 a803 | 0000 0000 | 0000 c5f8 | 7749 837f | 0800 0f84 | 0500 0000 
  0x00000231d09cd0c0: e9fb 3dff | ff4c 8b6d | c04c 8b75 | c84e 8d74 | f500 c348 | 8b5d e84c | 8b5b 6041 | ffd3 488b 
  0x00000231d09cd0e0: 5de8 4889 | 4518 448b | 5b28 41f6 | c308 0f84 | 1b00 0000 | 4c8b 5b08 | 4d8b 5b08 | 4d8b 5b18 
  0x00000231d09cd100: 4d8b 5b70 | 4d8b 1b4c | 895d 1048 | 8d55 1048 | 8b43 5849 | ba60 3c23 | 8dfb 7f00 | 0049 3bc2 
  0x00000231d09cd120: 0f85 ab00 | 0000 e805 | 0000 00e9 | 9900 0000 | 488b d348 | 8d44 2408 | 4c89 6dc0 | 498b cfc5 
  0x00000231d09cd140: f877 4989 | afb0 0300 | 0049 8987 | a003 0000 | 4883 ec20 | 40f6 c40f | 0f84 1900 | 0000 4883 
  0x00000231d09cd160: ec08 48b8 | f04d eb8c | fb7f 0000 | ffd0 4883 | c408 e90c | 0000 0048 | b8f0 4deb | 8cfb 7f00 
  0x00000231d09cd180: 00ff d048 | 83c4 2049 | c787 a003 | 0000 0000 | 0000 49c7 | 87b0 0300 | 0000 0000 | 0049 c787 
  0x00000231d09cd1a0: a803 0000 | 0000 0000 | c5f8 7749 | 837f 0800 | 0f84 0500 | 0000 e905 | 3dff ff4c | 8b6d c04c 
  0x00000231d09cd1c0: 8b75 c84e | 8d74 f500 | c348 8b5d | e848 8b43 | 5849 8d8f | c003 0000 | c5f8 7749 | 89af b003 
  0x00000231d09cd1e0: 0000 49ba | d8d1 9cd0 | 3102 0000 | 4d89 97a8 | 0300 0049 | 89a7 a003 | 0000 41c7 | 8744 0400 
  0x00000231d09cd200: 0004 0000 | 00ff d0c5 | f877 4883 | ec10 c5fb | 1104 2448 | 83ec 1048 | 8904 2448 | c744 2408 
  0x00000231d09cd220: 0000 0000 | 41c7 8744 | 0400 0005 | 0000 00f0 | 8344 24c0 | 0049 3baf | 4804 0000 | 0f87 0e00 
  0x00000231d09cd240: 0000 4183 | bf40 0400 | 0000 0f84 | 2000 0000 | 498b cf4c | 8be4 4883 | ec20 4883 | e4f0 48b8 
  0x00000231d09cd260: 90a9 ec8c | fb7f 0000 | ffd0 498b | e44d 33e4 | 41c7 8744 | 0400 0008 | 0000 0049 | c787 a003 
  0x00000231d09cd280: 0000 0000 | 0000 49c7 | 87b0 0300 | 0000 0000 | 0049 c787 | a803 0000 | 0000 0000 | c5f8 774d 
  0x00000231d09cd2a0: 8b9f 3004 | 0000 41c7 | 8300 0100 | 0000 0000 | 0049 bbda | a59c d031 | 0200 004c | 3b5d 180f 
  0x00000231d09cd2c0: 8524 0200 | 0048 8b04 | 2448 83c4 | 1048 85c0 | 0f84 fe01 | 0000 a803 | 0f85 0800 | 0000 488b 
  0x00000231d09cd2e0: 00e9 ee01 | 0000 a801 | 0f85 0900 | 0000 488b | 40fe e9dd | 0100 0048 | 8b40 ff41 | 807f 3800 
  0x00000231d09cd300: 0f84 ce01 | 0000 4883 | f800 0f84 | c401 0000 | 4d8b 5f28 | 4983 fb00 | 0f84 1400 | 0000 4983 
  0x00000231d09cd320: eb08 4d89 | 5f28 4d03 | 5f30 4989 | 03e9 a201 | 0000 4881 | ecd0 0000 | 0048 8904 | 2448 894c 
  0x00000231d09cd340: 2408 4889 | 5424 1048 | 8974 2418 | 4889 7c24 | 204c 8944 | 2428 4c89 | 4c24 304c | 8954 2438 
  0x00000231d09cd360: 4c89 5c24 | 40c5 fb11 | 4424 50c5 | fb11 4c24 | 58c5 fb11 | 5424 60c5 | fb11 5c24 | 68c5 fb11 
  0x00000231d09cd380: 6424 70c5 | fb11 6c24 | 78c5 fb11 | b424 8000 | 0000 c5fb | 11bc 2488 | 0000 00c5 | 7b11 8424 
  0x00000231d09cd3a0: 9000 0000 | c57b 118c | 2498 0000 | 00c5 7b11 | 9424 a000 | 0000 c57b | 119c 24a8 | 0000 00c5 
  0x00000231d09cd3c0: 7b11 a424 | b000 0000 | c57b 11ac | 24b8 0000 | 00c5 7b11 | b424 c000 | 0000 c57b | 11bc 24c8 
  0x00000231d09cd3e0: 0000 0049 | 8bd7 488b | c848 83ec | 2040 f6c4 | 0f0f 8419 | 0000 0048 | 83ec 0848 | b8e0 07e0 
  0x00000231d09cd400: 8cfb 7f00 | 00ff d048 | 83c4 08e9 | 0c00 0000 | 48b8 e007 | e08c fb7f | 0000 ffd0 | 4883 c420 
  0x00000231d09cd420: c57b 10bc | 24c8 0000 | 00c5 7b10 | b424 c000 | 0000 c57b | 10ac 24b8 | 0000 00c5 | 7b10 a424 
  0x00000231d09cd440: b000 0000 | c57b 109c | 24a8 0000 | 00c5 7b10 | 9424 a000 | 0000 c57b | 108c 2498 | 0000 00c5 
  0x00000231d09cd460: 7b10 8424 | 9000 0000 | c5fb 10bc | 2488 0000 | 00c5 fb10 | b424 8000 | 0000 c5fb | 106c 2478 
  0x00000231d09cd480: c5fb 1064 | 2470 c5fb | 105c 2468 | c5fb 1054 | 2460 c5fb | 104c 2458 | c5fb 1044 | 2450 4c8b 
  0x00000231d09cd4a0: 5c24 404c | 8b54 2438 | 4c8b 4c24 | 304c 8b44 | 2428 488b | 7c24 2048 | 8b74 2418 | 488b 5424 
  0x00000231d09cd4c0: 1048 8b4c | 2408 488b | 0424 4881 | c4d0 0000 | 00c5 f877 | 4889 4510 | 4883 ec10 | 4889 0424 
  0x00000231d09cd4e0: 48c7 4424 | 0800 0000 | 0041 83bf | c804 0000 | 020f 85bf | 0000 0048 | 81ec 8000 | 0000 4889 
  0x00000231d09cd500: 4424 7848 | 894c 2470 | 4889 5424 | 6848 895c | 2460 4889 | 6c24 5048 | 8974 2448 | 4889 7c24 
  0x00000231d09cd520: 404c 8944 | 2438 4c89 | 4c24 304c | 8954 2428 | 4c89 5c24 | 204c 8964 | 2418 4c89 | 6c24 104c 
  0x00000231d09cd540: 8974 2408 | 4c89 3c24 | 4c8b e448 | 83ec 2048 | 83e4 f048 | b8c0 2223 | 8dfb 7f00 | 00ff d049 
  0x00000231d09cd560: 8be4 4c8b | 3c24 4c8b | 7424 084c | 8b6c 2410 | 4c8b 6424 | 184c 8b5c | 2420 4c8b | 5424 284c 
  0x00000231d09cd580: 8b4c 2430 | 4c8b 4424 | 3848 8b7c | 2440 488b | 7424 4848 | 8b6c 2450 | 488b 5c24 | 6048 8b54 
  0x00000231d09cd5a0: 2468 488b | 4c24 7048 | 8b44 2478 | 4881 c480 | 0000 004d | 33e4 488b | 5de8 4c8b | 6b08 4d8d 
  0x00000231d09cd5c0: 6d38 4983 | 7f08 000f | 84bb 0000 | 00e8 0500 | 0000 e996 | 0000 0048 | 8d44 2408 | 4c89 6dc0 
  0x00000231d09cd5e0: 498b cfc5 | f877 4989 | afb0 0300 | 0049 8987 | a003 0000 | 4883 ec20 | 40f6 c40f | 0f84 1900 
  0x00000231d09cd600: 0000 4883 | ec08 48b8 | 006c eb8c | fb7f 0000 | ffd0 4883 | c408 e90c | 0000 0048 | b800 6ceb 
  0x00000231d09cd620: 8cfb 7f00 | 00ff d048 | 83c4 2049 | c787 a003 | 0000 0000 | 0000 49c7 | 87b0 0300 | 0000 0000 
  0x00000231d09cd640: 0049 c787 | a803 0000 | 0000 0000 | c5f8 7749 | 837f 0800 | 0f84 0500 | 0000 e961 | 38ff ff4c 
  0x00000231d09cd660: 8b6d c04c | 8b75 c84e | 8d74 f500 | c348 b940 | d54a 8dfb | 7f00 0048 | 83e4 f048 | b870 4a11 
  0x00000231d09cd680: 8dfb 7f00 | 00ff d0f4 | 448b 5b28 | 41f6 c320 | 0f84 7901 | 0000 488d | 55a8 4c8b | 5a08 4d85 
  0x00000231d09cd6a0: db0f 85bb | 0000 00e8 | 0500 0000 | e996 0000 | 0048 8d44 | 2408 4c89 | 6dc0 498b | cfc5 f877 
  0x00000231d09cd6c0: 4989 afb0 | 0300 0049 | 8987 a003 | 0000 4883 | ec20 40f6 | c40f 0f84 | 1900 0000 | 4883 ec08 
  0x00000231d09cd6e0: 48b8 306b | eb8c fb7f | 0000 ffd0 | 4883 c408 | e90c 0000 | 0048 b830 | 6beb 8cfb | 7f00 00ff 
  0x00000231d09cd700: d048 83c4 | 2049 c787 | a003 0000 | 0000 0000 | 49c7 87b0 | 0300 0000 | 0000 0049 | c787 a803 
  0x00000231d09cd720: 0000 0000 | 0000 c5f8 | 7749 837f | 0800 0f84 | 0500 0000 | e987 37ff | ff4c 8b6d | c04c 8b75 
  0x00000231d09cd740: c84e 8d74 | f500 c348 | b940 d54a | 8dfb 7f00 | 0048 83e4 | f048 b870 | 4a11 8dfb | 7f00 00ff 
  0x00000231d09cd760: d0f4 4c89 | 6dc0 4c8b | 4a08 48c7 | 4208 0000 | 0000 458b | 8718 0600 | 004f 3b4c | 07f8 0f85 
  0x00000231d09cd780: 4900 0000 | 4183 af18 | 0600 0008 | 4f3b 4c07 | f00f 842a | 0000 0049 | 8b01 a802 | 0f85 1200 
  0x00000231d09cd7a0: 0000 4c8b | c049 83c8 | 01f0 4d0f | b101 0f84 | 0d00 0000 | 4183 8718 | 0600 0008 | e90c 0000 
  0x00000231d09cd7c0: 0049 ff8f | 5005 0000 | e93e 0000 | 004c 894a | 0848 8bca | 4883 ec20 | 40f6 c40f | 0f84 1900 
  0x00000231d09cd7e0: 0000 4883 | ec08 48b8 | f03d eb8c | fb7f 0000 | ffd0 4883 | c408 e90c | 0000 0048 | b8f0 3deb 
  0x00000231d09cd800: 8cfb 7f00 | 00ff d048 | 83c4 204c | 8b6d c049 | ba41 ad72 | 8dfb 7f00 | 0041 803a | 000f 843e 
  0x00000231d09cd820: 0000 0048 | 8b55 e849 | 8bcf 4883 | ec20 40f6 | c40f 0f84 | 1900 0000 | 4883 ec08 | 48b8 10ee 
  0x00000231d09cd840: 228d fb7f | 0000 ffd0 | 4883 c408 | e90c 0000 | 0048 b810 | ee22 8dfb | 7f00 00ff | d048 83c4 
  0x00000231d09cd860: 2048 8b04 | 2448 83c4 | 10c5 fb10 | 0424 4883 | c410 4c8b | 5d18 41ff | d34c 8b5d | f8c9 5f49 
  0x00000231d09cd880: 8be3 ffe7 | ba00 0000 | 00e8 0500 | 0000 e996 | 0000 0048 | 8d44 2408 | 4c89 6dc0 | 498b cfc5 
  0x00000231d09cd8a0: f877 4989 | afb0 0300 | 0049 8987 | a003 0000 | 4883 ec20 | 40f6 c40f | 0f84 1900 | 0000 4883 
  0x00000231d09cd8c0: ec08 48b8 | a031 eb8c | fb7f 0000 | ffd0 4883 | c408 e90c | 0000 0048 | b8a0 31eb | 8cfb 7f00 
  0x00000231d09cd8e0: 00ff d048 | 83c4 2049 | c787 a003 | 0000 0000 | 0000 49c7 | 87b0 0300 | 0000 0000 | 0049 c787 
  0x00000231d09cd900: a803 0000 | 0000 0000 | c5f8 7749 | 837f 0800 | 0f84 0500 | 0000 e9a5 | 35ff ff4c | 8b6d c04c 
  0x00000231d09cd920: 8b75 c84e | 8d74 f500 | c348 8b5d | e8e9 26f6 | ffff 660f | 1f44 0000 
[/MachCode]

Compiled method (c1) 19283703 2128   !   3       java.awt.event.InvocationEvent::dispatch (69 bytes)
 total in heap  [0x00000231c976c488,0x00000231c976cc68] = 2016
 relocation     [0x00000231c976c560,0x00000231c976c5f0] = 144
 main code      [0x00000231c976c600,0x00000231c976cbf8] = 1528
 stub code      [0x00000231c976cbf8,0x00000231c976cc60] = 104
 metadata       [0x00000231c976cc60,0x00000231c976cc68] = 8
 immutable data [0x0000023224092090,0x0000023224092238] = 424
 dependencies   [0x0000023224092090,0x0000023224092098] = 8
 nul chk table  [0x0000023224092098,0x00000232240920b0] = 24
 handler table  [0x00000232240920b0,0x0000023224092140] = 144
 scopes pcs     [0x0000023224092140,0x00000232240921e0] = 160
 scopes data    [0x00000232240921e0,0x0000023224092238] = 88

[Constant Pool (empty)]

[MachCode]
[Instructions begin]
  0x00000231c976c600: 6666 660f | 1f84 0000 | 0000 0066 | 6666 9066 | 6690 448b | 5208 443b 

  0x00000231c976c618: ;   {runtime_call ic_miss_stub}
  0x00000231c976c618: 5008 0f85 | c01e 2a07 
[Verified Entry Point]
  0x00000231c976c620: 8984 2400 | 80ff ff55 | 4883 ec30 | 4181 7f20 | 0100 0000 

  0x00000231c976c634: ;   {runtime_call StubRoutines (final stubs)}
  0x00000231c976c634: 7405 e805 | b128 0748 | 8954 2418 

  0x00000231c976c640: ;   {metadata(method data for {method} {0x000002321f4d3780} 'dispatch' '()V' in 'java/awt/event/InvocationEvent')}
  0x00000231c976c640: 48be 00ab | ef1f 3202 | 0000 8bbe | cc00 0000 | 83c7 0289 | becc 0000 | 0081 e7fe | 0700 0085 
  0x00000231c976c660: ff0f 84b7 | 0400 000f | be72 2985 

  0x00000231c976c66c: ;   {metadata(method data for {method} {0x000002321f4d3780} 'dispatch' '()V' in 'java/awt/event/InvocationEvent')}
  0x00000231c976c66c: f648 be00 | abef 1f32 | 0200 00bf | 1801 0000 | 7405 bf28 | 0100 0048 | 8b1c 3e48 | 8d5b 0148 
  0x00000231c976c68c: 891c 3e0f | 84d1 0000 | 008b 722c 

  0x00000231c976c698: ; implicit exception: dispatches to 0x00000231c976cb3f
  0x00000231c976c698: 483b 0648 

  0x00000231c976c69c: ;   {metadata(method data for {method} {0x000002321f4d3780} 'dispatch' '()V' in 'java/awt/event/InvocationEvent')}
  0x00000231c976c69c: 8bfe 48bb | 00ab ef1f | 3202 0000 | 8b7f 0849 | ba00 0000 | de31 0200 | 0049 03fa | 483b bb40 
  0x00000231c976c6bc: 0100 0075 | 0d48 8383 | 4801 0000 | 01e9 6000 | 0000 483b | bb50 0100 | 0075 0d48 | 8383 5801 
  0x00000231c976c6dc: 0000 01e9 | 4a00 0000 | 4883 bb40 | 0100 0000 | 7517 4889 | bb40 0100 | 0048 c783 | 4801 0000 
  0x00000231c976c6fc: 0100 0000 | e929 0000 | 0048 83bb | 5001 0000 | 0075 1748 | 89bb 5001 | 0000 48c7 | 8358 0100 
  0x00000231c976c71c: 0001 0000 | 00e9 0800 | 0000 4883 | 8338 0100 | 0001 488b | d60f 1f40 | 0048 b870 | 31b5 2432 
  0x00000231c976c73c: ;   {virtual_call}
  0x00000231c976c73c: 0200 00e8 

  0x00000231c976c740: ; ImmutableOopMap {[24]=Oop }
                      ;*invokeinterface run {reexecute=0 rethrow=0 return_oop=0}
                      ; - java.awt.event.InvocationEvent::dispatch@11 (line 308)
  0x00000231c976c740: 9c23 2a07 

  0x00000231c976c744: ;   {other}
  0x00000231c976c744: 0f1f 8400 | bc02 0000 

  0x00000231c976c74c: ;   {metadata(method data for {method} {0x000002321f4d3780} 'dispatch' '()V' in 'java/awt/event/InvocationEvent')}
  0x00000231c976c74c: 48ba 00ab | ef1f 3202 | 0000 ff82 | 6801 0000 | 488b 5424 | 18e9 0f03 | 0000 8b72 | 2c48 3b06 
  0x00000231c976c76c: ;   {metadata(method data for {method} {0x000002321f4d3780} 'dispatch' '()V' in 'java/awt/event/InvocationEvent')}
  0x00000231c976c76c: 488b fe48 | bb00 abef | 1f32 0200 | 008b 7f08 | 49ba 0000 | 00de 3102 | 0000 4903 | fa48 3bbb 
  0x00000231c976c78c: 2002 0000 | 750d 4883 | 8328 0200 | 0001 e960 | 0000 0048 | 3bbb 3002 | 0000 750d | 4883 8338 
  0x00000231c976c7ac: 0200 0001 | e94a 0000 | 0048 83bb | 2002 0000 | 0075 1748 | 89bb 2002 | 0000 48c7 | 8328 0200 
  0x00000231c976c7cc: 0001 0000 | 00e9 2900 | 0000 4883 | bb30 0200 | 0000 7517 | 4889 bb30 | 0200 0048 | c783 3802 
  0x00000231c976c7ec: 0000 0100 | 0000 e908 | 0000 0048 | 8383 1802 | 0000 0148 | 8bd6 6666 | 9048 b898 | 31b5 2432 
  0x00000231c976c80c: ;   {virtual_call}
  0x00000231c976c80c: 0200 00e8 

  0x00000231c976c810: ; ImmutableOopMap {[24]=Oop }
                      ;*invokeinterface run {reexecute=0 rethrow=0 return_oop=0}
                      ; - java.awt.event.InvocationEvent::dispatch@47 (line 318)
  0x00000231c976c810: 3c4b 3707 

  0x00000231c976c814: ;   {other}
  0x00000231c976c814: 0f1f 8400 | 8c03 0001 | 488b 5424 | 18e9 4f02 | 0000 498b | 8700 0500 | 004d 33d2 | 4d89 9700 
  0x00000231c976c834: 0500 004d | 33d2 4d89 | 9708 0500 | 0048 85c0 

  0x00000231c976c844: ;   {metadata(method data for {method} {0x000002321f4d3780} 'dispatch' '()V' in 'java/awt/event/InvocationEvent')}
  0x00000231c976c844: 48be 00ab | ef1f 3202 | 0000 750c | 808e 7901 | 0000 01e9 | af00 0000 | 8b78 0849 | ba00 0000 
  0x00000231c976c864: de31 0200 | 0049 03fa | 483b be88 | 0100 0075 | 0d48 8386 | 9001 0000 | 01e9 6000 | 0000 483b 
  0x00000231c976c884: be98 0100 | 0075 0d48 | 8386 a001 | 0000 01e9 | 4a00 0000 | 4883 be88 | 0100 0000 | 7517 4889 
  0x00000231c976c8a4: be88 0100 | 0048 c786 | 9001 0000 | 0100 0000 | e929 0000 | 0048 83be | 9801 0000 | 0075 1748 
  0x00000231c976c8c4: 89be 9801 | 0000 48c7 | 86a0 0100 | 0001 0000 | 00e9 0800 | 0000 4883 | 8680 0100 

  0x00000231c976c8e0: ;   {metadata('java/lang/Exception')}
  0x00000231c976c8e0: 0001 48bf | c0e5 16de | 3102 0000 | 8b70 0849 | ba00 0000 | de31 0200 | 0049 03f2 | 483b 7e40 
  0x00000231c976c900: 0f85 0500 | 0000 e905 | 0000 004d | 33c0 eb06 | 41b8 0100 | 0000 4585 

  0x00000231c976c918: ;   {metadata(method data for {method} {0x000002321f4d3780} 'dispatch' '()V' in 'java/awt/event/InvocationEvent')}
  0x00000231c976c918: c049 b800 | abef 1f32 | 0200 00ba | b001 0000 | 7405 bac0 | 0100 0049 | 8b34 1048 | 8d76 0149 
  0x00000231c976c938: 8934 1048 | 8b54 2418 | 0f84 f500 | 0000 4885 

  0x00000231c976c948: ;   {metadata(method data for {method} {0x000002321f4d3780} 'dispatch' '()V' in 'java/awt/event/InvocationEvent')}
  0x00000231c976c948: c048 bf00 | abef 1f32 | 0200 0075 | 0c80 8fc9 | 0100 0001 | e9af 0000 | 008b 5808 | 49ba 0000 
  0x00000231c976c968: 00de 3102 | 0000 4903 | da48 3b9f | d801 0000 | 750d 4883 | 87e0 0100 | 0001 e960 | 0000 0048 
  0x00000231c976c988: 3b9f e801 | 0000 750d | 4883 87f0 | 0100 0001 | e94a 0000 | 0048 83bf | d801 0000 | 0075 1748 
  0x00000231c976c9a8: 899f d801 | 0000 48c7 | 87e0 0100 | 0001 0000 | 00e9 2900 | 0000 4883 | bfe8 0100 | 0000 7517 
  0x00000231c976c9c8: 4889 9fe8 | 0100 0048 | c787 f001 | 0000 0100 | 0000 e908 | 0000 0048 | 8387 d001 

  0x00000231c976c9e4: ;   {metadata('java/lang/Exception')}
  0x00000231c976c9e4: 0000 0148 | bbc0 e516 | de31 0200 | 008b 7808 | 49ba 0000 | 00de 3102 | 0000 4903 | fa48 3b5f 
  0x00000231c976ca04: 400f 853e | 0100 00e9 | 0000 0000 | 4c8b c041 | 0fbe 7738 | 85f6 0f85 | 3201 0000 | 4d8b d044 
  0x00000231c976ca24: 8952 3848 | 8bf2 4933 | f048 c1ee | 1448 83fe | 000f 8532 | 0100 0045 | 0fbe 4738 | 4585 c00f 
  0x00000231c976ca44: 853c 0100 | 004c 8bd0 | 4489 523c | 4c8b c24c | 33c0 49c1 | e814 4983 | f800 0f85 | 3d01 0000 
  0x00000231c976ca64: ;   {metadata(method data for {method} {0x000002321f4d3780} 'dispatch' '()V' in 'java/awt/event/InvocationEvent')}
  0x00000231c976ca64: 49b8 00ab | ef1f 3202 | 0000 41ff | 8000 0200 | 004c 8bc2 

  0x00000231c976ca78: ;   {metadata(method data for {method} {0x000002321f4d3780} 'dispatch' '()V' in 'java/awt/event/InvocationEvent')}
  0x00000231c976ca78: 48be 00ab | ef1f 3202 | 0000 4883 | 8648 0200 | 0001 41b8 | 0100 0000 | 0f1f 8000 

  0x00000231c976ca94: ;   {optimized virtual_call}
  0x00000231c976ca94: 0000 00e8 

  0x00000231c976ca98: ; ImmutableOopMap {}
                      ;*invokevirtual finishedDispatching {reexecute=0 rethrow=0 return_oop=0}
                      ; - java.awt.event.InvocationEvent::dispatch@54 (line 321)
  0x00000231c976ca98: c478 0200 

  0x00000231c976ca9c: ;   {other}
  0x00000231c976ca9c: 0f1f 8400 | 1406 0002 

  0x00000231c976caa4: ;   {metadata(method data for {method} {0x000002321f4d3780} 'dispatch' '()V' in 'java/awt/event/InvocationEvent')}
  0x00000231c976caa4: 48b8 00ab | ef1f 3202 | 0000 ff80 | 7802 0000 | 4883 c430 

  0x00000231c976cab8: ;   {poll_return}
  0x00000231c976cab8: 5d49 3ba7 | 4804 0000 | 0f87 f300 | 0000 c348 | 8b54 2418 | 498b 8700 | 0500 004d | 33d2 4d89 
  0x00000231c976cad8: 9700 0500 | 004d 33d2 | 4d89 9708 | 0500 004c 

  0x00000231c976cae8: ;   {metadata(method data for {method} {0x000002321f4d3780} 'dispatch' '()V' in 'java/awt/event/InvocationEvent')}
  0x00000231c976cae8: 8bc2 48be | 00ab ef1f | 3202 0000 | 4883 8690 | 0200 0001 | 41b8 0100 | 0000 4889 

  0x00000231c976cb04: ;   {optimized virtual_call}
  0x00000231c976cb04: 4424 20e8 

  0x00000231c976cb08: ; ImmutableOopMap {[32]=Oop }
                      ;*invokevirtual finishedDispatching {reexecute=0 rethrow=0 return_oop=0}
                      ; - java.awt.event.InvocationEvent::dispatch@63 (line 321)
  0x00000231c976cb08: d41c 2a07 

  0x00000231c976cb0c: ;   {other}
  0x00000231c976cb0c: 0f1f 8400 | 8406 0003 | 488b 4424 | 20e9 ce00 

  0x00000231c976cb1c: ;   {metadata({method} {0x000002321f4d3780} 'dispatch' '()V' in 'java/awt/event/InvocationEvent')}
  0x00000231c976cb1c: 0000 49ba | 7837 4d1f | 3202 0000 | 4c89 5424 | 0848 c704 | 24ff ffff 

  0x00000231c976cb34: ;   {runtime_call counter_overflow Runtime1 stub}
  0x00000231c976cb34: ffe8 268b 

  0x00000231c976cb38: ; ImmutableOopMap {rdx=Oop [24]=Oop }
                      ;*synchronization entry
                      ; - java.awt.event.InvocationEvent::dispatch@-1 (line 306)
  0x00000231c976cb38: 3607 e928 

  0x00000231c976cb3c: ;   {runtime_call throw_null_pointer_exception Runtime1 stub}
  0x00000231c976cb3c: fbff ffe8 

  0x00000231c976cb40: ; ImmutableOopMap {rdx=Oop rsi=Oop [24]=Oop }
                      ;*invokeinterface run {reexecute=0 rethrow=0 return_oop=0}
                      ; - java.awt.event.InvocationEvent::dispatch@11 (line 308)
  0x00000231c976cb40: 1c37 3607 

  0x00000231c976cb44: ;   {runtime_call throw_null_pointer_exception Runtime1 stub}
  0x00000231c976cb44: e817 3736 

  0x00000231c976cb48: ; ImmutableOopMap {rdx=Oop rsi=Oop [24]=Oop }
                      ;*invokeinterface run {reexecute=0 rethrow=0 return_oop=0}
                      ; - java.awt.event.InvocationEvent::dispatch@47 (line 318)
  0x00000231c976cb48: 0748 8904 

  0x00000231c976cb4c: ;   {runtime_call throw_class_cast_exception Runtime1 stub}
  0x00000231c976cb4c: 24e8 0e58 

  0x00000231c976cb50: ; ImmutableOopMap {rax=Oop rdx=Oop [24]=Oop }
                      ;*checkcast {reexecute=0 rethrow=0 return_oop=0}
                      ; - java.awt.event.InvocationEvent::dispatch@29 (line 312)
  0x00000231c976cb50: 3607 8b72 | 3848 83fe | 000f 84c1 | feff ff48 

  0x00000231c976cb60: ;   {runtime_call g1_pre_barrier_slow}
  0x00000231c976cb60: 8934 24e8 | f890 3607 | e9b3 feff | ff49 83f8 | 000f 84c4 | feff ff48 

  0x00000231c976cb78: ;   {runtime_call g1_post_barrier_slow}
  0x00000231c976cb78: 8914 24e8 | e093 3607 | e9b6 feff | ff44 8b42 | 3c49 83f8 | 000f 84b6 | feff ff4c 

  0x00000231c976cb94: ;   {runtime_call g1_pre_barrier_slow}
  0x00000231c976cb94: 8904 24e8 | c490 3607 | e9a8 feff | ff48 83f8 | 000f 84b9 | feff ff48 

  0x00000231c976cbac: ;   {runtime_call g1_post_barrier_slow}
  0x00000231c976cbac: 8914 24e8 | ac93 3607 | e9ab feff 

  0x00000231c976cbb8: ;   {internal_word}
  0x00000231c976cbb8: ff49 bab9 | ca76 c931 | 0200 004d | 8997 6004 

  0x00000231c976cbc8: ;   {runtime_call SafepointBlob}
  0x00000231c976cbc8: 0000 e911 | 882a 0749 | 8b87 0005 | 0000 49c7 | 8700 0500 | 0000 0000 | 0049 c787 | 0805 0000 
  0x00000231c976cbe8: 0000 0000 | 4883 c430 

  0x00000231c976cbf0: ;   {runtime_call unwind_exception Runtime1 stub}
  0x00000231c976cbf0: 5de9 6a27 | 3607 f4f4 
[Stub Code]
  0x00000231c976cbf8: ;   {no_reloc}
  0x00000231c976cbf8: 0f1f 4400 

  0x00000231c976cbfc: ;   {static_stub}
  0x00000231c976cbfc: 0048 bb00 | 0000 0000 

  0x00000231c976cc04: ;   {runtime_call nmethod}
  0x00000231c976cc04: 0000 00e9 | fbff ffff 

  0x00000231c976cc0c: ;   {static_stub}
  0x00000231c976cc0c: 9048 bb00 | 0000 0000 

  0x00000231c976cc14: ;   {runtime_call nmethod}
  0x00000231c976cc14: 0000 00e9 | fbff ffff 

  0x00000231c976cc1c: ;   {static_stub}
  0x00000231c976cc1c: 48bb 783b | 4d1f 3202 

  0x00000231c976cc24: ;   {runtime_call I2C/C2I adapters}
  0x00000231c976cc24: 0000 e98b 

  0x00000231c976cc28: ;   {runtime_call handle_exception_from_callee Runtime1 stub}
  0x00000231c976cc28: 6e2a 07e8 | 305d 3607 

  0x00000231c976cc30: ;   {external_word}
  0x00000231c976cc30: 48b9 40d5 | 4a8d fb7f | 0000 4883 

  0x00000231c976cc3c: ;   {runtime_call}
  0x00000231c976cc3c: e4f0 48b8 | 704a 118d | fb7f 0000 

  0x00000231c976cc48: ;   {section_word}
  0x00000231c976cc48: ffd0 f449 | ba4b cc76 | c931 0200 

  0x00000231c976cc54: ;   {runtime_call DeoptimizationBlob}
  0x00000231c976cc54: 0041 52e9 | 247a 2a07 | f4f4 f4f4 
[/MachCode]


Compiled method (c1) 19284676 1284       3       java.awt.EventQueue$4::run (60 bytes)
 total in heap  [0x00000231c9614e88,0x00000231c96152f8] = 1136
 relocation     [0x00000231c9614f60,0x00000231c9614fe8] = 136
 main code      [0x00000231c9615000,0x00000231c9615270] = 624
 stub code      [0x00000231c9615270,0x00000231c96152e8] = 120
 metadata       [0x00000231c96152e8,0x00000231c96152f8] = 16
 immutable data [0x0000023223e23690,0x0000023223e237c8] = 312
 dependencies   [0x0000023223e23690,0x0000023223e23698] = 8
 nul chk table  [0x0000023223e23698,0x0000023223e236b8] = 32
 scopes pcs     [0x0000023223e236b8,0x0000023223e23778] = 192
 scopes data    [0x0000023223e23778,0x0000023223e237c8] = 80

[Constant Pool (empty)]

[MachCode]
[Instructions begin]
  0x00000231c9615000: 6666 660f | 1f84 0000 | 0000 0066 | 6666 9066 | 6690 448b | 5208 443b 

  0x00000231c9615018: ;   {runtime_call ic_miss_stub}
  0x00000231c9615018: 5008 0f85 | c094 3f07 
[Verified Entry Point]
  0x00000231c9615020: 8984 2400 | 80ff ff55 | 4883 ec50 | 4181 7f20 | 0100 0000 

  0x00000231c9615034: ;   {runtime_call StubRoutines (final stubs)}
  0x00000231c9615034: 7405 e805 

  0x00000231c9615038: ;   {metadata(method data for {method} {0x000002321f4de068} 'run' '()Ljava/lang/Void;' in 'java/awt/EventQueue$4')}
  0x00000231c9615038: 273e 0748 | be58 ea6d | 1f32 0200 | 008b becc | 0000 0083 | c702 89be | cc00 0000 | 81e7 fe07 
  0x00000231c9615058: 0000 85ff | 0f84 7701 | 0000 8b72 | 148b 7e4c 

  0x00000231c9615068: ;   {metadata(method data for {method} {0x000002321f4de068} 'run' '()Ljava/lang/Void;' in 'java/awt/EventQueue$4')}
  0x00000231c9615068: 4885 ff48 | bf58 ea6d | 1f32 0200 | 00bb 2801 | 0000 7505 | bb18 0100 | 0048 8b04 | 1f48 8d40 
  0x00000231c9615088: 0148 8904 | 1f0f 8508 | 0000 0048 | 8bf2 e962 | 0000 0048 | 8954 2428 

  0x00000231c96150a0: ;   {metadata(method data for {method} {0x000002321f4de068} 'run' '()Ljava/lang/Void;' in 'java/awt/EventQueue$4')}
  0x00000231c96150a0: 488b fe48 | bb58 ea6d | 1f32 0200 | 0048 8383 | 3801 0000 | 0148 8bd6 | 0f1f 8000 

  0x00000231c96150bc: ;   {optimized virtual_call}
  0x00000231c96150bc: 0000 00e8 

  0x00000231c96150c0: ; ImmutableOopMap {[40]=Oop }
                      ;*invokevirtual isDispatchThreadImpl {reexecute=0 rethrow=0 return_oop=0}
                      ; - java.awt.EventQueue$4::run@14 (line 719)
  0x00000231c96150c0: 1c97 3f07 

  0x00000231c96150c4: ;   {other}
  0x00000231c96150c4: 0f1f 8400 | 3c02 0000 

  0x00000231c96150cc: ;   {metadata(method data for {method} {0x000002321f4de068} 'run' '()Ljava/lang/Void;' in 'java/awt/EventQueue$4')}
  0x00000231c96150cc: 85c0 49b8 | 58ea 6d1f | 3202 0000 | 41b9 6801 | 0000 7406 | 41b9 7801 | 0000 4b8b | 1408 488d 
  0x00000231c96150ec: 5201 4b89 | 1408 488b | 7424 280f | 844c 0000 | 008b 5614 | 448b 460c | 448b 4e10 

  0x00000231c9615108: ; implicit exception: dispatches to 0x00000231c96151ff
  0x00000231c9615108: 483b 0248 

  0x00000231c961510c: ;   {metadata(method data for {method} {0x000002321f4de068} 'run' '()Ljava/lang/Void;' in 'java/awt/EventQueue$4')}
  0x00000231c961510c: 8bf2 48bf | 58ea 6d1f | 3202 0000 | 4883 8788 | 0100 0001 | 0f1f 8000 

  0x00000231c9615124: ;   {optimized virtual_call}
  0x00000231c9615124: 0000 00e8 

  0x00000231c9615128: ; ImmutableOopMap {}
                      ;*invokevirtual dispatchEventImpl {reexecute=0 rethrow=0 return_oop=0}
                      ; - java.awt.EventQueue$4::run@32 (line 720)
  0x00000231c9615128: 7701 0000 

  0x00000231c961512c: ;   {other}
  0x00000231c961512c: 0f1f 8400 | a402 0001 

  0x00000231c9615134: ;   {metadata(method data for {method} {0x000002321f4de068} 'run' '()Ljava/lang/Void;' in 'java/awt/EventQueue$4')}
  0x00000231c9615134: 48ba 58ea | 6d1f 3202 | 0000 ff82 | b801 0000 | e973 0000 | 008b 5614 

  0x00000231c961514c: ; implicit exception: dispatches to 0x00000231c9615204
  0x00000231c961514c: 8b7a 4c90 

  0x00000231c9615150: ;   {no_reloc}
  0x00000231c9615150: e9c3 0000 | 0000 0000 | 0000 e9c3 | 0000 004c 

  0x00000231c9615160: ;   {metadata(method data for {method} {0x000002321f4de068} 'run' '()Ljava/lang/Void;' in 'java/awt/EventQueue$4')}
  0x00000231c9615160: 8bc0 48ba | 58ea 6d1f | 3202 0000 | 4883 82d0 | 0100 0001 | 4c8b c648 | 8bd0 4889 | 7c24 3848 
  0x00000231c9615180: 8944 2430 

  0x00000231c9615184: ;   {optimized virtual_call}
  0x00000231c9615184: 6666 90e8 

  0x00000231c9615188: ; ImmutableOopMap {[48]=Oop [56]=Oop }
                      ;*invokespecial <init> {reexecute=0 rethrow=0 return_oop=0}
                      ; - java.awt.EventQueue$4::run@50 (line 722)
  0x00000231c9615188: 5496 3f07 

  0x00000231c961518c: ;   {other}
  0x00000231c961518c: 0f1f 8400 | 0403 0002 | 4c8b 4424 | 3048 8b54 | 2438 0f1f | 8000 0000 | 0048 b8a0 | bbe1 2332 
  0x00000231c96151ac: ;   {virtual_call}
  0x00000231c96151ac: 0200 00e8 

  0x00000231c96151b0: ; ImmutableOopMap {}
                      ;*invokeinterface scheduleDispatch {reexecute=0 rethrow=0 return_oop=0}
                      ; - java.awt.EventQueue$4::run@53 (line 722)
  0x00000231c96151b0: 2c99 3f07 

  0x00000231c96151b4: ;   {other}
  0x00000231c96151b4: 0f1f 8400 | 2c03 0003 

  0x00000231c96151bc: ;   {oop(nullptr)}
  0x00000231c96151bc: 48b8 0000 | 0000 0000 | 0000 4883 

  0x00000231c96151c8: ;   {poll_return}
  0x00000231c96151c8: c450 5d49 | 3ba7 4804 | 0000 0f87 | 5700 0000 

  0x00000231c96151d8: ;   {metadata({method} {0x000002321f4de068} 'run' '()Ljava/lang/Void;' in 'java/awt/EventQueue$4')}
  0x00000231c96151d8: c349 ba60 | e04d 1f32 | 0200 004c | 8954 2408 | 48c7 0424 | ffff ffff 

  0x00000231c96151f0: ;   {runtime_call counter_overflow Runtime1 stub}
  0x00000231c96151f0: e86b 044c 

  0x00000231c96151f4: ; ImmutableOopMap {rdx=Oop }
                      ;*synchronization entry
                      ; - java.awt.EventQueue$4::run@-1 (line 719)
  0x00000231c96151f4: 07e9 68fe 

  0x00000231c96151f8: ;   {runtime_call throw_null_pointer_exception Runtime1 stub}
  0x00000231c96151f8: ffff e861 

  0x00000231c96151fc: ; ImmutableOopMap {rdx=Oop rsi=Oop }
                      ;*getfield fwDispatcher {reexecute=1 rethrow=0 return_oop=0}
                      ; - (reexecute) java.awt.EventQueue$4::run@4 (line 719)
                      ;   {runtime_call throw_null_pointer_exception Runtime1 stub}
  0x00000231c96151fc: b04b 07e8 

  0x00000231c9615200: ; ImmutableOopMap {rdx=Oop r8=Oop r9=Oop }
                      ;*invokevirtual dispatchEventImpl {reexecute=0 rethrow=0 return_oop=0}
                      ; - java.awt.EventQueue$4::run@32 (line 720)
  0x00000231c9615200: 5cb0 4b07 

  0x00000231c9615204: ;   {runtime_call throw_null_pointer_exception Runtime1 stub}
  0x00000231c9615204: e857 b04b 

  0x00000231c9615208: ; ImmutableOopMap {rsi=Oop }
                      ;*getfield fwDispatcher {reexecute=1 rethrow=0 return_oop=0}
                      ; - (reexecute) java.awt.EventQueue$4::run@42 (line 722)
                      ;   {metadata(nullptr)}
  0x00000231c9615208: 0748 ba00 | 0000 0000 | 0000 00b8 | 000f 050a 

  0x00000231c9615218: ;   {runtime_call load_klass_patching Runtime1 stub}
  0x00000231c9615218: e8c3 f34b 

  0x00000231c961521c: ; ImmutableOopMap {rsi=Oop rdi=Oop }
                      ;*new {reexecute=1 rethrow=0 return_oop=0}
                      ; - (reexecute) java.awt.EventQueue$4::run@45 (line 722)
  0x00000231c961521c: 07e9 2eff | ffff 488b 

  0x00000231c9615224: ;   {runtime_call new_instance Runtime1 stub}
  0x00000231c9615224: d2e8 36b6 

  0x00000231c9615228: ; ImmutableOopMap {rsi=Oop rdi=Oop }
                      ;*new {reexecute=0 rethrow=0 return_oop=0}
                      ; - java.awt.EventQueue$4::run@45 (line 722)
  0x00000231c9615228: 4b07 e930 

  0x00000231c961522c: ;   {internal_word}
  0x00000231c961522c: ffff ff49 | bacb 5161 | c931 0200 | 004d 8997 | 6004 0000 

  0x00000231c9615240: ;   {runtime_call SafepointBlob}
  0x00000231c9615240: e99b 0140 | 0749 8b87 | 0005 0000 | 49c7 8700 | 0500 0000 | 0000 0049 | c787 0805 | 0000 0000 
  0x00000231c9615260: 0000 4883 

  0x00000231c9615264: ;   {runtime_call unwind_exception Runtime1 stub}
  0x00000231c9615264: c450 5de9 | f4a0 4b07 | f4f4 f4f4 
[Stub Code]
  0x00000231c9615270: ;   {no_reloc}
  0x00000231c9615270: 0f1f 4400 

  0x00000231c9615274: ;   {static_stub}
  0x00000231c9615274: 0048 bb00 | 0000 0000 

  0x00000231c961527c: ;   {runtime_call nmethod}
  0x00000231c961527c: 0000 00e9 | fbff ffff 

  0x00000231c9615284: ;   {static_stub}
  0x00000231c9615284: 9048 bb00 | 0000 0000 

  0x00000231c961528c: ;   {runtime_call nmethod}
  0x00000231c961528c: 0000 00e9 | fbff ffff 

  0x00000231c9615294: ;   {static_stub}
  0x00000231c9615294: 48bb 0000 | 0000 0000 

  0x00000231c961529c: ;   {runtime_call nmethod}
  0x00000231c961529c: 0000 e9fb 

  0x00000231c96152a0: ;   {static_stub}
  0x00000231c96152a0: ffff ff48 | bbb0 1419 | 1f32 0200 

  0x00000231c96152ac: ;   {runtime_call I2C/C2I adapters}
  0x00000231c96152ac: 00e9 0881 

  0x00000231c96152b0: ;   {runtime_call handle_exception_from_callee Runtime1 stub}
  0x00000231c96152b0: 3f07 e8a9 

  0x00000231c96152b4: ;   {external_word}
  0x00000231c96152b4: d64b 0748 | b940 d54a | 8dfb 7f00 | 0048 83e4 

  0x00000231c96152c4: ;   {runtime_call}
  0x00000231c96152c4: f048 b870 | 4a11 8dfb | 7f00 00ff 

  0x00000231c96152d0: ;   {section_word}
  0x00000231c96152d0: d0f4 49ba | d252 61c9 | 3102 0000 

  0x00000231c96152dc: ;   {runtime_call DeoptimizationBlob}
  0x00000231c96152dc: 4152 e99d | f33f 07f4 | f4f4 f4f4 
[/MachCode]


---------------  P R O C E S S  ---------------

Threads class SMR info:
_java_thread_list=0x0000023224151920, length=17, elements={
0x00000231dd0dca20, 0x00000231dd0dd580, 0x00000231dd0e1100, 0x00000231dd0e1b60,
0x00000231dd0e85e0, 0x00000231dd0ed320, 0x00000231dd0eb380, 0x00000231dd125920,
0x00000231dd1face0, 0x00000231dd3397b0, 0x00000231dd4e5340, 0x00000231dd4e8880,
0x00000231dd4ee8e0, 0x0000023223e0a740, 0x00000231beb3ad50, 0x0000023223a91790,
0x00000231dd2c4800
}

Java Threads: ( => current thread )
  0x00000231dd0dca20 JavaThread "Reference Handler"          daemon [_thread_blocked, id=6848, stack(0x0000006c5e100000,0x0000006c5e200000) (1024K)]
  0x00000231dd0dd580 JavaThread "Finalizer"                  daemon [_thread_blocked, id=8448, stack(0x0000006c5e200000,0x0000006c5e300000) (1024K)]
  0x00000231dd0e1100 JavaThread "Signal Dispatcher"          daemon [_thread_blocked, id=12216, stack(0x0000006c5e300000,0x0000006c5e400000) (1024K)]
  0x00000231dd0e1b60 JavaThread "Attach Listener"            daemon [_thread_blocked, id=16260, stack(0x0000006c5e400000,0x0000006c5e500000) (1024K)]
  0x00000231dd0e85e0 JavaThread "Service Thread"             daemon [_thread_blocked, id=14676, stack(0x0000006c5e500000,0x0000006c5e600000) (1024K)]
  0x00000231dd0ed320 JavaThread "Monitor Deflation Thread"   daemon [_thread_blocked, id=15412, stack(0x0000006c5e600000,0x0000006c5e700000) (1024K)]
  0x00000231dd0eb380 JavaThread "C2 CompilerThread0"         daemon [_thread_blocked, id=16964, stack(0x0000006c5e700000,0x0000006c5e800000) (1024K)]
  0x00000231dd125920 JavaThread "C1 CompilerThread0"         daemon [_thread_blocked, id=12064, stack(0x0000006c5e800000,0x0000006c5e900000) (1024K)]
  0x00000231dd1face0 JavaThread "Common-Cleaner"             daemon [_thread_blocked, id=6032, stack(0x0000006c5e900000,0x0000006c5ea00000) (1024K)]
  0x00000231dd3397b0 JavaThread "Notification Thread"        daemon [_thread_blocked, id=18164, stack(0x0000006c5eb00000,0x0000006c5ec00000) (1024K)]
  0x00000231dd4e5340 JavaThread "Java2D Disposer"            daemon [_thread_blocked, id=4772, stack(0x0000006c5ec00000,0x0000006c5ed00000) (1024K)]
  0x00000231dd4e8880 JavaThread "AWT-Shutdown"                      [_thread_blocked, id=5376, stack(0x0000006c5ed00000,0x0000006c5ee00000) (1024K)]
  0x00000231dd4ee8e0 JavaThread "AWT-Windows"                daemon [_thread_in_native, id=16568, stack(0x0000006c5ee00000,0x0000006c5ef00000) (1024K)]
=>0x0000023223e0a740 JavaThread "AWT-EventQueue-0"                  [_thread_in_native, id=18168, stack(0x0000006c5f000000,0x0000006c5f100000) (1024K)]
  0x00000231beb3ad50 JavaThread "DestroyJavaVM"                     [_thread_blocked, id=13788, stack(0x0000006c5d900000,0x0000006c5da00000) (1024K)]
  0x0000023223a91790 JavaThread "TimerQueue"                 daemon [_thread_blocked, id=7456, stack(0x0000006c5ef00000,0x0000006c5f000000) (1024K)]
  0x00000231dd2c4800 JavaThread "mysql-cj-abandoned-connection-cleanup" daemon [_thread_blocked, id=6512, stack(0x0000006c5ea00000,0x0000006c5eb00000) (1024K)]
Total: 17

Other Threads:
  0x00000231dd0c7f80 VMThread "VM Thread"                           [id=18188, stack(0x0000006c5e000000,0x0000006c5e100000) (1024K)]
  0x00000231dd0b5010 WatcherThread "VM Periodic Task Thread"        [id=12908, stack(0x0000006c5df00000,0x0000006c5e000000) (1024K)]
  0x00000231c0da4370 WorkerThread "GC Thread#0"                     [id=15716, stack(0x0000006c5da00000,0x0000006c5db00000) (1024K)]
  0x0000023223e063d0 WorkerThread "GC Thread#1"                     [id=12612, stack(0x0000006c5f500000,0x0000006c5f600000) (1024K)]
  0x0000023223e06780 WorkerThread "GC Thread#2"                     [id=6472, stack(0x0000006c5f600000,0x0000006c5f700000) (1024K)]
  0x0000023223e06b30 WorkerThread "GC Thread#3"                     [id=18596, stack(0x0000006c5f700000,0x0000006c5f800000) (1024K)]
  0x00000231c0db90c0 ConcurrentGCThread "G1 Main Marker"            [id=16632, stack(0x0000006c5db00000,0x0000006c5dc00000) (1024K)]
  0x00000231c0dba780 WorkerThread "G1 Conc#0"                       [id=14944, stack(0x0000006c5dc00000,0x0000006c5dd00000) (1024K)]
  0x00000231dcf780f0 ConcurrentGCThread "G1 Refine#0"               [id=10404, stack(0x0000006c5dd00000,0x0000006c5de00000) (1024K)]
  0x00000231dcf79b90 ConcurrentGCThread "G1 Service"                [id=14844, stack(0x0000006c5de00000,0x0000006c5df00000) (1024K)]
Total: 10

Threads with active compile tasks:
Total: 0

VM state: not at safepoint (normal execution)

VM Mutex/Monitor currently owned by a thread: None

Heap address: 0x0000000081e00000, size: 2018 MB, Compressed Oops mode: 32-bit

CDS archive(s) mapped at: [0x00000231de000000-0x00000231ded70000-0x00000231ded70000), size 14090240, SharedBaseAddress: 0x00000231de000000, ArchiveRelocationMode: 1.
Compressed class space mapped at: 0x00000231df000000-0x000002321f000000, reserved size: 1073741824
Narrow klass base: 0x00000231de000000, Narrow klass shift: 0, Narrow klass range: 0x41000000

GC Precious Log:
 CardTable entry size: 512
 Card Set container configuration: InlinePtr #cards 5 size 8 Array Of Cards #cards 10 size 36 Howl #buckets 4 coarsen threshold 1843 Howl Bitmap #cards 512 size 80 coarsen threshold 460 Card regions per heap region 1 cards per card region 2048
 CPUs: 4 total, 4 available
 Memory: 8071M
 Large Page Support: Disabled
 NUMA Support: Disabled
 Compressed Oops: Enabled (32-bit)
 Heap Region Size: 1M
 Heap Min Capacity: 8M
 Heap Initial Capacity: 128M
 Heap Max Capacity: 2018M
 Pre-touch: Disabled
 Parallel Workers: 4
 Concurrent Workers: 1
 Concurrent Refinement Workers: 4
 Periodic GC: Disabled

Heap:
 garbage-first heap   total reserved 2066432K, committed 131072K, used 52855K [0x0000000081e00000, 0x0000000100000000)
  region size 1024K, 27 young (27648K), 2 survivors (2048K)
 Metaspace       used 18411K, committed 18688K, reserved 1114112K
  class space    used 2043K, committed 2176K, reserved 1048576K

Heap Regions: E=young(eden), S=young(survivor), O=old, HS=humongous(starts), HC=humongous(continues), CS=collection set, F=free, TAMS=top-at-mark-start, PB=parsable bottom
|   0|0x0000000081e00000, 0x0000000081f00000, 0x0000000081f00000|100%|HS|  |TAMS 0x0000000081e00000| PB 0x0000000081e00000| Complete |  0
|   1|0x0000000081f00000, 0x0000000082000000, 0x0000000082000000|100%|HC|  |TAMS 0x0000000081f00000| PB 0x0000000081f00000| Complete |  0
|   2|0x0000000082000000, 0x0000000082100000, 0x0000000082100000|100%|HS|  |TAMS 0x0000000082000000| PB 0x0000000082000000| Complete |  0
|   3|0x0000000082100000, 0x0000000082200000, 0x0000000082200000|100%|HC|  |TAMS 0x0000000082100000| PB 0x0000000082100000| Complete |  0
|   4|0x0000000082200000, 0x0000000082300000, 0x0000000082300000|100%| O|  |TAMS 0x0000000082200000| PB 0x0000000082200000| Untracked |  0
|   5|0x0000000082300000, 0x0000000082400000, 0x0000000082400000|100%| O|  |TAMS 0x0000000082300000| PB 0x0000000082300000| Untracked |  0
|   6|0x0000000082400000, 0x0000000082500000, 0x0000000082500000|100%|HS|  |TAMS 0x0000000082400000| PB 0x0000000082400000| Complete |  0
|   7|0x0000000082500000, 0x0000000082600000, 0x0000000082600000|100%|HC|  |TAMS 0x0000000082500000| PB 0x0000000082500000| Complete |  0
|   8|0x0000000082600000, 0x0000000082700000, 0x0000000082700000|100%|HC|  |TAMS 0x0000000082600000| PB 0x0000000082600000| Complete |  0
|   9|0x0000000082700000, 0x0000000082800000, 0x0000000082800000|100%|HC|  |TAMS 0x0000000082700000| PB 0x0000000082700000| Complete |  0
|  10|0x0000000082800000, 0x0000000082900000, 0x0000000082900000|100%|HC|  |TAMS 0x0000000082800000| PB 0x0000000082800000| Complete |  0
|  11|0x0000000082900000, 0x0000000082a00000, 0x0000000082a00000|100%|HC|  |TAMS 0x0000000082900000| PB 0x0000000082900000| Complete |  0
|  12|0x0000000082a00000, 0x0000000082b00000, 0x0000000082b00000|100%| O|  |TAMS 0x0000000082a00000| PB 0x0000000082a00000| Untracked |  0
|  13|0x0000000082b00000, 0x0000000082bc64d0, 0x0000000082c00000| 77%| O|  |TAMS 0x0000000082b00000| PB 0x0000000082b00000| Untracked |  0
|  14|0x0000000082c00000, 0x0000000082d00000, 0x0000000082d00000|100%|HS|  |TAMS 0x0000000082c00000| PB 0x0000000082c00000| Complete |  0
|  15|0x0000000082d00000, 0x0000000082e00000, 0x0000000082e00000|100%|HC|  |TAMS 0x0000000082d00000| PB 0x0000000082d00000| Complete |  0
|  16|0x0000000082e00000, 0x0000000082f00000, 0x0000000082f00000|100%|HC|  |TAMS 0x0000000082e00000| PB 0x0000000082e00000| Complete |  0
|  17|0x0000000082f00000, 0x0000000083000000, 0x0000000083000000|100%|HC|  |TAMS 0x0000000082f00000| PB 0x0000000082f00000| Complete |  0
|  18|0x0000000083000000, 0x0000000083100000, 0x0000000083100000|100%|HC|  |TAMS 0x0000000083000000| PB 0x0000000083000000| Complete |  0
|  19|0x0000000083100000, 0x0000000083200000, 0x0000000083200000|100%|HS|  |TAMS 0x0000000083100000| PB 0x0000000083100000| Complete |  0
|  20|0x0000000083200000, 0x0000000083300000, 0x0000000083300000|100%|HC|  |TAMS 0x0000000083200000| PB 0x0000000083200000| Complete |  0
|  21|0x0000000083300000, 0x0000000083400000, 0x0000000083400000|100%|HC|  |TAMS 0x0000000083300000| PB 0x0000000083300000| Complete |  0
|  22|0x0000000083400000, 0x0000000083500000, 0x0000000083500000|100%|HC|  |TAMS 0x0000000083400000| PB 0x0000000083400000| Complete |  0
|  23|0x0000000083500000, 0x0000000083600000, 0x0000000083600000|100%|HC|  |TAMS 0x0000000083500000| PB 0x0000000083500000| Complete |  0
|  24|0x0000000083600000, 0x0000000083700000, 0x0000000083700000|100%|HC|  |TAMS 0x0000000083600000| PB 0x0000000083600000| Complete |  0
|  25|0x0000000083700000, 0x0000000083800000, 0x0000000083800000|100%|HC|  |TAMS 0x0000000083700000| PB 0x0000000083700000| Complete |  0
|  26|0x0000000083800000, 0x0000000083900000, 0x0000000083900000|100%|HC|  |TAMS 0x0000000083800000| PB 0x0000000083800000| Complete |  0
|  27|0x0000000083900000, 0x0000000083900000, 0x0000000083a00000|  0%| F|  |TAMS 0x0000000083900000| PB 0x0000000083900000| Untracked |  0
|  28|0x0000000083a00000, 0x0000000083a00000, 0x0000000083b00000|  0%| F|  |TAMS 0x0000000083a00000| PB 0x0000000083a00000| Untracked |  0
|  29|0x0000000083b00000, 0x0000000083b00000, 0x0000000083c00000|  0%| F|  |TAMS 0x0000000083b00000| PB 0x0000000083b00000| Untracked |  0
|  30|0x0000000083c00000, 0x0000000083c00000, 0x0000000083d00000|  0%| F|  |TAMS 0x0000000083c00000| PB 0x0000000083c00000| Untracked |  0
|  31|0x0000000083d00000, 0x0000000083d00000, 0x0000000083e00000|  0%| F|  |TAMS 0x0000000083d00000| PB 0x0000000083d00000| Untracked |  0
|  32|0x0000000083e00000, 0x0000000083e00000, 0x0000000083f00000|  0%| F|  |TAMS 0x0000000083e00000| PB 0x0000000083e00000| Untracked |  0
|  33|0x0000000083f00000, 0x0000000083f00000, 0x0000000084000000|  0%| F|  |TAMS 0x0000000083f00000| PB 0x0000000083f00000| Untracked |  0
|  34|0x0000000084000000, 0x0000000084000000, 0x0000000084100000|  0%| F|  |TAMS 0x0000000084000000| PB 0x0000000084000000| Untracked |  0
|  35|0x0000000084100000, 0x0000000084100000, 0x0000000084200000|  0%| F|  |TAMS 0x0000000084100000| PB 0x0000000084100000| Untracked |  0
|  36|0x0000000084200000, 0x0000000084200000, 0x0000000084300000|  0%| F|  |TAMS 0x0000000084200000| PB 0x0000000084200000| Untracked |  0
|  37|0x0000000084300000, 0x0000000084300000, 0x0000000084400000|  0%| F|  |TAMS 0x0000000084300000| PB 0x0000000084300000| Untracked |  0
|  38|0x0000000084400000, 0x0000000084400000, 0x0000000084500000|  0%| F|  |TAMS 0x0000000084400000| PB 0x0000000084400000| Untracked |  0
|  39|0x0000000084500000, 0x0000000084500000, 0x0000000084600000|  0%| F|  |TAMS 0x0000000084500000| PB 0x0000000084500000| Untracked |  0
|  40|0x0000000084600000, 0x0000000084600000, 0x0000000084700000|  0%| F|  |TAMS 0x0000000084600000| PB 0x0000000084600000| Untracked |  0
|  41|0x0000000084700000, 0x0000000084700000, 0x0000000084800000|  0%| F|  |TAMS 0x0000000084700000| PB 0x0000000084700000| Untracked |  0
|  42|0x0000000084800000, 0x0000000084800000, 0x0000000084900000|  0%| F|  |TAMS 0x0000000084800000| PB 0x0000000084800000| Untracked |  0
|  43|0x0000000084900000, 0x0000000084900000, 0x0000000084a00000|  0%| F|  |TAMS 0x0000000084900000| PB 0x0000000084900000| Untracked |  0
|  44|0x0000000084a00000, 0x0000000084a00000, 0x0000000084b00000|  0%| F|  |TAMS 0x0000000084a00000| PB 0x0000000084a00000| Untracked |  0
|  45|0x0000000084b00000, 0x0000000084b00000, 0x0000000084c00000|  0%| F|  |TAMS 0x0000000084b00000| PB 0x0000000084b00000| Untracked |  0
|  46|0x0000000084c00000, 0x0000000084c00000, 0x0000000084d00000|  0%| F|  |TAMS 0x0000000084c00000| PB 0x0000000084c00000| Untracked |  0
|  47|0x0000000084d00000, 0x0000000084d00000, 0x0000000084e00000|  0%| F|  |TAMS 0x0000000084d00000| PB 0x0000000084d00000| Untracked |  0
|  48|0x0000000084e00000, 0x0000000084e00000, 0x0000000084f00000|  0%| F|  |TAMS 0x0000000084e00000| PB 0x0000000084e00000| Untracked |  0
|  49|0x0000000084f00000, 0x0000000084f00000, 0x0000000085000000|  0%| F|  |TAMS 0x0000000084f00000| PB 0x0000000084f00000| Untracked |  0
|  50|0x0000000085000000, 0x0000000085000000, 0x0000000085100000|  0%| F|  |TAMS 0x0000000085000000| PB 0x0000000085000000| Untracked |  0
|  51|0x0000000085100000, 0x0000000085100000, 0x0000000085200000|  0%| F|  |TAMS 0x0000000085100000| PB 0x0000000085100000| Untracked |  0
|  52|0x0000000085200000, 0x0000000085200000, 0x0000000085300000|  0%| F|  |TAMS 0x0000000085200000| PB 0x0000000085200000| Untracked |  0
|  53|0x0000000085300000, 0x0000000085300000, 0x0000000085400000|  0%| F|  |TAMS 0x0000000085300000| PB 0x0000000085300000| Untracked |  0
|  54|0x0000000085400000, 0x0000000085400000, 0x0000000085500000|  0%| F|  |TAMS 0x0000000085400000| PB 0x0000000085400000| Untracked |  0
|  55|0x0000000085500000, 0x0000000085500000, 0x0000000085600000|  0%| F|  |TAMS 0x0000000085500000| PB 0x0000000085500000| Untracked |  0
|  56|0x0000000085600000, 0x0000000085600000, 0x0000000085700000|  0%| F|  |TAMS 0x0000000085600000| PB 0x0000000085600000| Untracked |  0
|  57|0x0000000085700000, 0x0000000085700000, 0x0000000085800000|  0%| F|  |TAMS 0x0000000085700000| PB 0x0000000085700000| Untracked |  0
|  58|0x0000000085800000, 0x0000000085800000, 0x0000000085900000|  0%| F|  |TAMS 0x0000000085800000| PB 0x0000000085800000| Untracked |  0
|  59|0x0000000085900000, 0x0000000085900000, 0x0000000085a00000|  0%| F|  |TAMS 0x0000000085900000| PB 0x0000000085900000| Untracked |  0
|  60|0x0000000085a00000, 0x0000000085a00000, 0x0000000085b00000|  0%| F|  |TAMS 0x0000000085a00000| PB 0x0000000085a00000| Untracked |  0
|  61|0x0000000085b00000, 0x0000000085b00000, 0x0000000085c00000|  0%| F|  |TAMS 0x0000000085b00000| PB 0x0000000085b00000| Untracked |  0
|  62|0x0000000085c00000, 0x0000000085c00000, 0x0000000085d00000|  0%| F|  |TAMS 0x0000000085c00000| PB 0x0000000085c00000| Untracked |  0
|  63|0x0000000085d00000, 0x0000000085d00000, 0x0000000085e00000|  0%| F|  |TAMS 0x0000000085d00000| PB 0x0000000085d00000| Untracked |  0
|  64|0x0000000085e00000, 0x0000000085e00000, 0x0000000085f00000|  0%| F|  |TAMS 0x0000000085e00000| PB 0x0000000085e00000| Untracked |  0
|  65|0x0000000085f00000, 0x0000000085f00000, 0x0000000086000000|  0%| F|  |TAMS 0x0000000085f00000| PB 0x0000000085f00000| Untracked |  0
|  66|0x0000000086000000, 0x0000000086000000, 0x0000000086100000|  0%| F|  |TAMS 0x0000000086000000| PB 0x0000000086000000| Untracked |  0
|  67|0x0000000086100000, 0x0000000086100000, 0x0000000086200000|  0%| F|  |TAMS 0x0000000086100000| PB 0x0000000086100000| Untracked |  0
|  68|0x0000000086200000, 0x0000000086200000, 0x0000000086300000|  0%| F|  |TAMS 0x0000000086200000| PB 0x0000000086200000| Untracked |  0
|  69|0x0000000086300000, 0x0000000086300000, 0x0000000086400000|  0%| F|  |TAMS 0x0000000086300000| PB 0x0000000086300000| Untracked |  0
|  70|0x0000000086400000, 0x0000000086400000, 0x0000000086500000|  0%| F|  |TAMS 0x0000000086400000| PB 0x0000000086400000| Untracked |  0
|  71|0x0000000086500000, 0x0000000086500000, 0x0000000086600000|  0%| F|  |TAMS 0x0000000086500000| PB 0x0000000086500000| Untracked |  0
|  72|0x0000000086600000, 0x0000000086600000, 0x0000000086700000|  0%| F|  |TAMS 0x0000000086600000| PB 0x0000000086600000| Untracked |  0
|  73|0x0000000086700000, 0x0000000086700000, 0x0000000086800000|  0%| F|  |TAMS 0x0000000086700000| PB 0x0000000086700000| Untracked |  0
|  74|0x0000000086800000, 0x0000000086800000, 0x0000000086900000|  0%| F|  |TAMS 0x0000000086800000| PB 0x0000000086800000| Untracked |  0
|  75|0x0000000086900000, 0x0000000086900000, 0x0000000086a00000|  0%| F|  |TAMS 0x0000000086900000| PB 0x0000000086900000| Untracked |  0
|  76|0x0000000086a00000, 0x0000000086a00000, 0x0000000086b00000|  0%| F|  |TAMS 0x0000000086a00000| PB 0x0000000086a00000| Untracked |  0
|  77|0x0000000086b00000, 0x0000000086b00000, 0x0000000086c00000|  0%| F|  |TAMS 0x0000000086b00000| PB 0x0000000086b00000| Untracked |  0
|  78|0x0000000086c00000, 0x0000000086c00000, 0x0000000086d00000|  0%| F|  |TAMS 0x0000000086c00000| PB 0x0000000086c00000| Untracked |  0
|  79|0x0000000086d00000, 0x0000000086d00000, 0x0000000086e00000|  0%| F|  |TAMS 0x0000000086d00000| PB 0x0000000086d00000| Untracked |  0
|  80|0x0000000086e00000, 0x0000000086e00000, 0x0000000086f00000|  0%| F|  |TAMS 0x0000000086e00000| PB 0x0000000086e00000| Untracked |  0
|  81|0x0000000086f00000, 0x0000000086f00000, 0x0000000087000000|  0%| F|  |TAMS 0x0000000086f00000| PB 0x0000000086f00000| Untracked |  0
|  82|0x0000000087000000, 0x0000000087000000, 0x0000000087100000|  0%| F|  |TAMS 0x0000000087000000| PB 0x0000000087000000| Untracked |  0
|  83|0x0000000087100000, 0x0000000087100000, 0x0000000087200000|  0%| F|  |TAMS 0x0000000087100000| PB 0x0000000087100000| Untracked |  0
|  84|0x0000000087200000, 0x0000000087200000, 0x0000000087300000|  0%| F|  |TAMS 0x0000000087200000| PB 0x0000000087200000| Untracked |  0
|  85|0x0000000087300000, 0x0000000087300000, 0x0000000087400000|  0%| F|  |TAMS 0x0000000087300000| PB 0x0000000087300000| Untracked |  0
|  86|0x0000000087400000, 0x0000000087400000, 0x0000000087500000|  0%| F|  |TAMS 0x0000000087400000| PB 0x0000000087400000| Untracked |  0
|  87|0x0000000087500000, 0x0000000087500000, 0x0000000087600000|  0%| F|  |TAMS 0x0000000087500000| PB 0x0000000087500000| Untracked |  0
|  88|0x0000000087600000, 0x0000000087600000, 0x0000000087700000|  0%| F|  |TAMS 0x0000000087600000| PB 0x0000000087600000| Untracked |  0
|  89|0x0000000087700000, 0x0000000087700000, 0x0000000087800000|  0%| F|  |TAMS 0x0000000087700000| PB 0x0000000087700000| Untracked |  0
|  90|0x0000000087800000, 0x0000000087800000, 0x0000000087900000|  0%| F|  |TAMS 0x0000000087800000| PB 0x0000000087800000| Untracked |  0
|  91|0x0000000087900000, 0x0000000087900000, 0x0000000087a00000|  0%| F|  |TAMS 0x0000000087900000| PB 0x0000000087900000| Untracked |  0
|  92|0x0000000087a00000, 0x0000000087a00000, 0x0000000087b00000|  0%| F|  |TAMS 0x0000000087a00000| PB 0x0000000087a00000| Untracked |  0
|  93|0x0000000087b00000, 0x0000000087b00000, 0x0000000087c00000|  0%| F|  |TAMS 0x0000000087b00000| PB 0x0000000087b00000| Untracked |  0
|  94|0x0000000087c00000, 0x0000000087c00000, 0x0000000087d00000|  0%| F|  |TAMS 0x0000000087c00000| PB 0x0000000087c00000| Untracked |  0
|  95|0x0000000087d00000, 0x0000000087d00000, 0x0000000087e00000|  0%| F|  |TAMS 0x0000000087d00000| PB 0x0000000087d00000| Untracked |  0
|  96|0x0000000087e00000, 0x0000000087e00000, 0x0000000087f00000|  0%| F|  |TAMS 0x0000000087e00000| PB 0x0000000087e00000| Untracked |  0
|  97|0x0000000087f00000, 0x0000000087f00000, 0x0000000088000000|  0%| F|  |TAMS 0x0000000087f00000| PB 0x0000000087f00000| Untracked |  0
|  98|0x0000000088000000, 0x0000000088000000, 0x0000000088100000|  0%| F|  |TAMS 0x0000000088000000| PB 0x0000000088000000| Untracked |  0
|  99|0x0000000088100000, 0x0000000088100000, 0x0000000088200000|  0%| F|  |TAMS 0x0000000088100000| PB 0x0000000088100000| Untracked |  0
| 100|0x0000000088200000, 0x0000000088200000, 0x0000000088300000|  0%| F|  |TAMS 0x0000000088200000| PB 0x0000000088200000| Untracked |  0
| 101|0x0000000088300000, 0x00000000883f4808, 0x0000000088400000| 95%| E|  |TAMS 0x0000000088300000| PB 0x0000000088300000| Complete |  0
| 102|0x0000000088400000, 0x0000000088500000, 0x0000000088500000|100%| E|CS|TAMS 0x0000000088400000| PB 0x0000000088400000| Complete |  0
| 103|0x0000000088500000, 0x0000000088600000, 0x0000000088600000|100%| E|CS|TAMS 0x0000000088500000| PB 0x0000000088500000| Complete |  0
| 104|0x0000000088600000, 0x0000000088700000, 0x0000000088700000|100%| E|CS|TAMS 0x0000000088600000| PB 0x0000000088600000| Complete |  0
| 105|0x0000000088700000, 0x0000000088800000, 0x0000000088800000|100%| E|CS|TAMS 0x0000000088700000| PB 0x0000000088700000| Complete |  0
| 106|0x0000000088800000, 0x0000000088900000, 0x0000000088900000|100%| E|CS|TAMS 0x0000000088800000| PB 0x0000000088800000| Complete |  0
| 107|0x0000000088900000, 0x0000000088a00000, 0x0000000088a00000|100%| E|CS|TAMS 0x0000000088900000| PB 0x0000000088900000| Complete |  0
| 108|0x0000000088a00000, 0x0000000088b00000, 0x0000000088b00000|100%| E|CS|TAMS 0x0000000088a00000| PB 0x0000000088a00000| Complete |  0
| 109|0x0000000088b00000, 0x0000000088c00000, 0x0000000088c00000|100%| E|CS|TAMS 0x0000000088b00000| PB 0x0000000088b00000| Complete |  0
| 110|0x0000000088c00000, 0x0000000088d00000, 0x0000000088d00000|100%| E|CS|TAMS 0x0000000088c00000| PB 0x0000000088c00000| Complete |  0
| 111|0x0000000088d00000, 0x0000000088e00000, 0x0000000088e00000|100%| E|CS|TAMS 0x0000000088d00000| PB 0x0000000088d00000| Complete |  0
| 112|0x0000000088e00000, 0x0000000088f00000, 0x0000000088f00000|100%| E|CS|TAMS 0x0000000088e00000| PB 0x0000000088e00000| Complete |  0
| 113|0x0000000088f00000, 0x0000000089000000, 0x0000000089000000|100%| E|CS|TAMS 0x0000000088f00000| PB 0x0000000088f00000| Complete |  0
| 114|0x0000000089000000, 0x00000000890d7a50, 0x0000000089100000| 84%| S|CS|TAMS 0x0000000089000000| PB 0x0000000089000000| Complete |  0
| 115|0x0000000089100000, 0x0000000089200000, 0x0000000089200000|100%| S|CS|TAMS 0x0000000089100000| PB 0x0000000089100000| Complete |  0
| 116|0x0000000089200000, 0x0000000089300000, 0x0000000089300000|100%| E|CS|TAMS 0x0000000089200000| PB 0x0000000089200000| Complete |  0
| 117|0x0000000089300000, 0x0000000089400000, 0x0000000089400000|100%| E|CS|TAMS 0x0000000089300000| PB 0x0000000089300000| Complete |  0
| 118|0x0000000089400000, 0x0000000089500000, 0x0000000089500000|100%| E|CS|TAMS 0x0000000089400000| PB 0x0000000089400000| Complete |  0
| 119|0x0000000089500000, 0x0000000089600000, 0x0000000089600000|100%| E|CS|TAMS 0x0000000089500000| PB 0x0000000089500000| Complete |  0
| 120|0x0000000089600000, 0x0000000089700000, 0x0000000089700000|100%| E|CS|TAMS 0x0000000089600000| PB 0x0000000089600000| Complete |  0
| 121|0x0000000089700000, 0x0000000089800000, 0x0000000089800000|100%| E|CS|TAMS 0x0000000089700000| PB 0x0000000089700000| Complete |  0
| 122|0x0000000089800000, 0x0000000089900000, 0x0000000089900000|100%| E|CS|TAMS 0x0000000089800000| PB 0x0000000089800000| Complete |  0
| 123|0x0000000089900000, 0x0000000089a00000, 0x0000000089a00000|100%| E|CS|TAMS 0x0000000089900000| PB 0x0000000089900000| Complete |  0
| 124|0x0000000089a00000, 0x0000000089b00000, 0x0000000089b00000|100%| E|CS|TAMS 0x0000000089a00000| PB 0x0000000089a00000| Complete |  0
| 125|0x0000000089b00000, 0x0000000089c00000, 0x0000000089c00000|100%| E|  |TAMS 0x0000000089b00000| PB 0x0000000089b00000| Complete |  0
| 126|0x0000000089c00000, 0x0000000089d00000, 0x0000000089d00000|100%| E|CS|TAMS 0x0000000089c00000| PB 0x0000000089c00000| Complete |  0
| 127|0x0000000089d00000, 0x0000000089e00000, 0x0000000089e00000|100%| E|CS|TAMS 0x0000000089d00000| PB 0x0000000089d00000| Complete |  0

Card table byte_map: [0x00000231d8890000,0x00000231d8c90000] _byte_map_base: 0x00000231d8481000

Marking Bits: (CMBitMap*) 0x00000231c0da4a80
 Bits: [0x00000231d8c90000, 0x00000231dac18000)

Polling page: 0x00000231beaa0000

Metaspace:

Usage:
  Non-class:     15.98 MB used.
      Class:      2.00 MB used.
       Both:     17.98 MB used.

Virtual space:
  Non-class space:       64.00 MB reserved,      16.12 MB ( 25%) committed,  1 nodes.
      Class space:        1.00 GB reserved,       2.12 MB ( <1%) committed,  1 nodes.
             Both:        1.06 GB reserved,      18.25 MB (  2%) committed. 

Chunk freelists:
   Non-Class:  15.00 MB
       Class:  13.75 MB
        Both:  28.75 MB

MaxMetaspaceSize: unlimited
CompressedClassSpaceSize: 1.00 GB
Initial GC threshold: 21.00 MB
Current GC threshold: 21.00 MB
CDS: on
 - commit_granule_bytes: 65536.
 - commit_granule_words: 8192.
 - virtual_space_node_default_size: 8388608.
 - enlarge_chunks_in_place: 1.
 - use_allocation_guard: 0.


Internal statistics:

num_allocs_failed_limit: 0.
num_arena_births: 192.
num_arena_deaths: 0.
num_vsnodes_births: 2.
num_vsnodes_deaths: 0.
num_space_committed: 292.
num_space_uncommitted: 0.
num_chunks_returned_to_freelist: 0.
num_chunks_taken_from_freelist: 383.
num_chunk_merges: 0.
num_chunk_splits: 230.
num_chunks_enlarged: 123.
num_inconsistent_stats: 0.

CodeHeap 'non-profiled nmethods': size=120064Kb used=940Kb max_used=940Kb free=119123Kb
 bounds [0x00000231d0f50000, 0x00000231d11c0000, 0x00000231d8490000]
CodeHeap 'profiled nmethods': size=120000Kb used=4251Kb max_used=4251Kb free=115748Kb
 bounds [0x00000231c9490000, 0x00000231c98c0000, 0x00000231d09c0000]
CodeHeap 'non-nmethods': size=5696Kb used=1704Kb max_used=1758Kb free=3991Kb
 bounds [0x00000231d09c0000, 0x00000231d0c30000, 0x00000231d0f50000]
CodeCache: size=245760Kb, used=6895Kb, max_used=6949Kb, free=238862Kb
 total_blobs=3622, nmethods=2865, adapters=662, full_count=0
Compilation: enabled, stopped_count=0, restarted_count=0

Compilation events (20 events):
Event: 11539.793 Thread 0x00000231dd0eb380 2856       4       java.lang.String::indexOf (65 bytes)
Event: 11539.826 Thread 0x00000231dd0eb380 nmethod 2856 0x00000231d1032488 code [0x00000231d10325a0, 0x00000231d10327f8]
Event: 11895.458 Thread 0x00000231dd0eb380 2857  s!   4       jdk.internal.loader.URLClassPath::getLoader (194 bytes)
Event: 11895.522 Thread 0x00000231dd0eb380 nmethod 2857 0x00000231d1032888 code [0x00000231d10329e0, 0x00000231d1033138]
Event: 12441.431 Thread 0x00000231dd0eb380 2858       4       jdk.internal.module.Resources::toPackageName (39 bytes)
Event: 12441.460 Thread 0x00000231dd0eb380 nmethod 2858 0x00000231d1033188 code [0x00000231d10332a0, 0x00000231d1033500]
Event: 12466.493 Thread 0x00000231dd0eb380 2859   !   4       jdk.internal.loader.BuiltinClassLoader::findMiscResource (122 bytes)
Event: 12466.541 Thread 0x00000231dd0eb380 nmethod 2859 0x00000231d1033588 code [0x00000231d1033720, 0x00000231d1033e90]
Event: 12481.528 Thread 0x00000231dd0eb380 2860   !   4       jdk.internal.loader.BuiltinClassLoader::findResource (154 bytes)
Event: 12481.795 Thread 0x00000231dd0eb380 nmethod 2860 0x00000231d1033f88 code [0x00000231d1034540, 0x00000231d10395f0]
Event: 12867.220 Thread 0x00000231dd0eb380 2861       4       java.lang.String::replace (42 bytes)
Event: 12867.265 Thread 0x00000231dd0eb380 nmethod 2861 0x00000231d1039a08 code [0x00000231d1039b40, 0x00000231d103a2e0]
Event: 13691.923 Thread 0x00000231dd0eb380 2862       4       java.lang.ref.ReferenceQueue::poll0 (65 bytes)
Event: 13691.928 Thread 0x00000231dd0eb380 nmethod 2862 0x00000231d103a388 code [0x00000231d103a4a0, 0x00000231d103a7d8]
Event: 14975.673 Thread 0x00000231dd0eb380 2863       4       java.util.concurrent.locks.LockSupport::setBlocker (12 bytes)
Event: 14975.678 Thread 0x00000231dd0eb380 nmethod 2863 0x00000231d103a808 code [0x00000231d103a900, 0x00000231d103aa50]
Event: 16980.498 Thread 0x00000231dd0eb380 2864       4       java.lang.ClassLoader::getResource (41 bytes)
Event: 16980.539 Thread 0x00000231dd0eb380 nmethod 2864 0x00000231d103ab08 code [0x00000231d103ac80, 0x00000231d103af08]
Event: 19094.310 Thread 0x00000231dd0eb380 2865       4       java.util.concurrent.locks.AbstractQueuedSynchronizer$Node::getAndUnsetStatus (14 bytes)
Event: 19094.328 Thread 0x00000231dd0eb380 nmethod 2865 0x00000231d103af88 code [0x00000231d103b080, 0x00000231d103b140]

GC Heap History (4 events):
Event: 11.018 GC heap before
{Heap before GC invocations=0 (full 0):
 garbage-first heap   total reserved 2066432K, committed 131072K, used 18432K [0x0000000081e00000, 0x0000000100000000)
  region size 1024K, 14 young (14336K), 0 survivors (0K)
 Metaspace       used 10155K, committed 10368K, reserved 1114112K
  class space    used 1127K, committed 1216K, reserved 1048576K
}
Event: 11.025 GC heap after
{Heap after GC invocations=1 (full 0):
 garbage-first heap   total reserved 2066432K, committed 131072K, used 7872K [0x0000000081e00000, 0x0000000100000000)
  region size 1024K, 2 young (2048K), 2 survivors (2048K)
 Metaspace       used 10155K, committed 10368K, reserved 1114112K
  class space    used 1127K, committed 1216K, reserved 1048576K
}
Event: 11.867 GC heap before
{Heap before GC invocations=1 (full 0):
 garbage-first heap   total reserved 2066432K, committed 131072K, used 25280K [0x0000000081e00000, 0x0000000100000000)
  region size 1024K, 14 young (14336K), 2 survivors (2048K)
 Metaspace       used 17114K, committed 17344K, reserved 1114112K
  class space    used 1952K, committed 2048K, reserved 1048576K
}
Event: 11.875 GC heap after
{Heap after GC invocations=2 (full 0):
 garbage-first heap   total reserved 2066432K, committed 131072K, used 15991K [0x0000000081e00000, 0x0000000100000000)
  region size 1024K, 2 young (2048K), 2 survivors (2048K)
 Metaspace       used 17114K, committed 17344K, reserved 1114112K
  class space    used 1952K, committed 2048K, reserved 1048576K
}

Dll operation events (12 events):
Event: 0.014 Loaded shared library C:\Program Files\Java\jdk-23\bin\java.dll
Event: 0.065 Loaded shared library C:\Program Files\Java\jdk-23\bin\jsvml.dll
Event: 0.143 Loaded shared library C:\Program Files\Java\jdk-23\bin\net.dll
Event: 0.146 Loaded shared library C:\Program Files\Java\jdk-23\bin\nio.dll
Event: 0.198 Loaded shared library C:\Program Files\Java\jdk-23\bin\zip.dll
Event: 0.224 Loaded shared library C:\Program Files\Java\jdk-23\bin\jimage.dll
Event: 0.252 Loaded shared library C:\Program Files\Java\jdk-23\bin\awt.dll
Event: 0.788 Loaded shared library C:\Program Files\Java\jdk-23\bin\freetype.dll
Event: 0.789 Loaded shared library C:\Program Files\Java\jdk-23\bin\fontmanager.dll
Event: 11.068 Loaded shared library C:\Program Files\Java\jdk-23\bin\extnet.dll
Event: 11.369 Loaded shared library C:\Program Files\Java\jdk-23\bin\sunmscapi.dll
Event: 11.765 Loaded shared library C:\Program Files\Java\jdk-23\bin\javajpeg.dll

Deoptimization events (20 events):
Event: 18.537 Thread 0x0000023223e0a740 DEOPT PACKING pc=0x00000231c978fc79 sp=0x0000006c5f0fcb00
Event: 18.537 Thread 0x0000023223e0a740 DEOPT UNPACKING pc=0x00000231d0a14b22 sp=0x0000006c5f0fbfd0 mode 0
Event: 18.542 Thread 0x0000023223e0a740 DEOPT PACKING pc=0x00000231c978fc79 sp=0x0000006c5f0fcb00
Event: 18.542 Thread 0x0000023223e0a740 DEOPT UNPACKING pc=0x00000231d0a14b22 sp=0x0000006c5f0fbfd0 mode 0
Event: 18.545 Thread 0x0000023223e0a740 DEOPT PACKING pc=0x00000231c978fc79 sp=0x0000006c5f0fcb00
Event: 18.545 Thread 0x0000023223e0a740 DEOPT UNPACKING pc=0x00000231d0a14b22 sp=0x0000006c5f0fbfd0 mode 0
Event: 23.366 Thread 0x0000023223e0a740 DEOPT PACKING pc=0x00000231c974c8b0 sp=0x0000006c5f0fccf0
Event: 23.366 Thread 0x0000023223e0a740 DEOPT UNPACKING pc=0x00000231d0a14b22 sp=0x0000006c5f0fc1f0 mode 0
Event: 28.266 Thread 0x0000023223e0a740 DEOPT PACKING pc=0x00000231c97ced33 sp=0x0000006c5f0fcaf0
Event: 28.266 Thread 0x0000023223e0a740 DEOPT UNPACKING pc=0x00000231d0a14b22 sp=0x0000006c5f0fbfc8 mode 0
Event: 28.329 Thread 0x0000023223e0a740 DEOPT PACKING pc=0x00000231c97ced33 sp=0x0000006c5f0fc990
Event: 28.329 Thread 0x0000023223e0a740 DEOPT UNPACKING pc=0x00000231d0a14b22 sp=0x0000006c5f0fbe68 mode 0
Event: 70.449 Thread 0x0000023223e0a740 Uncommon trap: trap_request=0xffffff45 fr.pc=0x00000231d1020d2c relative=0x0000000000000e4c
Event: 70.449 Thread 0x0000023223e0a740 Uncommon trap: reason=unstable_if action=reinterpret pc=0x00000231d1020d2c method=java.awt.Container.getMouseEventTargetImpl(IIZLjava/awt/Container$EventTargetFilter;ZZ)Ljava/awt/Component; @ 218 c2
Event: 70.449 Thread 0x0000023223e0a740 DEOPT PACKING pc=0x00000231d1020d2c sp=0x0000006c5f0fe840
Event: 70.449 Thread 0x0000023223e0a740 DEOPT UNPACKING pc=0x00000231d0a14402 sp=0x0000006c5f0fe748 mode 2
Event: 72.054 Thread 0x0000023223e0a740 Uncommon trap: trap_request=0xffffffde fr.pc=0x00000231d1029684 relative=0x0000000000000304
Event: 72.054 Thread 0x0000023223e0a740 Uncommon trap: reason=class_check action=maybe_recompile pc=0x00000231d1029684 method=java.awt.Toolkit$SelectiveAWTEventListener.eventDispatched(Ljava/awt/AWTEvent;)V @ 679 c2
Event: 72.055 Thread 0x0000023223e0a740 DEOPT PACKING pc=0x00000231d1029684 sp=0x0000006c5f0fe920
Event: 72.055 Thread 0x0000023223e0a740 DEOPT UNPACKING pc=0x00000231d0a14402 sp=0x0000006c5f0fe898 mode 2

Classes loaded (20 events):
Event: 16.604 Loading class javax/swing/JDialog
Event: 16.604 Loading class javax/swing/JDialog done
Event: 16.606 Loading class javax/swing/JApplet
Event: 16.607 Loading class javax/swing/JApplet done
Event: 16.631 Loading class sun/awt/UngrabEvent
Event: 16.631 Loading class sun/awt/UngrabEvent done
Event: 16.687 Loading class javax/swing/event/MenuDragMouseEvent
Event: 16.687 Loading class javax/swing/event/MenuDragMouseEvent done
Event: 18.860 Loading class javax/swing/plaf/basic/BasicPopupMenuUI$MouseGrabber$2
Event: 18.860 Loading class javax/swing/plaf/basic/BasicPopupMenuUI$MouseGrabber$2 done
Event: 26.331 Loading class java/awt/Canvas
Event: 26.332 Loading class java/awt/Canvas done
Event: 26.333 Loading class java/awt/Scrollbar
Event: 26.333 Loading class java/awt/Adjustable
Event: 26.333 Loading class java/awt/Adjustable done
Event: 26.334 Loading class java/awt/Scrollbar done
Event: 4921.453 Loading class java/awt/desktop/SystemSleepListener
Event: 4921.461 Loading class java/awt/desktop/SystemEventListener
Event: 4921.466 Loading class java/awt/desktop/SystemEventListener done
Event: 4921.466 Loading class java/awt/desktop/SystemSleepListener done

Classes unloaded (0 events):
No events

Classes redefined (0 events):
No events

Internal exceptions (20 events):
Event: 0.148 Thread 0x00000231beb3ad50 Exception <a 'sun/nio/fs/WindowsException'{0x0000000089c9e9b8}> (0x0000000089c9e9b8) 
thrown [s\open\src\hotspot\share\prims\jni.cpp, line 520]
Event: 0.150 Thread 0x00000231beb3ad50 Exception <a 'sun/nio/fs/WindowsException'{0x0000000089ca1118}> (0x0000000089ca1118) 
thrown [s\open\src\hotspot\share\prims\jni.cpp, line 520]
Event: 0.235 Thread 0x00000231beb3ad50 Exception <a 'java/lang/ClassNotFoundException'{0x0000000089b7bd68}: sun/awt/resources/spi/awtProvider> (0x0000000089b7bd68) 
thrown [s\open\src\hotspot\share\classfile\systemDictionary.cpp, line 313]
Event: 0.274 Thread 0x00000231beb3ad50 Exception <a 'java/io/FileNotFoundException'{0x0000000089bcfc18}> (0x0000000089bcfc18) 
thrown [s\open\src\hotspot\share\prims\jni.cpp, line 520]
Event: 0.285 Thread 0x00000231beb3ad50 Exception <a 'java/io/FileNotFoundException'{0x0000000089bfe170}> (0x0000000089bfe170) 
thrown [s\open\src\hotspot\share\prims\jni.cpp, line 520]
Event: 0.404 Thread 0x00000231beb3ad50 Exception <a 'java/lang/NoSuchMethodError'{0x0000000089909428}: 'void java.lang.invoke.DirectMethodHandle$Holder.invokeSpecial(java.lang.Object, java.lang.Object, java.lang.Object)'> (0x0000000089909428) 
thrown [s\open\src\hotspot\share\interpreter\linkResolver.cpp, line 796]
Event: 0.423 Thread 0x00000231beb3ad50 Exception <a 'java/lang/NoSuchMethodError'{0x0000000089958d98}: 'java.lang.Object java.lang.invoke.DirectMethodHandle$Holder.invokeStatic(java.lang.Object, int, java.lang.Object)'> (0x0000000089958d98) 
thrown [s\open\src\hotspot\share\interpreter\linkResolver.cpp, line 796]
Event: 0.454 Thread 0x00000231beb3ad50 Exception <a 'java/lang/ClassNotFoundException'{0x00000000899ffcc8}: com/sun/swing/internal/plaf/metal/resources/spi/metalProvider> (0x00000000899ffcc8) 
thrown [s\open\src\hotspot\share\classfile\systemDictionary.cpp, line 313]
Event: 0.455 Thread 0x00000231beb3ad50 Exception <a 'java/lang/ClassNotFoundException'{0x0000000089803f68}: com/sun/swing/internal/plaf/basic/resources/spi/basicProvider> (0x0000000089803f68) 
thrown [s\open\src\hotspot\share\classfile\systemDictionary.cpp, line 313]
Event: 0.469 Thread 0x00000231beb3ad50 Exception <a 'java/lang/NoSuchMethodError'{0x0000000089823880}: 'int java.lang.invoke.Invokers$Holder.invokeExact_MT(java.lang.Object, java.lang.Object)'> (0x0000000089823880) 
thrown [s\open\src\hotspot\share\interpreter\linkResolver.cpp, line 796]
Event: 0.633 Thread 0x0000023223a10ee0 Exception <a 'java/lang/NoSuchMethodError'{0x000000008963b158}: 'java.lang.Object java.lang.invoke.DirectMethodHandle$Holder.newInvokeSpecial(java.lang.Object, java.lang.Object, java.lang.Object, int, int, int, int, int)'> (0x000000008963b158) 
thrown [s\open\src\hotspot\share\interpreter\linkResolver.cpp, line 796]
Event: 0.755 Thread 0x00000231dd4ee8e0 Exception <a 'java/lang/NoSuchMethodError'{0x0000000089ae60b0}: 'void java.lang.invoke.DirectMethodHandle$Holder.invokeVirtual(java.lang.Object, java.lang.Object)'> (0x0000000089ae60b0) 
thrown [s\open\src\hotspot\share\interpreter\linkResolver.cpp, line 796]
Event: 0.781 Thread 0x00000231beb3ad50 Exception <a 'java/lang/NoSuchMethodError'{0x0000000089877f58}: 'void java.lang.invoke.DirectMethodHandle$Holder.invokeStaticInit(java.lang.Object)'> (0x0000000089877f58) 
thrown [s\open\src\hotspot\share\interpreter\linkResolver.cpp, line 796]
Event: 10.855 Thread 0x0000023223e0a740 Exception <a 'java/lang/NoSuchMethodError'{0x000000008937d360}: 'void java.lang.invoke.DirectMethodHandle$Holder.invokeStatic(java.lang.Object, java.lang.Object)'> (0x000000008937d360) 
thrown [s\open\src\hotspot\share\interpreter\linkResolver.cpp, line 796]
Event: 10.897 Thread 0x0000023223e0a740 Exception <a 'java/lang/NoSuchMethodError'{0x00000000892723e0}: 'java.lang.Object java.lang.invoke.DirectMethodHandle$Holder.invokeInterface(java.lang.Object, java.lang.Object)'> (0x00000000892723e0) 
thrown [s\open\src\hotspot\share\interpreter\linkResolver.cpp, line 796]
Event: 10.934 Thread 0x0000023223e0a740 Exception <a 'java/lang/NoSuchMethodError'{0x00000000892efc98}: 'java.lang.Object java.lang.invoke.DirectMethodHandle$Holder.invokeVirtual(java.lang.Object, java.lang.Object, java.lang.Object)'> (0x00000000892efc98) 
thrown [s\open\src\hotspot\share\interpreter\linkResolver.cpp, line 796]
Event: 11.154 Thread 0x0000023223e0a740 Exception <a 'java/lang/NoSuchMethodError'{0x0000000089a626d0}: 'void java.lang.invoke.DirectMethodHandle$Holder.invokeStaticInit(java.lang.Object, java.lang.Object)'> (0x0000000089a626d0) 
thrown [s\open\src\hotspot\share\interpreter\linkResolver.cpp, line 796]
Event: 11.254 Thread 0x0000023223e0a740 Exception <a 'sun/nio/fs/WindowsException'{0x000000008998e550}> (0x000000008998e550) 
thrown [s\open\src\hotspot\share\prims\jni.cpp, line 520]
Event: 11.318 Thread 0x0000023223e0a740 Exception <a 'java/lang/NoSuchMethodError'{0x00000000898359e0}: 'java.lang.Object java.lang.invoke.DirectMethodHandle$Holder.invokeStaticInit(java.lang.Object, int, int, int, int)'> (0x00000000898359e0) 
thrown [s\open\src\hotspot\share\interpreter\linkResolver.cpp, line 796]
Event: 11.347 Thread 0x0000023223e0a740 Exception <a 'java/lang/NoSuchMethodError'{0x00000000898a0f40}: 'java.lang.Object java.lang.invoke.DirectMethodHandle$Holder.invokeStaticInit(java.lang.Object, java.lang.Object, int, int, int, int)'> (0x00000000898a0f40) 
thrown [s\open\src\hotspot\share\interpreter\linkResolver.cpp, line 796]

VM Operations (20 events):
Event: 11.234 Executing VM operation: HandshakeAllThreads (Deoptimize)
Event: 11.235 Executing VM operation: HandshakeAllThreads (Deoptimize) done
Event: 11.762 Executing VM operation: HandshakeAllThreads (Deoptimize)
Event: 11.763 Executing VM operation: HandshakeAllThreads (Deoptimize) done
Event: 11.867 Executing VM operation: G1CollectForAllocation (G1 Evacuation Pause)
Event: 11.876 Executing VM operation: G1CollectForAllocation (G1 Evacuation Pause) done
Event: 16.605 Executing VM operation: HandshakeAllThreads (Deoptimize)
Event: 16.605 Executing VM operation: HandshakeAllThreads (Deoptimize) done
Event: 16.607 Executing VM operation: HandshakeAllThreads (Deoptimize)
Event: 16.607 Executing VM operation: HandshakeAllThreads (Deoptimize) done
Event: 60.169 Executing VM operation: HandshakeAllThreads (HandshakeForDeflation)
Event: 60.169 Executing VM operation: HandshakeAllThreads (HandshakeForDeflation) done
Event: 60.169 Executing VM operation: RendezvousGCThreads
Event: 60.169 Executing VM operation: RendezvousGCThreads done
Event: 72.053 Executing VM operation: HandshakeAllThreads (Deoptimize)
Event: 72.054 Executing VM operation: HandshakeAllThreads (Deoptimize) done
Event: 120.411 Executing VM operation: HandshakeAllThreads (HandshakeForDeflation)
Event: 120.412 Executing VM operation: HandshakeAllThreads (HandshakeForDeflation) done
Event: 120.412 Executing VM operation: RendezvousGCThreads
Event: 120.412 Executing VM operation: RendezvousGCThreads done

Memory protections (0 events):
No events

Nmethod flushes (0 events):
No events

Events (20 events):
Event: 0.183 Thread 0x00000231beb3ad50 Thread added: 0x00000231dd3397b0
Event: 0.356 Thread 0x00000231beb3ad50 Thread added: 0x00000231dd4e5340
Event: 0.358 Thread 0x00000231beb3ad50 Thread added: 0x00000231dd4e8880
Event: 0.362 Thread 0x00000231beb3ad50 Thread added: 0x00000231dd4ee8e0
Event: 0.464 Thread 0x00000231dd30eba0 Thread exited: 0x00000231dd30eba0
Event: 0.517 Thread 0x00000231beb3ad50 Thread added: 0x0000023223a10ee0
Event: 0.572 Thread 0x00000231dd125920 Thread added: 0x0000023223a537b0
Event: 0.754 Thread 0x00000231dd4ee8e0 Thread added: 0x0000023223e0a740
Event: 0.911 Thread 0x00000231beb3ad50 Thread exited: 0x00000231beb3ad50
Event: 0.911 Thread 0x00000231beb3ad50 Thread added: 0x00000231beb3ad50
Event: 0.923 Thread 0x0000023223a537b0 Thread exited: 0x0000023223a537b0
Event: 1.024 Thread 0x0000023223e0a740 Thread added: 0x0000023223a91790
Event: 5.744 Thread 0x0000023223a10ee0 Thread exited: 0x0000023223a10ee0
Event: 10.857 Thread 0x0000023223e0a740 Thread added: 0x00000231dd2c4800
Event: 10.919 Thread 0x00000231dd125920 Thread added: 0x0000023223ac6810
Event: 11.755 Thread 0x0000023223e0a740 Thread added: 0x00000231dd2c4e90
Event: 12.011 Thread 0x0000023223ac6810 Thread exited: 0x0000023223ac6810
Event: 17.013 Thread 0x00000231dd2c4e90 Thread exited: 0x00000231dd2c4e90
Event: 28.331 Thread 0x00000231dd125920 Thread added: 0x0000023224fc90c0
Event: 29.673 Thread 0x0000023224fc90c0 Thread exited: 0x0000023224fc90c0


Dynamic libraries:
0x00007ff6af350000 - 0x00007ff6af360000 	C:\Program Files\Java\jdk-23\bin\java.exe
0x00007ffbf0350000 - 0x00007ffbf0548000 	C:\Windows\SYSTEM32\ntdll.dll
0x00007ffbf00b0000 - 0x00007ffbf0172000 	C:\Windows\System32\KERNEL32.DLL
0x00007ffbedb80000 - 0x00007ffbede77000 	C:\Windows\System32\KERNELBASE.dll
0x00007ffbee100000 - 0x00007ffbee200000 	C:\Windows\System32\ucrtbase.dll
0x00007ffbe4bc0000 - 0x00007ffbe4bdb000 	C:\Program Files\Java\jdk-23\bin\VCRUNTIME140.dll
0x00007ffbe6a40000 - 0x00007ffbe6a57000 	C:\Program Files\Java\jdk-23\bin\jli.dll
0x00007ffbef030000 - 0x00007ffbef1cd000 	C:\Windows\System32\USER32.dll
0x00007ffbee200000 - 0x00007ffbee222000 	C:\Windows\System32\win32u.dll
0x00007ffbefc40000 - 0x00007ffbefc6b000 	C:\Windows\System32\GDI32.dll
0x00007ffbd5d40000 - 0x00007ffbd5fda000 	C:\Windows\WinSxS\amd64_microsoft.windows.common-controls_6595b64144ccf1df_6.0.19041.5915_none_60b4b9d171f9c7c7\COMCTL32.dll
0x00007ffbeda60000 - 0x00007ffbedb79000 	C:\Windows\System32\gdi32full.dll
0x00007ffbeef90000 - 0x00007ffbef02e000 	C:\Windows\System32\msvcrt.dll
0x00007ffbede80000 - 0x00007ffbedf1d000 	C:\Windows\System32\msvcp_win.dll
0x00007ffbeef60000 - 0x00007ffbeef8f000 	C:\Windows\System32\IMM32.DLL
0x00007ffbe6ad0000 - 0x00007ffbe6adc000 	C:\Program Files\Java\jdk-23\bin\vcruntime140_1.dll
0x00007ffbd0d70000 - 0x00007ffbd0dfe000 	C:\Program Files\Java\jdk-23\bin\msvcp140.dll
0x00007ffb8cae0000 - 0x00007ffb8d82f000 	C:\Program Files\Java\jdk-23\bin\server\jvm.dll
0x00007ffbee770000 - 0x00007ffbee821000 	C:\Windows\System32\ADVAPI32.dll
0x00007ffbef940000 - 0x00007ffbef9df000 	C:\Windows\System32\sechost.dll
0x00007ffbf0180000 - 0x00007ffbf02a6000 	C:\Windows\System32\RPCRT4.dll
0x00007ffbee0d0000 - 0x00007ffbee0f7000 	C:\Windows\System32\bcrypt.dll
0x00007ffbefee0000 - 0x00007ffbeff4b000 	C:\Windows\System32\WS2_32.dll
0x00007ffbed790000 - 0x00007ffbed7db000 	C:\Windows\SYSTEM32\POWRPROF.dll
0x00007ffbd7cd0000 - 0x00007ffbd7cf7000 	C:\Windows\SYSTEM32\WINMM.dll
0x00007ffbe34b0000 - 0x00007ffbe34ba000 	C:\Windows\SYSTEM32\VERSION.dll
0x00007ffbed770000 - 0x00007ffbed782000 	C:\Windows\SYSTEM32\UMPDC.dll
0x00007ffbec250000 - 0x00007ffbec262000 	C:\Windows\SYSTEM32\kernel.appcore.dll
0x00007ffbe69d0000 - 0x00007ffbe69da000 	C:\Program Files\Java\jdk-23\bin\jimage.dll
0x00007ffbeaa90000 - 0x00007ffbeac91000 	C:\Windows\SYSTEM32\DBGHELP.DLL
0x00007ffbd39a0000 - 0x00007ffbd39d4000 	C:\Windows\SYSTEM32\dbgcore.DLL
0x00007ffbee230000 - 0x00007ffbee2b2000 	C:\Windows\System32\bcryptPrimitives.dll
0x00007ffbe4ae0000 - 0x00007ffbe4afe000 	C:\Program Files\Java\jdk-23\bin\java.dll
0x00007ffbee9c0000 - 0x00007ffbeeaeb000 	C:\Windows\System32\ole32.dll
0x00007ffbee380000 - 0x00007ffbee6d3000 	C:\Windows\System32\combase.dll
0x00007ffbef1d0000 - 0x00007ffbef93e000 	C:\Windows\System32\SHELL32.dll
0x00007ffbeb410000 - 0x00007ffbebbb4000 	C:\Windows\SYSTEM32\windows.storage.dll
0x00007ffbed3a0000 - 0x00007ffbed3cb000 	C:\Windows\SYSTEM32\Wldp.dll
0x00007ffbee8f0000 - 0x00007ffbee9bd000 	C:\Windows\System32\OLEAUT32.dll
0x00007ffbee840000 - 0x00007ffbee8ed000 	C:\Windows\System32\SHCORE.dll
0x00007ffbf02b0000 - 0x00007ffbf030b000 	C:\Windows\System32\shlwapi.dll
0x00007ffbed910000 - 0x00007ffbed934000 	C:\Windows\SYSTEM32\profapi.dll
0x00007ffbbbe10000 - 0x00007ffbbbee7000 	C:\Program Files\Java\jdk-23\bin\jsvml.dll
0x00007ffbe4da0000 - 0x00007ffbe4db0000 	C:\Program Files\Java\jdk-23\bin\net.dll
0x00007ffbed0a0000 - 0x00007ffbed10a000 	C:\Windows\system32\mswsock.dll
0x00007ffbe4910000 - 0x00007ffbe4926000 	C:\Program Files\Java\jdk-23\bin\nio.dll
0x00007ffbe48b0000 - 0x00007ffbe48c7000 	C:\Program Files\Java\jdk-23\bin\zip.dll
0x00007ffbb95c0000 - 0x00007ffbb974e000 	C:\Program Files\Java\jdk-23\bin\awt.dll
0x00007ffbe7050000 - 0x00007ffbe70e4000 	C:\Windows\SYSTEM32\apphelp.dll
0x00007ffbeaf30000 - 0x00007ffbeaf5e000 	C:\Windows\system32\DWMAPI.DLL
0x00007ffbead40000 - 0x00007ffbeadde000 	C:\Windows\system32\uxtheme.dll
0x00007ffbc50d0000 - 0x00007ffbc51f8000 	C:\Windows\system32\opengl32.dll
0x00007ffbc5ed0000 - 0x00007ffbc5efc000 	C:\Windows\SYSTEM32\GLU32.dll
0x00007ffbefd50000 - 0x00007ffbefe65000 	C:\Windows\System32\MSCTF.dll
0x00007ffbbbb70000 - 0x00007ffbbbbf7000 	C:\Program Files\Java\jdk-23\bin\freetype.dll
0x00007ffbbb580000 - 0x00007ffbbb657000 	C:\Program Files\Java\jdk-23\bin\fontmanager.dll
0x00007ffbefb90000 - 0x00007ffbefc39000 	C:\Windows\System32\clbcatq.dll
0x00007ffbea8d0000 - 0x00007ffbeaa86000 	C:\Windows\SYSTEM32\WindowsCodecs.dll
0x00007ffbb59d0000 - 0x00007ffbb5a0e000 	C:\Windows\system32\dataexchange.dll
0x00007ffbe5910000 - 0x00007ffbe5b74000 	C:\Windows\system32\d3d11.dll
0x00007ffbe6080000 - 0x00007ffbe6264000 	C:\Windows\system32\dcomp.dll
0x00007ffbec270000 - 0x00007ffbec366000 	C:\Windows\system32\dxgi.dll
0x00007ffbe32a0000 - 0x00007ffbe34a3000 	C:\Windows\system32\twinapi.appcore.dll
0x00007ffbd9500000 - 0x00007ffbd95f9000 	C:\Windows\SYSTEM32\textinputframework.dll
0x00007ffbe6bb0000 - 0x00007ffbe6ca2000 	C:\Windows\System32\CoreMessaging.dll
0x00007ffbe6670000 - 0x00007ffbe69cb000 	C:\Windows\System32\CoreUIComponents.dll
0x00007ffbecc10000 - 0x00007ffbecc43000 	C:\Windows\SYSTEM32\ntmarta.dll
0x00007ffbe5ee0000 - 0x00007ffbe6037000 	C:\Windows\SYSTEM32\wintypes.dll
0x00007ffbccea0000 - 0x00007ffbccf06000 	C:\Windows\system32\Oleacc.dll
0x00007ffbecdc0000 - 0x00007ffbece8a000 	C:\Windows\SYSTEM32\DNSAPI.dll
0x00007ffbecd80000 - 0x00007ffbecdbb000 	C:\Windows\SYSTEM32\IPHLPAPI.DLL
0x00007ffbefed0000 - 0x00007ffbefed8000 	C:\Windows\System32\NSI.dll
0x00007ffbd9280000 - 0x00007ffbd928a000 	C:\Windows\System32\rasadhlp.dll
0x00007ffbd9ec0000 - 0x00007ffbd9f40000 	C:\Windows\System32\fwpuclnt.dll
0x00007ffbe4c00000 - 0x00007ffbe4c09000 	C:\Program Files\Java\jdk-23\bin\extnet.dll
0x00007ffbed2a0000 - 0x00007ffbed2b8000 	C:\Windows\SYSTEM32\CRYPTSP.dll
0x00007ffbec9c0000 - 0x00007ffbec9f8000 	C:\Windows\system32\rsaenh.dll
0x00007ffbed8d0000 - 0x00007ffbed8fe000 	C:\Windows\SYSTEM32\USERENV.dll
0x00007ffbed290000 - 0x00007ffbed29c000 	C:\Windows\SYSTEM32\CRYPTBASE.dll
0x00007ffbe6b60000 - 0x00007ffbe6b6e000 	C:\Program Files\Java\jdk-23\bin\sunmscapi.dll
0x00007ffbedf70000 - 0x00007ffbee0cd000 	C:\Windows\System32\CRYPT32.dll
0x00007ffbed410000 - 0x00007ffbed437000 	C:\Windows\SYSTEM32\ncrypt.dll
0x00007ffbed3d0000 - 0x00007ffbed40b000 	C:\Windows\SYSTEM32\NTASN1.dll
0x00007ffbe4c20000 - 0x00007ffbe4c4e000 	C:\Program Files\Java\jdk-23\bin\javajpeg.dll

dbghelp: loaded successfully - version: 4.0.5 - missing functions: none
symbol engine: initialized successfully - sym options: 0x614 - pdb path: .;C:\Program Files\Java\jdk-23\bin;C:\Windows\SYSTEM32;C:\Windows\WinSxS\amd64_microsoft.windows.common-controls_6595b64144ccf1df_6.0.19041.5915_none_60b4b9d171f9c7c7;C:\Program Files\Java\jdk-23\bin\server

VM Arguments:
jvm_args: -Dfile.encoding=UTF-8 --module-path=C:\Users\FC\OneDrive\Desktop\project-250\University Management System\build\classes 
java_command: university.management.system.Login
java_class_path (initial): C:\Users\FC\Downloads\mysql-connector-java-8.0.28.jar;C:\Users\FC\Downloads\rs2xml.jar;C:\Users\FC\Downloads;C:\Users\FC\Downloads\javax.mail-1.6.2.jar;C:\Users\FC\Downloads\activation-1.1.1.jar;C:\Users\FC\OneDrive\Desktop\project-250\University Management System\build\classes
Launcher Type: SUN_STANDARD

[Global flags]
     intx CICompilerCount                          = 3                                         {product} {ergonomic}
     uint ConcGCThreads                            = 1                                         {product} {ergonomic}
     uint G1ConcRefinementThreads                  = 4                                         {product} {ergonomic}
   size_t G1HeapRegionSize                         = 1048576                                   {product} {ergonomic}
   size_t InitialHeapSize                          = 134217728                                 {product} {ergonomic}
   size_t MarkStackSize                            = 4194304                                   {product} {ergonomic}
   size_t MarkStackSizeMax                         = 536870912                                 {product} {ergonomic}
   size_t MaxHeapSize                              = 2116026368                                {product} {ergonomic}
   size_t MaxNewSize                               = 1268776960                                {product} {ergonomic}
   size_t MinHeapDeltaBytes                        = 1048576                                   {product} {ergonomic}
   size_t MinHeapSize                              = 8388608                                   {product} {ergonomic}
    uintx NonNMethodCodeHeapSize                   = 5832704                                {pd product} {ergonomic}
    uintx NonProfiledCodeHeapSize                  = 122945536                              {pd product} {ergonomic}
    uintx ProfiledCodeHeapSize                     = 122880000                              {pd product} {ergonomic}
    uintx ReservedCodeCacheSize                    = 251658240                              {pd product} {ergonomic}
     bool SegmentedCodeCache                       = true                                      {product} {ergonomic}
   size_t SoftMaxHeapSize                          = 2116026368                             {manageable} {ergonomic}
     bool UseCompressedOops                        = true                           {product lp64_product} {ergonomic}
     bool UseG1GC                                  = true                                      {product} {ergonomic}
     bool UseLargePagesIndividualAllocation        = false                                  {pd product} {ergonomic}

Logging:
Log output configuration:
 #0: stdout all=warning uptime,level,tags foldmultilines=false
 #1: stderr all=off uptime,level,tags foldmultilines=false

Environment Variables:
JAVA_HOME=C:\Program Files\Java\jdk-23\bin
PATH=C:\Program Files\Python313\Scripts\;C:\Program Files\Python313\;C:\Program Files\Common Files\Oracle\Java\javapath;C:\Windows\system32;C:\Windows;C:\Windows\System32\Wbem;C:\Windows\System32\WindowsPowerShell\v1.0\;C:\Windows\System32\OpenSSH\;C:\Program Files\Java\jdk-23\bin;C:\MinGW\bin;C:\Program Files\Git\cmd;C:\Program Files\MySQL\MySQL Shell 8.0\bin\;c:\Users\FC\AppData\Local\Programs\cursor\resources\app\codeBin;C:\Users\FC\AppData\Local\Programs\Python\Launcher\;C:\Users\FC\AppData\Local\Microsoft\WindowsApps;C:\Users\FC\AppData\Local\Programs\Microsoft VS Code\bin;C:\Users\FC\AppData\Local\Programs\cursor\resources\app\bin
USERNAME=FC
OS=Windows_NT
PROCESSOR_IDENTIFIER=Intel64 Family 6 Model 78 Stepping 3, GenuineIntel
TMP=C:\Users\FC\AppData\Local\Temp
TEMP=C:\Users\FC\AppData\Local\Temp




Periodic native trim disabled

---------------  S Y S T E M  ---------------

OS:
 Windows 10 , 64 bit Build 19041 (10.0.19041.5915)
OS uptime: 5 days 23:13 hours

CPU: total 4 (initial active 4) (2 cores per cpu, 2 threads per core) family 6 model 78 stepping 3 microcode 0xf0, cx8, cmov, fxsr, ht, mmx, 3dnowpref, sse, sse2, sse3, ssse3, sse4.1, sse4.2, popcnt, lzcnt, tsc, tscinvbit, avx, avx2, aes, erms, clmul, bmi1, bmi2, rtm, adx, fma, vzeroupper, clflush, clflushopt, rdtscp, f16c
Processor Information for the first 4 processors :
  Max Mhz: 2496, Current Mhz: 1497, Mhz Limit: 2396

Memory: 4k page, system-wide physical 8071M (487M free)
TotalPageFile size 22990M (AvailPageFile size 508M)
current process WorkingSet (physical memory assigned to process): 26M, peak: 141M
current process commit charge ("private bytes"): 244M, peak: 258M

vm_info: Java HotSpot(TM) 64-Bit Server VM (23.0.1+11-39) for windows-amd64 JRE (23.0.1+11-39), built on 2024-09-30T07:20:43Z with MS VC++ 17.6 (VS2022)

END.
