#
# A fatal error has been detected by the Java Runtime Environment:
#
#  EXCEPTION_ACCESS_VIOLATION (0xc0000005) at pc=0x00007ffbb969b3c6, pid=6508, tid=2028
#
# JRE version: Java(TM) SE Runtime Environment (23.0.1+11) (build 23.0.1+11-39)
# Java VM: Java HotSpot(TM) 64-Bit Server VM (23.0.1+11-39, mixed mode, sharing, tiered, compressed oops, compressed class ptrs, g1 gc, windows-amd64)
# Problematic frame:
# C  [awt.dll+0xdb3c6]
#
# No core dump will be written. Minidumps are not enabled by default on client versions of Windows
#
# If you would like to submit a bug report, please visit:
#   https://bugreport.java.com/bugreport/crash.jsp
# The crash happened outside the Java Virtual Machine in native code.
# See problematic frame for where to report the bug.
#

---------------  S U M M A R Y ------------

Command Line: -Dfile.encoding=UTF-8 --module-path=C:\Users\FC\OneDrive\Desktop\project-250\University Management System\build\classes university.management.system.StudentDetails

Host: Intel(R) Core(TM) i5-6300U CPU @ 2.40GHz, 4 cores, 7G,  Windows 10 , 64 bit Build 19041 (10.0.19041.5915)
Time: Sat Sep 13 22:03:41 2025 Bangladesh Standard Time elapsed time: 8919.482169 seconds (0d 2h 28m 39s)

---------------  T H R E A D  ---------------

Current thread (0x000001e5cd8492d0):  JavaThread "AWT-EventQueue-0"        [_thread_in_native, id=2028, stack(0x0000001057600000,0x0000001057700000) (1024K)]

Stack: [0x0000001057600000,0x0000001057700000],  sp=0x00000010576febd0,  free space=1018k
Native frames: (J=compiled Java code, j=interpreted, Vv=VM code, C=native code)
C  [awt.dll+0xdb3c6]  (no source info available)
C  [awt.dll+0xdcc02]  (no source info available)
C  0x000001e5c0d2d207  (no source info available)

The last pc belongs to native method entry point (kind = native) (printed below).
Java frames: (J=compiled Java code, j=interpreted, Vv=VM code)
j  sun.awt.Win32GraphicsDevice.initNativeScale(I)V+0 java.desktop@23.0.1
j  sun.awt.Win32GraphicsDevice.initScaleFactors()V+60 java.desktop@23.0.1
j  sun.awt.Win32GraphicsDevice.displayChanged()V+16 java.desktop@23.0.1
j  sun.awt.Win32GraphicsEnvironment.displayChanged()V+271 java.desktop@23.0.1
j  sun.awt.windows.WToolkit.lambda$displayChanged$4()V+15 java.desktop@23.0.1
j  sun.awt.windows.WToolkit$$Lambda+0x000001e5cf200780.run()V+0 java.desktop@23.0.1
j  java.awt.event.InvocationEvent.dispatch()V+47 java.desktop@23.0.1
j  java.awt.EventQueue.dispatchEventImpl(Ljava/awt/AWTEvent;Ljava/lang/Object;)V+21 java.desktop@23.0.1
j  java.awt.EventQueue$4.run()Ljava/lang/Void;+32 java.desktop@23.0.1
j  java.awt.EventQueue$4.run()Ljava/lang/Object;+1 java.desktop@23.0.1
J 1845 c1 java.security.ProtectionDomain$JavaSecurityAccessImpl.doIntersectionPrivilege(Ljava/security/PrivilegedAction;Ljava/security/AccessControlContext;Ljava/security/AccessControlContext;)Ljava/lang/Object; java.base@23.0.1 (22 bytes) @ 0x000001e5b9a469dc [0x000001e5b9a46740+0x000000000000029c]
j  java.awt.EventQueue.dispatchEvent(Ljava/awt/AWTEvent;)V+46 java.desktop@23.0.1
j  java.awt.EventDispatchThread.pumpOneEventForFilters(I)V+81 java.desktop@23.0.1
j  java.awt.EventDispatchThread.pumpEventsForFilter(ILjava/awt/Conditional;Ljava/awt/EventFilter;)V+35 java.desktop@23.0.1
j  java.awt.EventDispatchThread.pumpEventsForHierarchy(ILjava/awt/Conditional;Ljava/awt/Component;)V+11 java.desktop@23.0.1
j  java.awt.EventDispatchThread.pumpEvents(ILjava/awt/Conditional;)V+4 java.desktop@23.0.1
j  java.awt.EventDispatchThread.pumpEvents(Ljava/awt/Conditional;)V+3 java.desktop@23.0.1
j  java.awt.EventDispatchThread.run()V+9 java.desktop@23.0.1
v  ~StubRoutines::call_stub 0x000001e5c0d20fcd

siginfo: EXCEPTION_ACCESS_VIOLATION (0xc0000005), reading address 0xffffffffffffffff


Registers:
RAX=0x006563616c706572, RBX=0x000001e6145ae5c0, RCX=0x006563616c706572, RDX=0x0000000000000000
RSP=0x00000010576febd0, RBP=0x00000010576fecb0, RSI=0x0000000000000000, RDI=0x0000000000000000
R8 =0x0000000000000001, R9 =0x00000000000000dd, R10=0x000001e5c0d2d1d8, R11=0x0000000000000100
R12=0x0000000000000000, R13=0x000001e60f26a480, R14=0x00000010576fecd8, R15=0x000001e5cd8492d0
RIP=0x00007ffbb969b3c6, EFLAGS=0x0000000000010202


Register to memory mapping:

RAX=0x006563616c706572 is an unknown value
RBX=0x000001e6145ae5c0 points into unknown readable memory: 0x000001e615132150 | 50 21 13 15 e6 01 00 00
RCX=0x006563616c706572 is an unknown value
RDX=0x0 is null
RSP=0x00000010576febd0 is pointing into the stack for thread: 0x000001e5cd8492d0
RBP=0x00000010576fecb0 is pointing into the stack for thread: 0x000001e5cd8492d0
RSI=0x0 is null
RDI=0x0 is null
R8 =0x0000000000000001 is an unknown value
R9 =0x00000000000000dd is an unknown value
R10=0x000001e5c0d2d1d8 is at code_begin+1016 in an Interpreter codelet
native method entry point (kind = native)  [0x000001e5c0d2cde0, 0x000001e5c0d2d938]  2904 bytes
R11=0x0000000000000100 is an unknown value
R12=0x0 is null
R13={method} {0x000001e60f26a488} 'initNativeScale' '(I)V' in 'sun/awt/Win32GraphicsDevice'
R14=0x00000010576fecd8 is pointing into the stack for thread: 0x000001e5cd8492d0
R15=0x000001e5cd8492d0 is a thread

Top of Stack: (sp=0x00000010576febd0)
0x00000010576febd0:   000001e60ff1a170 00007ffb8cd019ec
0x00000010576febe0:   000001e6145ae5c0 0000000000000000
0x00000010576febf0:   000001e6145ae5c0 00007ffbb969cc02
0x00000010576fec00:   00007ffbb96f9838 000001e60f26a480
0x00000010576fec10:   00000010576fecc0 000001e5cd2d59e0
0x00000010576fec20:   000001e5c0d2889a 000001e5c0d2d207
0x00000010576fec30:   000001e60f26a480 00000010576fed50
0x00000010576fec40:   000001e5cd8492d0 000001e5c0d2889a
0x00000010576fec50:   0000000000000000 00007ffb8d173c49
0x00000010576fec60:   00000010576feda0 fffffffffffffff7
0x00000010576fec70:   0000000000000000 0000000000000005
0x00000010576fec80:   000001e60f26db78 0000000000000000
0x00000010576fec90:   0000000081f5a0c8 000001e60f26a480
0x00000010576feca0:   0000000000000000 00000010576fecd0
0x00000010576fecb0:   00000010576fed28 000001e5c0d28700
0x00000010576fecc0:   0000000000000000 000001e5c0d2a5d7
0x00000010576fecd0:   0000000000000000 0000000081e36420
0x00000010576fece0:   fffffffffffffff7 000001e60f26aad4
0x00000010576fecf0:   0000000000000002 000001e60f26db78
0x00000010576fed00:   0000000000000000 0000000081f5a0c8
0x00000010576fed10:   000001e60f26ab20 fffffffffffffff5
0x00000010576fed20:   00000010576fed38 00000010576fed88
0x00000010576fed30:   000001e5c0d28700 0000000081e36420
0x00000010576fed40:   fffffffffffffff7 000001e60f26c398
0x00000010576fed50:   0000000000000003 000001e60f26db78
0x00000010576fed60:   0000000000000000 0000000081f5a0c8
0x00000010576fed70:   000001e60f26c3e0 fffffffffffffff6
0x00000010576fed80:   00000010576feda0 00000010576fedf0
0x00000010576fed90:   000001e5c0d28700 0000000000000000
0x00000010576feda0:   0000000081e36420 fffffffffffffff7
0x00000010576fedb0:   000001e60f1c464f 0000000000000008
0x00000010576fedc0:   000001e60f1c88d8 0000000000000000 

Instructions: (pc=0x00007ffbb969b3c6)
0x00007ffbb969b2c6:   11 45 d4 0f 11 45 e4 0f 11 45 f4 89 45 04 c7 45
0x00007ffbb969b2d6:   a0 68 00 00 00 0f 11 44 24 34 0f 11 44 24 44 0f
0x00007ffbb969b2e6:   11 44 24 54 0f 11 44 24 64 0f 11 44 24 74 0f 11
0x00007ffbb969b2f6:   45 84 89 45 94 c7 44 24 30 68 00 00 00 48 8d 55
0x00007ffbb969b306:   a0 49 8b ce ff 15 08 76 06 00 85 c0 74 41 48 8d
0x00007ffbb969b316:   54 24 30 48 8b ce ff 15 f6 75 06 00 85 c0 74 2f
0x00007ffbb969b326:   48 8d 54 24 34 48 8d 4d a4 ff 15 0b 75 06 00 85
0x00007ffbb969b336:   c0 74 1c 48 8d 54 24 44 48 8d 4d b4 ff 15 f8 74
0x00007ffbb969b346:   06 00 85 c0 74 09 8b 44 24 54 39 45 c4 74 11 ff
0x00007ffbb969b356:   c7 3b 7b 0c 0f 8c 40 ff ff ff 8b 3d 1a b0 06 00
0x00007ffbb969b366:   48 8b cb e8 f2 ca f4 ff 90 8b c7 48 8b 4d 10 48
0x00007ffbb969b376:   33 cc e8 93 01 01 00 4c 8d 9c 24 20 01 00 00 49
0x00007ffbb969b386:   8b 5b 28 49 8b 73 30 49 8b e3 41 5e 5f 5d c3 cc
0x00007ffbb969b396:   cc cc cc cc cc cc cc cc cc cc 48 8b 41 08 48 8b
0x00007ffbb969b3a6:   80 18 0c 00 00 c3 cc cc cc cc 48 8b 41 08 48 05
0x00007ffbb969b3b6:   00 04 00 00 c3 cc cc cc cc cc 40 53 48 83 ec 20
0x00007ffbb969b3c6:   83 79 50 00 48 8b d9 75 56 48 8b 49 28 4c 8d 44
0x00007ffbb969b3d6:   24 38 48 8d 54 24 30 c7 44 24 30 00 00 80 bf c7
0x00007ffbb969b3e6:   44 24 38 00 00 80 bf e8 1e e1 00 00 f3 0f 10 54
0x00007ffbb969b3f6:   24 30 0f 57 c0 0f 2f d0 76 25 f3 0f 10 4c 24 38
0x00007ffbb969b406:   0f 2f c8 76 1a f3 0f 5e 15 f9 a8 02 00 f3 0f 5e
0x00007ffbb969b416:   0d f1 a8 02 00 f3 0f 11 53 48 f3 0f 11 4b 4c 48
0x00007ffbb969b426:   83 c4 20 5b c3 cc cc cc cc cc 48 89 5c 24 10 48
0x00007ffbb969b436:   89 74 24 18 57 41 56 41 57 48 83 ec 40 48 8b d9
0x00007ffbb969b446:   48 83 79 18 00 75 14 b9 28 04 00 00 e8 19 97 00
0x00007ffbb969b456:   00 48 89 43 18 c7 00 28 00 00 00 48 8b 43 18 33
0x00007ffbb969b466:   ff 66 89 78 0e 48 8b 4b 28 e8 5c 03 00 00 48 8b
0x00007ffbb969b476:   f0 41 bf 01 00 00 00 45 8b c7 41 8b d7 48 8b c8
0x00007ffbb969b486:   ff 15 34 71 06 00 4c 8b f0 89 7c 24 30 48 8b 4b
0x00007ffbb969b496:   18 48 89 4c 24 28 48 89 7c 24 20 45 8b cf 45 33
0x00007ffbb969b4a6:   c0 48 8b d0 48 8b ce ff 15 2d 70 06 00 48 8b 53
0x00007ffbb969b4b6:   30 48 8b 0b 8b 05 c4 ae 06 00 83 79 04 08 0f 8e 


Stack slot to memory mapping:

stack at sp + 0 slots: 0x000001e60ff1a170 is pointing into metadata
stack at sp + 1 slots: 0x00007ffb8cd019ec jvm.dll
stack at sp + 2 slots: 0x000001e6145ae5c0 points into unknown readable memory: 0x000001e615132150 | 50 21 13 15 e6 01 00 00
stack at sp + 3 slots: 0x0 is null
stack at sp + 4 slots: 0x000001e6145ae5c0 points into unknown readable memory: 0x000001e615132150 | 50 21 13 15 e6 01 00 00
stack at sp + 5 slots: 0x00007ffbb969cc02 awt.dll
stack at sp + 6 slots: 0x00007ffbb96f9838 awt.dll
stack at sp + 7 slots: {method} {0x000001e60f26a488} 'initNativeScale' '(I)V' in 'sun/awt/Win32GraphicsDevice'

Lock stack of current Java thread (top to bottom):

native method entry point (kind = native)  [0x000001e5c0d2cde0, 0x000001e5c0d2d938]  2904 bytes
[MachCode]
  0x000001e5c0d2cde0: 488b 4b08 | 0fb7 492e | 584c 8d74 | ccf8 6800 | 0000 0068 | 0000 0000 | 5055 488b | ec41 5568 
  0x000001e5c0d2ce00: 0000 0000 | 4c8b 6b08 | 4d8d 6d38 | 5348 8b53 | 0848 8b52 | 0848 8b52 | 1848 8b52 | 7048 8b12 
  0x000001e5c0d2ce20: 5248 8b53 | 1048 85d2 | 0f84 0700 | 0000 4881 | c210 0100 | 0052 488b | 5308 488b | 5208 488b 
  0x000001e5c0d2ce40: 5210 5249 | 8bc6 482b | c548 c1e8 | 0350 6800 | 0000 0068 | f7ff ffff | 41c6 8771 | 0400 0001 
  0x000001e5c0d2ce60: 488b 4310 | 4885 c074 | 208b 88cc | 0000 0083 | c102 8988 | cc00 0000 | 2388 e000 | 0000 0f84 
  0x000001e5c0d2ce80: 000a 0000 | e9cf 0000 | 0048 8b43 | 1848 85c0 | 0f85 b000 | 0000 e805 | 0000 00e9 | 9900 0000 
  0x000001e5c0d2cea0: 488b d348 | 8d44 2408 | 4c89 6dc0 | 498b cfc5 | f877 4989 | afb0 0300 | 0049 8987 | a003 0000 
  0x000001e5c0d2cec0: 4883 ec20 | 40f6 c40f | 0f84 1900 | 0000 4883 | ec08 48b8 | 9026 eb8c | fb7f 0000 | ffd0 4883 
  0x000001e5c0d2cee0: c408 e90c | 0000 0048 | b890 26eb | 8cfb 7f00 | 00ff d048 | 83c4 2049 | c787 a003 | 0000 0000 
  0x000001e5c0d2cf00: 0000 49c7 | 87b0 0300 | 0000 0000 | 0049 c787 | a803 0000 | 0000 0000 | c5f8 7749 | 837f 0800 
  0x000001e5c0d2cf20: 0f84 0500 | 0000 e995 | 3fff ff4c | 8b6d c04c | 8b75 c84e | 8d74 f500 | c348 8b43 | 1848 85c0 
  0x000001e5c0d2cf40: 0f84 1200 | 0000 8b48 | 0883 c102 | 8948 0823 | 481c 0f84 | 2c09 0000 | 493b a7e8 | 0400 000f 
  0x000001e5c0d2cf60: 8748 0000 | 0089 8424 | 00f0 ffff | 8984 2400 | e0ff ff89 | 8424 00d0 | ffff 8984 | 2400 c0ff 
  0x000001e5c0d2cf80: ff89 8424 | 00b0 ffff | 8984 2400 | a0ff ff89 | 8424 0090 | ffff 8984 | 2400 80ff | ff49 3ba7 
  0x000001e5c0d2cfa0: e004 0000 | 7607 4989 | a7e8 0400 | 0041 c687 | 7104 0000 | 0049 ba41 | ad72 8dfb | 7f00 0041 
  0x000001e5c0d2cfc0: 803a 000f | 843e 0000 | 0048 8b55 | e849 8bcf | 4883 ec20 | 40f6 c40f | 0f84 1900 | 0000 4883 
  0x000001e5c0d2cfe0: ec08 48b8 | 10ee 228d | fb7f 0000 | ffd0 4883 | c408 e90c | 0000 0048 | b810 ee22 | 8dfb 7f00 
  0x000001e5c0d2d000: 00ff d048 | 83c4 2048 | 8b5d e84c | 8b5b 0845 | 0fb7 5b2e | 41c1 e303 | 492b e348 | 83ec 2048 
  0x000001e5c0d2d020: 83e4 f04c | 8b5b 604d | 85db 0f85 | ab00 0000 | e805 0000 | 00e9 9900 | 0000 488b | d348 8d44 
  0x000001e5c0d2d040: 2408 4c89 | 6dc0 498b | cfc5 f877 | 4989 afb0 | 0300 0049 | 8987 a003 | 0000 4883 | ec20 40f6 
  0x000001e5c0d2d060: c40f 0f84 | 1900 0000 | 4883 ec08 | 48b8 f04d | eb8c fb7f | 0000 ffd0 | 4883 c408 | e90c 0000 
  0x000001e5c0d2d080: 0048 b8f0 | 4deb 8cfb | 7f00 00ff | d048 83c4 | 2049 c787 | a003 0000 | 0000 0000 | 49c7 87b0 
  0x000001e5c0d2d0a0: 0300 0000 | 0000 0049 | c787 a803 | 0000 0000 | 0000 c5f8 | 7749 837f | 0800 0f84 | 0500 0000 
  0x000001e5c0d2d0c0: e9fb 3dff | ff4c 8b6d | c04c 8b75 | c84e 8d74 | f500 c348 | 8b5d e84c | 8b5b 6041 | ffd3 488b 
  0x000001e5c0d2d0e0: 5de8 4889 | 4518 448b | 5b28 41f6 | c308 0f84 | 1b00 0000 | 4c8b 5b08 | 4d8b 5b08 | 4d8b 5b18 
  0x000001e5c0d2d100: 4d8b 5b70 | 4d8b 1b4c | 895d 1048 | 8d55 1048 | 8b43 5849 | ba60 3c23 | 8dfb 7f00 | 0049 3bc2 
  0x000001e5c0d2d120: 0f85 ab00 | 0000 e805 | 0000 00e9 | 9900 0000 | 488b d348 | 8d44 2408 | 4c89 6dc0 | 498b cfc5 
  0x000001e5c0d2d140: f877 4989 | afb0 0300 | 0049 8987 | a003 0000 | 4883 ec20 | 40f6 c40f | 0f84 1900 | 0000 4883 
  0x000001e5c0d2d160: ec08 48b8 | f04d eb8c | fb7f 0000 | ffd0 4883 | c408 e90c | 0000 0048 | b8f0 4deb | 8cfb 7f00 
  0x000001e5c0d2d180: 00ff d048 | 83c4 2049 | c787 a003 | 0000 0000 | 0000 49c7 | 87b0 0300 | 0000 0000 | 0049 c787 
  0x000001e5c0d2d1a0: a803 0000 | 0000 0000 | c5f8 7749 | 837f 0800 | 0f84 0500 | 0000 e905 | 3dff ff4c | 8b6d c04c 
  0x000001e5c0d2d1c0: 8b75 c84e | 8d74 f500 | c348 8b5d | e848 8b43 | 5849 8d8f | c003 0000 | c5f8 7749 | 89af b003 
  0x000001e5c0d2d1e0: 0000 49ba | d8d1 d2c0 | e501 0000 | 4d89 97a8 | 0300 0049 | 89a7 a003 | 0000 41c7 | 8744 0400 
  0x000001e5c0d2d200: 0004 0000 | 00ff d0c5 | f877 4883 | ec10 c5fb | 1104 2448 | 83ec 1048 | 8904 2448 | c744 2408 
  0x000001e5c0d2d220: 0000 0000 | 41c7 8744 | 0400 0005 | 0000 00f0 | 8344 24c0 | 0049 3baf | 4804 0000 | 0f87 0e00 
  0x000001e5c0d2d240: 0000 4183 | bf40 0400 | 0000 0f84 | 2000 0000 | 498b cf4c | 8be4 4883 | ec20 4883 | e4f0 48b8 
  0x000001e5c0d2d260: 90a9 ec8c | fb7f 0000 | ffd0 498b | e44d 33e4 | 41c7 8744 | 0400 0008 | 0000 0049 | c787 a003 
  0x000001e5c0d2d280: 0000 0000 | 0000 49c7 | 87b0 0300 | 0000 0000 | 0049 c787 | a803 0000 | 0000 0000 | c5f8 774d 
  0x000001e5c0d2d2a0: 8b9f 3004 | 0000 41c7 | 8300 0100 | 0000 0000 | 0049 bbda | a5d2 c0e5 | 0100 004c | 3b5d 180f 
  0x000001e5c0d2d2c0: 8524 0200 | 0048 8b04 | 2448 83c4 | 1048 85c0 | 0f84 fe01 | 0000 a803 | 0f85 0800 | 0000 488b 
  0x000001e5c0d2d2e0: 00e9 ee01 | 0000 a801 | 0f85 0900 | 0000 488b | 40fe e9dd | 0100 0048 | 8b40 ff41 | 807f 3800 
  0x000001e5c0d2d300: 0f84 ce01 | 0000 4883 | f800 0f84 | c401 0000 | 4d8b 5f28 | 4983 fb00 | 0f84 1400 | 0000 4983 
  0x000001e5c0d2d320: eb08 4d89 | 5f28 4d03 | 5f30 4989 | 03e9 a201 | 0000 4881 | ecd0 0000 | 0048 8904 | 2448 894c 
  0x000001e5c0d2d340: 2408 4889 | 5424 1048 | 8974 2418 | 4889 7c24 | 204c 8944 | 2428 4c89 | 4c24 304c | 8954 2438 
  0x000001e5c0d2d360: 4c89 5c24 | 40c5 fb11 | 4424 50c5 | fb11 4c24 | 58c5 fb11 | 5424 60c5 | fb11 5c24 | 68c5 fb11 
  0x000001e5c0d2d380: 6424 70c5 | fb11 6c24 | 78c5 fb11 | b424 8000 | 0000 c5fb | 11bc 2488 | 0000 00c5 | 7b11 8424 
  0x000001e5c0d2d3a0: 9000 0000 | c57b 118c | 2498 0000 | 00c5 7b11 | 9424 a000 | 0000 c57b | 119c 24a8 | 0000 00c5 
  0x000001e5c0d2d3c0: 7b11 a424 | b000 0000 | c57b 11ac | 24b8 0000 | 00c5 7b11 | b424 c000 | 0000 c57b | 11bc 24c8 
  0x000001e5c0d2d3e0: 0000 0049 | 8bd7 488b | c848 83ec | 2040 f6c4 | 0f0f 8419 | 0000 0048 | 83ec 0848 | b8e0 07e0 
  0x000001e5c0d2d400: 8cfb 7f00 | 00ff d048 | 83c4 08e9 | 0c00 0000 | 48b8 e007 | e08c fb7f | 0000 ffd0 | 4883 c420 
  0x000001e5c0d2d420: c57b 10bc | 24c8 0000 | 00c5 7b10 | b424 c000 | 0000 c57b | 10ac 24b8 | 0000 00c5 | 7b10 a424 
  0x000001e5c0d2d440: b000 0000 | c57b 109c | 24a8 0000 | 00c5 7b10 | 9424 a000 | 0000 c57b | 108c 2498 | 0000 00c5 
  0x000001e5c0d2d460: 7b10 8424 | 9000 0000 | c5fb 10bc | 2488 0000 | 00c5 fb10 | b424 8000 | 0000 c5fb | 106c 2478 
  0x000001e5c0d2d480: c5fb 1064 | 2470 c5fb | 105c 2468 | c5fb 1054 | 2460 c5fb | 104c 2458 | c5fb 1044 | 2450 4c8b 
  0x000001e5c0d2d4a0: 5c24 404c | 8b54 2438 | 4c8b 4c24 | 304c 8b44 | 2428 488b | 7c24 2048 | 8b74 2418 | 488b 5424 
  0x000001e5c0d2d4c0: 1048 8b4c | 2408 488b | 0424 4881 | c4d0 0000 | 00c5 f877 | 4889 4510 | 4883 ec10 | 4889 0424 
  0x000001e5c0d2d4e0: 48c7 4424 | 0800 0000 | 0041 83bf | c804 0000 | 020f 85bf | 0000 0048 | 81ec 8000 | 0000 4889 
  0x000001e5c0d2d500: 4424 7848 | 894c 2470 | 4889 5424 | 6848 895c | 2460 4889 | 6c24 5048 | 8974 2448 | 4889 7c24 
  0x000001e5c0d2d520: 404c 8944 | 2438 4c89 | 4c24 304c | 8954 2428 | 4c89 5c24 | 204c 8964 | 2418 4c89 | 6c24 104c 
  0x000001e5c0d2d540: 8974 2408 | 4c89 3c24 | 4c8b e448 | 83ec 2048 | 83e4 f048 | b8c0 2223 | 8dfb 7f00 | 00ff d049 
  0x000001e5c0d2d560: 8be4 4c8b | 3c24 4c8b | 7424 084c | 8b6c 2410 | 4c8b 6424 | 184c 8b5c | 2420 4c8b | 5424 284c 
  0x000001e5c0d2d580: 8b4c 2430 | 4c8b 4424 | 3848 8b7c | 2440 488b | 7424 4848 | 8b6c 2450 | 488b 5c24 | 6048 8b54 
  0x000001e5c0d2d5a0: 2468 488b | 4c24 7048 | 8b44 2478 | 4881 c480 | 0000 004d | 33e4 488b | 5de8 4c8b | 6b08 4d8d 
  0x000001e5c0d2d5c0: 6d38 4983 | 7f08 000f | 84bb 0000 | 00e8 0500 | 0000 e996 | 0000 0048 | 8d44 2408 | 4c89 6dc0 
  0x000001e5c0d2d5e0: 498b cfc5 | f877 4989 | afb0 0300 | 0049 8987 | a003 0000 | 4883 ec20 | 40f6 c40f | 0f84 1900 
  0x000001e5c0d2d600: 0000 4883 | ec08 48b8 | 006c eb8c | fb7f 0000 | ffd0 4883 | c408 e90c | 0000 0048 | b800 6ceb 
  0x000001e5c0d2d620: 8cfb 7f00 | 00ff d048 | 83c4 2049 | c787 a003 | 0000 0000 | 0000 49c7 | 87b0 0300 | 0000 0000 
  0x000001e5c0d2d640: 0049 c787 | a803 0000 | 0000 0000 | c5f8 7749 | 837f 0800 | 0f84 0500 | 0000 e961 | 38ff ff4c 
  0x000001e5c0d2d660: 8b6d c04c | 8b75 c84e | 8d74 f500 | c348 b940 | d54a 8dfb | 7f00 0048 | 83e4 f048 | b870 4a11 
  0x000001e5c0d2d680: 8dfb 7f00 | 00ff d0f4 | 448b 5b28 | 41f6 c320 | 0f84 7901 | 0000 488d | 55a8 4c8b | 5a08 4d85 
  0x000001e5c0d2d6a0: db0f 85bb | 0000 00e8 | 0500 0000 | e996 0000 | 0048 8d44 | 2408 4c89 | 6dc0 498b | cfc5 f877 
  0x000001e5c0d2d6c0: 4989 afb0 | 0300 0049 | 8987 a003 | 0000 4883 | ec20 40f6 | c40f 0f84 | 1900 0000 | 4883 ec08 
  0x000001e5c0d2d6e0: 48b8 306b | eb8c fb7f | 0000 ffd0 | 4883 c408 | e90c 0000 | 0048 b830 | 6beb 8cfb | 7f00 00ff 
  0x000001e5c0d2d700: d048 83c4 | 2049 c787 | a003 0000 | 0000 0000 | 49c7 87b0 | 0300 0000 | 0000 0049 | c787 a803 
  0x000001e5c0d2d720: 0000 0000 | 0000 c5f8 | 7749 837f | 0800 0f84 | 0500 0000 | e987 37ff | ff4c 8b6d | c04c 8b75 
  0x000001e5c0d2d740: c84e 8d74 | f500 c348 | b940 d54a | 8dfb 7f00 | 0048 83e4 | f048 b870 | 4a11 8dfb | 7f00 00ff 
  0x000001e5c0d2d760: d0f4 4c89 | 6dc0 4c8b | 4a08 48c7 | 4208 0000 | 0000 458b | 8718 0600 | 004f 3b4c | 07f8 0f85 
  0x000001e5c0d2d780: 4900 0000 | 4183 af18 | 0600 0008 | 4f3b 4c07 | f00f 842a | 0000 0049 | 8b01 a802 | 0f85 1200 
  0x000001e5c0d2d7a0: 0000 4c8b | c049 83c8 | 01f0 4d0f | b101 0f84 | 0d00 0000 | 4183 8718 | 0600 0008 | e90c 0000 
  0x000001e5c0d2d7c0: 0049 ff8f | 5005 0000 | e93e 0000 | 004c 894a | 0848 8bca | 4883 ec20 | 40f6 c40f | 0f84 1900 
  0x000001e5c0d2d7e0: 0000 4883 | ec08 48b8 | f03d eb8c | fb7f 0000 | ffd0 4883 | c408 e90c | 0000 0048 | b8f0 3deb 
  0x000001e5c0d2d800: 8cfb 7f00 | 00ff d048 | 83c4 204c | 8b6d c049 | ba41 ad72 | 8dfb 7f00 | 0041 803a | 000f 843e 
  0x000001e5c0d2d820: 0000 0048 | 8b55 e849 | 8bcf 4883 | ec20 40f6 | c40f 0f84 | 1900 0000 | 4883 ec08 | 48b8 10ee 
  0x000001e5c0d2d840: 228d fb7f | 0000 ffd0 | 4883 c408 | e90c 0000 | 0048 b810 | ee22 8dfb | 7f00 00ff | d048 83c4 
  0x000001e5c0d2d860: 2048 8b04 | 2448 83c4 | 10c5 fb10 | 0424 4883 | c410 4c8b | 5d18 41ff | d34c 8b5d | f8c9 5f49 
  0x000001e5c0d2d880: 8be3 ffe7 | ba00 0000 | 00e8 0500 | 0000 e996 | 0000 0048 | 8d44 2408 | 4c89 6dc0 | 498b cfc5 
  0x000001e5c0d2d8a0: f877 4989 | afb0 0300 | 0049 8987 | a003 0000 | 4883 ec20 | 40f6 c40f | 0f84 1900 | 0000 4883 
  0x000001e5c0d2d8c0: ec08 48b8 | a031 eb8c | fb7f 0000 | ffd0 4883 | c408 e90c | 0000 0048 | b8a0 31eb | 8cfb 7f00 
  0x000001e5c0d2d8e0: 00ff d048 | 83c4 2049 | c787 a003 | 0000 0000 | 0000 49c7 | 87b0 0300 | 0000 0000 | 0049 c787 
  0x000001e5c0d2d900: a803 0000 | 0000 0000 | c5f8 7749 | 837f 0800 | 0f84 0500 | 0000 e9a5 | 35ff ff4c | 8b6d c04c 
  0x000001e5c0d2d920: 8b75 c84e | 8d74 f500 | c348 8b5d | e8e9 26f6 | ffff 660f | 1f44 0000 
[/MachCode]

Compiled method (c1) 8927937 1845       3       java.security.ProtectionDomain$JavaSecurityAccessImpl::doIntersectionPrivilege (22 bytes)
 total in heap  [0x000001e5b9a46588,0x000001e5b9a46d18] = 1936
 relocation     [0x000001e5b9a46660,0x000001e5b9a46730] = 208
 main code      [0x000001e5b9a46740,0x000001e5b9a46c68] = 1320
 stub code      [0x000001e5b9a46c68,0x000001e5b9a46cf8] = 144
 metadata       [0x000001e5b9a46cf8,0x000001e5b9a46d18] = 32
 immutable data [0x000001e614a112e0,0x000001e614a11508] = 552
 dependencies   [0x000001e614a112e0,0x000001e614a112f0] = 16
 nul chk table  [0x000001e614a112f0,0x000001e614a11300] = 16
 scopes pcs     [0x000001e614a11300,0x000001e614a11410] = 272
 scopes data    [0x000001e614a11410,0x000001e614a11508] = 248

[Constant Pool (empty)]

[MachCode]
[Instructions begin]
  0x000001e5b9a46740: 6666 660f | 1f84 0000 | 0000 0066 | 6666 9066 | 6690 448b | 5208 443b 

  0x000001e5b9a46758: ;   {runtime_call ic_miss_stub}
  0x000001e5b9a46758: 5008 0f85 | 807d 3207 
[Verified Entry Point]
  0x000001e5b9a46760: 8984 2400 | 80ff ff55 | 4881 eca0 | 0000 0090 | 4181 7f20 | 0100 0000 

  0x000001e5b9a46778: ;   {runtime_call StubRoutines (final stubs)}
  0x000001e5b9a46778: 7405 e8c1 

  0x000001e5b9a4677c: ;   {metadata(method data for {method} {0x000001e5ce233270} 'doIntersectionPrivilege' '(Ljava/security/PrivilegedAction;Ljava/security/AccessControlContext;Ljava/security/AccessControlContext;)Ljava/lang/Object;' in 'java/security/ProtectionDomain$JavaSecurityAccessImpl')}
  0x000001e5b9a4677c: 0f31 0748 | be08 61f0 | 0fe6 0100 | 008b 9ecc | 0000 0083 | c302 899e | cc00 0000 | 81e3 fe07 
  0x000001e5b9a4679c: 0000 85db | 0f84 ab03 | 0000 4d85 

  0x000001e5b9a467a8: ;   {metadata(method data for {method} {0x000001e5ce233270} 'doIntersectionPrivilege' '(Ljava/security/PrivilegedAction;Ljava/security/AccessControlContext;Ljava/security/AccessControlContext;)Ljava/lang/Object;' in 'java/security/ProtectionDomain$JavaSecurityAccessImpl')}
  0x000001e5b9a467a8: c048 ba08 | 61f0 0fe6 | 0100 00be | 2801 0000 | 7405 be18 | 0100 0048 | 8b1c 3248 | 8d5b 0148 
  0x000001e5b9a467c8: 891c 320f | 84e3 0200 | 004c 8944 

  0x000001e5b9a467d4: ;   {metadata(method data for {method} {0x000001e5ce233270} 'doIntersectionPrivilege' '(Ljava/security/PrivilegedAction;Ljava/security/AccessControlContext;Ljava/security/AccessControlContext;)Ljava/lang/Object;' in 'java/security/ProtectionDomain$JavaSecurityAccessImpl')}
  0x000001e5b9a467d4: 2460 48ba | 0861 f00f | e601 0000 | 4883 8248 | 0100 0001 | 488b d74d 

  0x000001e5b9a467ec: ;   {static_call}
  0x000001e5b9a467ec: 8bc1 90e8 

  0x000001e5b9a467f0: ; ImmutableOopMap {[96]=Oop }
                      ;*invokestatic getCombinedACC {reexecute=0 rethrow=0 return_oop=0}
                      ; - java.security.ProtectionDomain$JavaSecurityAccessImpl::doIntersectionPrivilege@15 (line 89)
  0x000001e5b9a467f0: ec06 0000 

  0x000001e5b9a467f4: ;   {other}
  0x000001e5b9a467f4: 0f1f 8400 | 6c02 0000 

  0x000001e5b9a467fc: ;   {metadata(method data for {method} {0x000001e5ce233270} 'doIntersectionPrivilege' '(Ljava/security/PrivilegedAction;Ljava/security/AccessControlContext;Ljava/security/AccessControlContext;)Ljava/lang/Object;' in 'java/security/ProtectionDomain$JavaSecurityAccessImpl')}
  0x000001e5b9a467fc: 48be 0861 | f00f e601 | 0000 4883 | 8658 0100 

  0x000001e5b9a4680c: ;   {metadata(method data for {method} {0x000001e5ce49b040} 'doPrivileged' '(Ljava/security/PrivilegedAction;Ljava/security/AccessControlContext;)Ljava/lang/Object;' in 'java/security/AccessController')}
  0x000001e5b9a4680c: 0001 48be | 785f f00f | e601 0000 | 8bbe cc00 | 0000 83c7 | 0289 becc | 0000 0081 | e7fe ff1f 
  0x000001e5b9a4682c: 0085 ff0f | 843d 0300 

  0x000001e5b9a46834: ;   {metadata(method data for {method} {0x000001e5ce49b040} 'doPrivileged' '(Ljava/security/PrivilegedAction;Ljava/security/AccessControlContext;)Ljava/lang/Object;' in 'java/security/AccessController')}
  0x000001e5b9a46834: 0048 be78 | 5ff0 0fe6 | 0100 0048 | 8386 1801 | 0000 0148 | 8944 2468 

  0x000001e5b9a4684c: ;   {static_call}
  0x000001e5b9a4684c: 6666 90e8 

  0x000001e5b9a46850: ; ImmutableOopMap {[96]=Oop [104]=Oop }
                      ;*invokestatic getCallerClass {reexecute=0 rethrow=0 return_oop=0}
                      ; - java.security.AccessController::doPrivileged@0 (line 398)
                      ; - java.security.ProtectionDomain$JavaSecurityAccessImpl::doIntersectionPrivilege@18 (line 87)
  0x000001e5b9a46850: 5cbd 8807 

  0x000001e5b9a46854: ;   {other}
  0x000001e5b9a46854: 0f1f 8400 | cc02 0001 | 4889 4424 

  0x000001e5b9a46860: ;   {metadata(method data for {method} {0x000001e5ce49b040} 'doPrivileged' '(Ljava/security/PrivilegedAction;Ljava/security/AccessControlContext;)Ljava/lang/Object;' in 'java/security/AccessController')}
  0x000001e5b9a46860: 7048 ba78 | 5ff0 0fe6 | 0100 0048 | 8382 2801 | 0000 0148 | 8b54 2468 | 4c8b c00f 

  0x000001e5b9a4687c: ;   {static_call}
  0x000001e5b9a4687c: 1f40 00e8 

  0x000001e5b9a46880: ; ImmutableOopMap {[96]=Oop [112]=Oop }
                      ;*invokestatic checkContext {reexecute=0 rethrow=0 return_oop=0}
                      ; - java.security.AccessController::doPrivileged@6 (line 399)
                      ; - java.security.ProtectionDomain$JavaSecurityAccessImpl::doIntersectionPrivilege@18 (line 87)
  0x000001e5b9a46880: 9cf4 ffff 

  0x000001e5b9a46884: ;   {other}
  0x000001e5b9a46884: 0f1f 8400 | fc02 0002 | 4889 4424 

  0x000001e5b9a46890: ;   {metadata(method data for {method} {0x000001e5ce49b040} 'doPrivileged' '(Ljava/security/PrivilegedAction;Ljava/security/AccessControlContext;)Ljava/lang/Object;' in 'java/security/AccessController')}
  0x000001e5b9a46890: 7848 ba78 | 5ff0 0fe6 | 0100 0048 | 8382 3801 

  0x000001e5b9a468a0: ;   {metadata(method data for {method} {0x000001e5ce49b2c8} 'executePrivileged' '(Ljava/security/PrivilegedAction;Ljava/security/AccessControlContext;Ljava/lang/Class;)Ljava/lang/Object;' in 'java/security/AccessController')}
  0x000001e5b9a468a0: 0000 0148 | ba70 9d12 | 0fe6 0100 | 008b b2cc | 0000 0083 | c602 89b2 | cc00 0000 | 81e6 feff 
  0x000001e5b9a468c0: 1f00 85f6 | 0f84 c902 | 0000 4885 

  0x000001e5b9a468cc: ;   {metadata(method data for {method} {0x000001e5ce49b2c8} 'executePrivileged' '(Ljava/security/PrivilegedAction;Ljava/security/AccessControlContext;Ljava/lang/Class;)Ljava/lang/Object;' in 'java/security/AccessController')}
  0x000001e5b9a468cc: c048 ba70 | 9d12 0fe6 | 0100 00be | 1801 0000 | 7405 be28 | 0100 0048 | 8b3c 3248 | 8d7f 0148 
  0x000001e5b9a468ec: 893c 320f | 8427 0000 

  0x000001e5b9a468f4: ;   {metadata(method data for {method} {0x000001e5ce49b2c8} 'executePrivileged' '(Ljava/security/PrivilegedAction;Ljava/security/AccessControlContext;Ljava/lang/Class;)Ljava/lang/Object;' in 'java/security/AccessController')}
  0x000001e5b9a468f4: 0048 ba70 | 9d12 0fe6 | 0100 0048 | 8382 3801 | 0000 0148 | 8bd0 0f1f 

  0x000001e5b9a4690c: ;   {static_call}
  0x000001e5b9a4690c: 4400 00e8 

  0x000001e5b9a46910: ; ImmutableOopMap {[96]=Oop [112]=Oop [120]=Oop }
                      ;*invokestatic ensureMaterializedForStackWalk {reexecute=0 rethrow=0 return_oop=0}
                      ; - java.security.AccessController::executePrivileged@5 (line 774)
                      ; - java.security.AccessController::doPrivileged@13 (line 400)
                      ; - java.security.ProtectionDomain$JavaSecurityAccessImpl::doIntersectionPrivilege@18 (line 87)
  0x000001e5b9a46910: 9cfb 8807 

  0x000001e5b9a46914: ;   {other}
  0x000001e5b9a46914: 0f1f 8400 | 8c03 0003 

  0x000001e5b9a4691c: ;   {metadata(method data for {method} {0x000001e5ce49b2c8} 'executePrivileged' '(Ljava/security/PrivilegedAction;Ljava/security/AccessControlContext;Ljava/lang/Class;)Ljava/lang/Object;' in 'java/security/AccessController')}
  0x000001e5b9a4691c: 48ba 709d | 120f e601 | 0000 ff82 | 4801 0000 | 4c8b 4424 | 6049 3b00 

  0x000001e5b9a46934: ;   {metadata(method data for {method} {0x000001e5ce49b2c8} 'executePrivileged' '(Ljava/security/PrivilegedAction;Ljava/security/AccessControlContext;Ljava/lang/Class;)Ljava/lang/Object;' in 'java/security/AccessController')}
  0x000001e5b9a46934: 498b d048 | be70 9d12 | 0fe6 0100 | 008b 5208 | 49ba 0000 | 00ce e501 | 0000 4903 | d248 3b96 
  0x000001e5b9a46954: b001 0000 | 750d 4883 | 86b8 0100 | 0001 e960 | 0000 0048 | 3b96 c001 | 0000 750d | 4883 86c8 
  0x000001e5b9a46974: 0100 0001 | e94a 0000 | 0048 83be | b001 0000 | 0075 1748 | 8996 b001 | 0000 48c7 | 86b8 0100 
  0x000001e5b9a46994: 0001 0000 | 00e9 2900 | 0000 4883 | bec0 0100 | 0000 7517 | 4889 96c0 | 0100 0048 | c786 c801 
  0x000001e5b9a469b4: 0000 0100 | 0000 e908 | 0000 0048 | 8386 a801 | 0000 0149 | 8bd0 6666 | 9048 b840 | e7d7 14e6 
  0x000001e5b9a469d4: ;   {virtual_call}
  0x000001e5b9a469d4: 0100 00e8 

  0x000001e5b9a469d8: ; ImmutableOopMap {[112]=Oop [120]=Oop }
                      ;*invokeinterface run {reexecute=0 rethrow=0 return_oop=0}
                      ; - java.security.AccessController::executePrivileged@29 (line 778)
                      ; - java.security.AccessController::doPrivileged@13 (line 400)
                      ; - java.security.ProtectionDomain$JavaSecurityAccessImpl::doIntersectionPrivilege@18 (line 87)
  0x000001e5b9a469d8: b4c6 3f07 

  0x000001e5b9a469dc: ;   {other}
  0x000001e5b9a469dc: 0f1f 8400 | 5404 0004 

  0x000001e5b9a469e4: ;   {metadata(method data for {method} {0x000001e5ce49b2c8} 'executePrivileged' '(Ljava/security/PrivilegedAction;Ljava/security/AccessControlContext;Ljava/lang/Class;)Ljava/lang/Object;' in 'java/security/AccessController')}
  0x000001e5b9a469e4: 48ba 709d | 120f e601 | 0000 ff82 | d801 0000 

  0x000001e5b9a469f4: ;   {metadata(method data for {method} {0x000001e5ce49b2c8} 'executePrivileged' '(Ljava/security/PrivilegedAction;Ljava/security/AccessControlContext;Ljava/lang/Class;)Ljava/lang/Object;' in 'java/security/AccessController')}
  0x000001e5b9a469f4: 48ba 709d | 120f e601 | 0000 4883 | 8238 0200 | 0001 488b | d048 8984 | 2480 0000 | 0066 0f1f 
  0x000001e5b9a46a14: ;   {static_call}
  0x000001e5b9a46a14: 4400 00e8 

  0x000001e5b9a46a18: ; ImmutableOopMap {[112]=Oop [120]=Oop [128]=Oop }
                      ;*invokestatic ensureMaterializedForStackWalk {reexecute=0 rethrow=0 return_oop=0}
                      ; - java.security.AccessController::executePrivileged@56 (line 786)
                      ; - java.security.AccessController::doPrivileged@13 (line 400)
                      ; - java.security.ProtectionDomain$JavaSecurityAccessImpl::doIntersectionPrivilege@18 (line 87)
  0x000001e5b9a46a18: 94fa 8807 

  0x000001e5b9a46a1c: ;   {other}
  0x000001e5b9a46a1c: 0f1f 8400 | 9404 0005 

  0x000001e5b9a46a24: ;   {metadata(method data for {method} {0x000001e5ce49b2c8} 'executePrivileged' '(Ljava/security/PrivilegedAction;Ljava/security/AccessControlContext;Ljava/lang/Class;)Ljava/lang/Object;' in 'java/security/AccessController')}
  0x000001e5b9a46a24: 48b8 709d | 120f e601 | 0000 4883 | 8048 0200 

  0x000001e5b9a46a34: ;   {metadata(method data for {method} {0x000001e5ce1957a0} 'reachabilityFence' '(Ljava/lang/Object;)V' in 'java/lang/ref/Reference')}
  0x000001e5b9a46a34: 0001 48b8 | d8c7 0f0f | e601 0000 | 8b90 cc00 | 0000 83c2 | 0289 90cc | 0000 0081 | e2fe ff1f 
  0x000001e5b9a46a54: 0085 d20f | 845c 0100 

  0x000001e5b9a46a5c: ;   {metadata(method data for {method} {0x000001e5ce49b2c8} 'executePrivileged' '(Ljava/security/PrivilegedAction;Ljava/security/AccessControlContext;Ljava/lang/Class;)Ljava/lang/Object;' in 'java/security/AccessController')}
  0x000001e5b9a46a5c: 0048 b870 | 9d12 0fe6 | 0100 0048 | 8380 5802 

  0x000001e5b9a46a6c: ;   {metadata(method data for {method} {0x000001e5ce1957a0} 'reachabilityFence' '(Ljava/lang/Object;)V' in 'java/lang/ref/Reference')}
  0x000001e5b9a46a6c: 0000 0148 | b8d8 c70f | 0fe6 0100 | 008b 90cc | 0000 0083 | c202 8990 | cc00 0000 | 81e2 feff 
  0x000001e5b9a46a8c: 1f00 85d2 | 0f84 4401 | 0000 488b | 8424 8000 | 0000 4881 | c4a0 0000 

  0x000001e5b9a46aa4: ;   {poll_return}
  0x000001e5b9a46aa4: 005d 493b | a748 0400 | 000f 8748 | 0100 00c3 | 0f1f 4000 

  0x000001e5b9a46ab8: ;   {no_reloc}
  0x000001e5b9a46ab8: e963 0100 | 0000 0000 | 0000 498b | 87b8 0100 | 0048 8d78 | 3049 3bbf | c801 0000 | 0f87 5001 
  0x000001e5b9a46ad8: 0000 4989 | bfb8 0100 | 0048 c700 | 0100 0000 | 488b ca49 | ba00 0000 | cee5 0100 | 0049 2bca 
  0x000001e5b9a46af8: 8948 0848 | 33c9 8948 | 0c48 33c9 | 4889 4810 | 4889 4818 | 4889 4820 | 4889 4828 

  0x000001e5b9a46b14: ;   {metadata(method data for {method} {0x000001e5ce233270} 'doIntersectionPrivilege' '(Ljava/security/PrivilegedAction;Ljava/security/AccessControlContext;Ljava/security/AccessControlContext;)Ljava/lang/Object;' in 'java/security/ProtectionDomain$JavaSecurityAccessImpl')}
  0x000001e5b9a46b14: 488b d048 | be08 61f0 | 0fe6 0100 | 0048 8386 | 3801 0000 | 0148 8bd0 | 4889 8424 | 8800 0000 
  0x000001e5b9a46b34: ;   {optimized virtual_call}
  0x000001e5b9a46b34: 6666 90e8 

  0x000001e5b9a46b38: ; ImmutableOopMap {[136]=Oop }
                      ;*invokespecial <init> {reexecute=0 rethrow=0 return_oop=0}
                      ; - java.security.ProtectionDomain$JavaSecurityAccessImpl::doIntersectionPrivilege@8 (line 84)
  0x000001e5b9a46b38: a47c 3207 

  0x000001e5b9a46b3c: ;   {other}
  0x000001e5b9a46b3c: 0f1f 8400 | b405 0006 | 488b 8424 | 8800 0000 | e903 0100 

  0x000001e5b9a46b50: ;   {metadata({method} {0x000001e5ce233270} 'doIntersectionPrivilege' '(Ljava/security/PrivilegedAction;Ljava/security/AccessControlContext;Ljava/security/AccessControlContext;)Ljava/lang/Object;' in 'java/security/ProtectionDomain$JavaSecurityAccessImpl')}
  0x000001e5b9a46b50: 0049 ba68 | 3223 cee5 | 0100 004c | 8954 2408 | 48c7 0424 | ffff ffff 

  0x000001e5b9a46b68: ;   {runtime_call counter_overflow Runtime1 stub}
  0x000001e5b9a46b68: e8f3 273f 

  0x000001e5b9a46b6c: ; ImmutableOopMap {rdx=Oop r8=Oop r9=Oop rdi=Oop }
                      ;*synchronization entry
                      ; - java.security.ProtectionDomain$JavaSecurityAccessImpl::doIntersectionPrivilege@-1 (line 83)
  0x000001e5b9a46b6c: 07e9 34fc 

  0x000001e5b9a46b70: ;   {metadata({method} {0x000001e5ce49b040} 'doPrivileged' '(Ljava/security/PrivilegedAction;Ljava/security/AccessControlContext;)Ljava/lang/Object;' in 'java/security/AccessController')}
  0x000001e5b9a46b70: ffff 49ba | 38b0 49ce | e501 0000 | 4c89 5424 | 0848 c704 | 24ff ffff 

  0x000001e5b9a46b88: ;   {runtime_call counter_overflow Runtime1 stub}
  0x000001e5b9a46b88: ffe8 d227 

  0x000001e5b9a46b8c: ; ImmutableOopMap {rax=Oop [96]=Oop }
                      ;*synchronization entry
                      ; - java.security.AccessController::doPrivileged@-1 (line 398)
                      ; - java.security.ProtectionDomain$JavaSecurityAccessImpl::doIntersectionPrivilege@18 (line 87)
  0x000001e5b9a46b8c: 3f07 e9a2 

  0x000001e5b9a46b90: ;   {metadata({method} {0x000001e5ce49b2c8} 'executePrivileged' '(Ljava/security/PrivilegedAction;Ljava/security/AccessControlContext;Ljava/lang/Class;)Ljava/lang/Object;' in 'java/security/AccessController')}
  0x000001e5b9a46b90: fcff ff49 | bac0 b249 | cee5 0100 | 004c 8954 | 2408 48c7 | 0424 ffff 

  0x000001e5b9a46ba8: ;   {runtime_call counter_overflow Runtime1 stub}
  0x000001e5b9a46ba8: ffff e8b1 

  0x000001e5b9a46bac: ; ImmutableOopMap {rax=Oop [96]=Oop [112]=Oop [120]=Oop }
                      ;*synchronization entry
                      ; - java.security.AccessController::executePrivileged@-1 (line 773)
                      ; - java.security.AccessController::doPrivileged@13 (line 400)
                      ; - java.security.ProtectionDomain$JavaSecurityAccessImpl::doIntersectionPrivilege@18 (line 87)
  0x000001e5b9a46bac: 273f 07e9 | 16fd ffff 

  0x000001e5b9a46bb4: ;   {runtime_call throw_null_pointer_exception Runtime1 stub}
  0x000001e5b9a46bb4: e8a7 9f3e 

  0x000001e5b9a46bb8: ; ImmutableOopMap {r8=Oop [112]=Oop [120]=Oop }
                      ;*invokeinterface run {reexecute=0 rethrow=0 return_oop=0}
                      ; - java.security.AccessController::executePrivileged@29 (line 778)
                      ; - java.security.AccessController::doPrivileged@13 (line 400)
                      ; - java.security.ProtectionDomain$JavaSecurityAccessImpl::doIntersectionPrivilege@18 (line 87)
                      ;   {metadata({method} {0x000001e5ce1957a0} 'reachabilityFence' '(Ljava/lang/Object;)V' in 'java/lang/ref/Reference')}
  0x000001e5b9a46bb8: 0749 ba98 | 5719 cee5 | 0100 004c | 8954 2408 | 48c7 0424 | ffff ffff 

  0x000001e5b9a46bd0: ;   {runtime_call counter_overflow Runtime1 stub}
  0x000001e5b9a46bd0: e88b 273f 

  0x000001e5b9a46bd4: ; ImmutableOopMap {[112]=Oop [128]=Oop }
                      ;*synchronization entry
                      ; - java.lang.ref.Reference::reachabilityFence@-1 (line 661)
                      ; - java.security.AccessController::executePrivileged@60 (line 790)
                      ; - java.security.AccessController::doPrivileged@13 (line 400)
                      ; - java.security.ProtectionDomain$JavaSecurityAccessImpl::doIntersectionPrivilege@18 (line 87)
  0x000001e5b9a46bd4: 07e9 83fe 

  0x000001e5b9a46bd8: ;   {metadata({method} {0x000001e5ce1957a0} 'reachabilityFence' '(Ljava/lang/Object;)V' in 'java/lang/ref/Reference')}
  0x000001e5b9a46bd8: ffff 49ba | 9857 19ce | e501 0000 | 4c89 5424 | 0848 c704 | 24ff ffff 

  0x000001e5b9a46bf0: ;   {runtime_call counter_overflow Runtime1 stub}
  0x000001e5b9a46bf0: ffe8 6a27 

  0x000001e5b9a46bf4: ; ImmutableOopMap {[128]=Oop }
                      ;*synchronization entry
                      ; - java.lang.ref.Reference::reachabilityFence@-1 (line 661)
                      ; - java.security.AccessController::executePrivileged@64 (line 791)
                      ; - java.security.AccessController::doPrivileged@13 (line 400)
                      ; - java.security.ProtectionDomain$JavaSecurityAccessImpl::doIntersectionPrivilege@18 (line 87)
  0x000001e5b9a46bf4: 3f07 e99b 

  0x000001e5b9a46bf8: ;   {internal_word}
  0x000001e5b9a46bf8: feff ff49 | baa6 6aa4 | b9e5 0100 | 004d 8997 | 6004 0000 

  0x000001e5b9a46c0c: ;   {runtime_call SafepointBlob}
  0x000001e5b9a46c0c: e9cf e732 

  0x000001e5b9a46c10: ;   {metadata(nullptr)}
  0x000001e5b9a46c10: 0748 ba00 | 0000 0000 | 0000 00b8 | 000f 050a 

  0x000001e5b9a46c20: ;   {runtime_call load_klass_patching Runtime1 stub}
  0x000001e5b9a46c20: e8bb 113f 

  0x000001e5b9a46c24: ; ImmutableOopMap {}
                      ;*new {reexecute=1 rethrow=0 return_oop=0}
                      ; - (reexecute) java.security.ProtectionDomain$JavaSecurityAccessImpl::doIntersectionPrivilege@4 (line 84)
  0x000001e5b9a46c24: 07e9 8efe | ffff 488b 

  0x000001e5b9a46c2c: ;   {runtime_call fast_new_instance Runtime1 stub}
  0x000001e5b9a46c2c: d2e8 2eba 

  0x000001e5b9a46c30: ; ImmutableOopMap {}
                      ;*new {reexecute=0 rethrow=0 return_oop=0}
                      ; - java.security.ProtectionDomain$JavaSecurityAccessImpl::doIntersectionPrivilege@4 (line 84)
  0x000001e5b9a46c30: 3e07 e9dd | feff ff49 | 8b87 0005 | 0000 49c7 | 8700 0500 | 0000 0000 | 0049 c787 | 0805 0000 
  0x000001e5b9a46c50: 0000 0000 | 4881 c4a0 | 0000 005d 

  0x000001e5b9a46c5c: ;   {runtime_call unwind_exception Runtime1 stub}
  0x000001e5b9a46c5c: e97f 8b3e | 07f4 f4f4 | f4f4 f4f4 
[Stub Code]
  0x000001e5b9a46c68: ;   {no_reloc}
  0x000001e5b9a46c68: 0f1f 4400 

  0x000001e5b9a46c6c: ;   {static_stub}
  0x000001e5b9a46c6c: 0048 bb00 | 0000 0000 

  0x000001e5b9a46c74: ;   {runtime_call nmethod}
  0x000001e5b9a46c74: 0000 00e9 | fbff ffff 

  0x000001e5b9a46c7c: ;   {static_stub}
  0x000001e5b9a46c7c: 48bb 0000 | 0000 0000 

  0x000001e5b9a46c84: ;   {runtime_call nmethod}
  0x000001e5b9a46c84: 0000 e9fb 

  0x000001e5b9a46c88: ;   {static_stub}
  0x000001e5b9a46c88: ffff ff48 | bb00 0000 | 0000 0000 

  0x000001e5b9a46c94: ;   {runtime_call nmethod}
  0x000001e5b9a46c94: 00e9 fbff 

  0x000001e5b9a46c98: ;   {static_stub}
  0x000001e5b9a46c98: ffff 48bb | 0000 0000 | 0000 0000 

  0x000001e5b9a46ca4: ;   {runtime_call nmethod}
  0x000001e5b9a46ca4: e9fb ffff 

  0x000001e5b9a46ca8: ;   {static_stub}
  0x000001e5b9a46ca8: ff48 bb00 | 0000 0000 

  0x000001e5b9a46cb0: ;   {runtime_call nmethod}
  0x000001e5b9a46cb0: 0000 00e9 | fbff ffff 

  0x000001e5b9a46cb8: ;   {static_stub}
  0x000001e5b9a46cb8: 48bb 0000 | 0000 0000 

  0x000001e5b9a46cc0: ;   {runtime_call nmethod}
  0x000001e5b9a46cc0: 0000 e9fb 

  0x000001e5b9a46cc4: ;   {runtime_call handle_exception_from_callee Runtime1 stub}
  0x000001e5b9a46cc4: ffff ffe8 | 14e5 3e07 

  0x000001e5b9a46ccc: ;   {external_word}
  0x000001e5b9a46ccc: 48b9 40d5 | 4a8d fb7f | 0000 4883 

  0x000001e5b9a46cd8: ;   {runtime_call}
  0x000001e5b9a46cd8: e4f0 48b8 | 704a 118d | fb7f 0000 

  0x000001e5b9a46ce4: ;   {section_word}
  0x000001e5b9a46ce4: ffd0 f449 | bae7 6ca4 | b9e5 0100 

  0x000001e5b9a46cf0: ;   {runtime_call DeoptimizationBlob}
  0x000001e5b9a46cf0: 0041 52e9 | 88d9 3207 
[/MachCode]


---------------  P R O C E S S  ---------------

Threads class SMR info:
_java_thread_list=0x000001e614d7caf0, length=17, elements={
0x000001e5aee6adc0, 0x000001e5aee6c170, 0x000001e5aee6bae0, 0x000001e5aee6e240,
0x000001e5aee6dbb0, 0x000001e5aee6c800, 0x000001e5cd4500e0, 0x000001e5cd456bb0,
0x000001e5aee6d520, 0x000001e5aee6b450, 0x000001e5cd84a680, 0x000001e5cd84c0c0,
0x000001e5cd849960, 0x000001e5cd8492d0, 0x000001e5cd84b3a0, 0x000001e5cd84ad10,
0x000001e5cd849ff0
}

Java Threads: ( => current thread )
  0x000001e5aee6adc0 JavaThread "Reference Handler"          daemon [_thread_blocked, id=6040, stack(0x0000001056800000,0x0000001056900000) (1024K)]
  0x000001e5aee6c170 JavaThread "Finalizer"                  daemon [_thread_blocked, id=11268, stack(0x0000001056900000,0x0000001056a00000) (1024K)]
  0x000001e5aee6bae0 JavaThread "Signal Dispatcher"          daemon [_thread_blocked, id=11932, stack(0x0000001056a00000,0x0000001056b00000) (1024K)]
  0x000001e5aee6e240 JavaThread "Attach Listener"            daemon [_thread_blocked, id=19388, stack(0x0000001056b00000,0x0000001056c00000) (1024K)]
  0x000001e5aee6dbb0 JavaThread "Service Thread"             daemon [_thread_blocked, id=10104, stack(0x0000001056c00000,0x0000001056d00000) (1024K)]
  0x000001e5aee6c800 JavaThread "Monitor Deflation Thread"   daemon [_thread_blocked, id=15488, stack(0x0000001056d00000,0x0000001056e00000) (1024K)]
  0x000001e5cd4500e0 JavaThread "C2 CompilerThread0"         daemon [_thread_blocked, id=4316, stack(0x0000001056e00000,0x0000001056f00000) (1024K)]
  0x000001e5cd456bb0 JavaThread "C1 CompilerThread0"         daemon [_thread_blocked, id=17056, stack(0x0000001056f00000,0x0000001057000000) (1024K)]
  0x000001e5aee6d520 JavaThread "Common-Cleaner"             daemon [_thread_blocked, id=15020, stack(0x0000001057000000,0x0000001057100000) (1024K)]
  0x000001e5aee6b450 JavaThread "Notification Thread"        daemon [_thread_blocked, id=11504, stack(0x0000001057100000,0x0000001057200000) (1024K)]
  0x000001e5cd84a680 JavaThread "Java2D Disposer"            daemon [_thread_blocked, id=19316, stack(0x0000001057300000,0x0000001057400000) (1024K)]
  0x000001e5cd84c0c0 JavaThread "AWT-Shutdown"                      [_thread_blocked, id=13708, stack(0x0000001057400000,0x0000001057500000) (1024K)]
  0x000001e5cd849960 JavaThread "AWT-Windows"                daemon [_thread_in_native, id=19448, stack(0x0000001057500000,0x0000001057600000) (1024K)]
=>0x000001e5cd8492d0 JavaThread "AWT-EventQueue-0"                  [_thread_in_native, id=2028, stack(0x0000001057600000,0x0000001057700000) (1024K)]
  0x000001e5cd84b3a0 JavaThread "mysql-cj-abandoned-connection-cleanup" daemon [_thread_blocked, id=12104, stack(0x0000001057700000,0x0000001057800000) (1024K)]
  0x000001e5cd84ad10 JavaThread "DestroyJavaVM"                     [_thread_blocked, id=18588, stack(0x0000001056000000,0x0000001056100000) (1024K)]
  0x000001e5cd849ff0 JavaThread "TimerQueue"                 daemon [_thread_blocked, id=1324, stack(0x0000001057200000,0x0000001057300000) (1024K)]
Total: 17

Other Threads:
  0x000001e5cd428a70 VMThread "VM Thread"                           [id=5556, stack(0x0000001056700000,0x0000001056800000) (1024K)]
  0x000001e5cd4175a0 WatcherThread "VM Periodic Task Thread"        [id=14368, stack(0x0000001056600000,0x0000001056700000) (1024K)]
  0x000001e5b1107380 WorkerThread "GC Thread#0"                     [id=10724, stack(0x0000001056100000,0x0000001056200000) (1024K)]
  0x000001e614836c90 WorkerThread "GC Thread#1"                     [id=13304, stack(0x0000001057800000,0x0000001057900000) (1024K)]
  0x000001e614837040 WorkerThread "GC Thread#2"                     [id=13436, stack(0x0000001057900000,0x0000001057a00000) (1024K)]
  0x000001e6148373f0 WorkerThread "GC Thread#3"                     [id=14296, stack(0x0000001057a00000,0x0000001057b00000) (1024K)]
  0x000001e5b111c0d0 ConcurrentGCThread "G1 Main Marker"            [id=2876, stack(0x0000001056200000,0x0000001056300000) (1024K)]
  0x000001e5b111d380 WorkerThread "G1 Conc#0"                       [id=9744, stack(0x0000001056300000,0x0000001056400000) (1024K)]
  0x000001e5cd2da500 ConcurrentGCThread "G1 Refine#0"               [id=18100, stack(0x0000001056400000,0x0000001056500000) (1024K)]
  0x000001e5cd2dae90 ConcurrentGCThread "G1 Service"                [id=6572, stack(0x0000001056500000,0x0000001056600000) (1024K)]
Total: 10

Threads with active compile tasks:
Total: 0

VM state: not at safepoint (normal execution)

VM Mutex/Monitor currently owned by a thread: None

Heap address: 0x0000000081e00000, size: 2018 MB, Compressed Oops mode: 32-bit

CDS archive(s) mapped at: [0x000001e5ce000000-0x000001e5ced70000-0x000001e5ced70000), size 14090240, SharedBaseAddress: 0x000001e5ce000000, ArchiveRelocationMode: 1.
Compressed class space mapped at: 0x000001e5cf000000-0x000001e60f000000, reserved size: 1073741824
Narrow klass base: 0x000001e5ce000000, Narrow klass shift: 0, Narrow klass range: 0x41000000

GC Precious Log:
 CardTable entry size: 512
 Card Set container configuration: InlinePtr #cards 5 size 8 Array Of Cards #cards 10 size 36 Howl #buckets 4 coarsen threshold 1843 Howl Bitmap #cards 512 size 80 coarsen threshold 460 Card regions per heap region 1 cards per card region 2048
 CPUs: 4 total, 4 available
 Memory: 8071M
 Large Page Support: Disabled
 NUMA Support: Disabled
 Compressed Oops: Enabled (32-bit)
 Heap Region Size: 1M
 Heap Min Capacity: 8M
 Heap Initial Capacity: 128M
 Heap Max Capacity: 2018M
 Pre-touch: Disabled
 Parallel Workers: 4
 Concurrent Workers: 1
 Concurrent Refinement Workers: 4
 Periodic GC: Disabled

Heap:
 garbage-first heap   total reserved 2066432K, committed 131072K, used 14217K [0x0000000081e00000, 0x0000000100000000)
  region size 1024K, 9 young (9216K), 2 survivors (2048K)
 Metaspace       used 17398K, committed 17600K, reserved 1114112K
  class space    used 1998K, committed 2112K, reserved 1048576K

Heap Regions: E=young(eden), S=young(survivor), O=old, HS=humongous(starts), HC=humongous(continues), CS=collection set, F=free, TAMS=top-at-mark-start, PB=parsable bottom
|   0|0x0000000081e00000, 0x0000000081f00000, 0x0000000081f00000|100%| O|  |TAMS 0x0000000081e00000| PB 0x0000000081e00000| Untracked |  0
|   1|0x0000000081f00000, 0x0000000081fe26a0, 0x0000000082000000| 88%| O|  |TAMS 0x0000000081f00000| PB 0x0000000081f00000| Untracked |  0
|   2|0x0000000082000000, 0x0000000082100000, 0x0000000082100000|100%|HS|  |TAMS 0x0000000082000000| PB 0x0000000082000000| Complete |  0
|   3|0x0000000082100000, 0x0000000082200000, 0x0000000082200000|100%|HC|  |TAMS 0x0000000082100000| PB 0x0000000082100000| Complete |  0
|   4|0x0000000082200000, 0x0000000082300000, 0x0000000082300000|100%|HC|  |TAMS 0x0000000082200000| PB 0x0000000082200000| Complete |  0
|   5|0x0000000082300000, 0x0000000082400000, 0x0000000082400000|100%|HC|  |TAMS 0x0000000082300000| PB 0x0000000082300000| Complete |  0
|   6|0x0000000082400000, 0x0000000082400000, 0x0000000082500000|  0%| F|  |TAMS 0x0000000082400000| PB 0x0000000082400000| Untracked |  0
|   7|0x0000000082500000, 0x0000000082500000, 0x0000000082600000|  0%| F|  |TAMS 0x0000000082500000| PB 0x0000000082500000| Untracked |  0
|   8|0x0000000082600000, 0x0000000082600000, 0x0000000082700000|  0%| F|  |TAMS 0x0000000082600000| PB 0x0000000082600000| Untracked |  0
|   9|0x0000000082700000, 0x0000000082700000, 0x0000000082800000|  0%| F|  |TAMS 0x0000000082700000| PB 0x0000000082700000| Untracked |  0
|  10|0x0000000082800000, 0x0000000082800000, 0x0000000082900000|  0%| F|  |TAMS 0x0000000082800000| PB 0x0000000082800000| Untracked |  0
|  11|0x0000000082900000, 0x0000000082900000, 0x0000000082a00000|  0%| F|  |TAMS 0x0000000082900000| PB 0x0000000082900000| Untracked |  0
|  12|0x0000000082a00000, 0x0000000082a00000, 0x0000000082b00000|  0%| F|  |TAMS 0x0000000082a00000| PB 0x0000000082a00000| Untracked |  0
|  13|0x0000000082b00000, 0x0000000082b00000, 0x0000000082c00000|  0%| F|  |TAMS 0x0000000082b00000| PB 0x0000000082b00000| Untracked |  0
|  14|0x0000000082c00000, 0x0000000082c00000, 0x0000000082d00000|  0%| F|  |TAMS 0x0000000082c00000| PB 0x0000000082c00000| Untracked |  0
|  15|0x0000000082d00000, 0x0000000082d00000, 0x0000000082e00000|  0%| F|  |TAMS 0x0000000082d00000| PB 0x0000000082d00000| Untracked |  0
|  16|0x0000000082e00000, 0x0000000082e00000, 0x0000000082f00000|  0%| F|  |TAMS 0x0000000082e00000| PB 0x0000000082e00000| Untracked |  0
|  17|0x0000000082f00000, 0x0000000082f00000, 0x0000000083000000|  0%| F|  |TAMS 0x0000000082f00000| PB 0x0000000082f00000| Untracked |  0
|  18|0x0000000083000000, 0x0000000083000000, 0x0000000083100000|  0%| F|  |TAMS 0x0000000083000000| PB 0x0000000083000000| Untracked |  0
|  19|0x0000000083100000, 0x0000000083100000, 0x0000000083200000|  0%| F|  |TAMS 0x0000000083100000| PB 0x0000000083100000| Untracked |  0
|  20|0x0000000083200000, 0x0000000083200000, 0x0000000083300000|  0%| F|  |TAMS 0x0000000083200000| PB 0x0000000083200000| Untracked |  0
|  21|0x0000000083300000, 0x0000000083300000, 0x0000000083400000|  0%| F|  |TAMS 0x0000000083300000| PB 0x0000000083300000| Untracked |  0
|  22|0x0000000083400000, 0x0000000083400000, 0x0000000083500000|  0%| F|  |TAMS 0x0000000083400000| PB 0x0000000083400000| Untracked |  0
|  23|0x0000000083500000, 0x0000000083500000, 0x0000000083600000|  0%| F|  |TAMS 0x0000000083500000| PB 0x0000000083500000| Untracked |  0
|  24|0x0000000083600000, 0x0000000083600000, 0x0000000083700000|  0%| F|  |TAMS 0x0000000083600000| PB 0x0000000083600000| Untracked |  0
|  25|0x0000000083700000, 0x0000000083700000, 0x0000000083800000|  0%| F|  |TAMS 0x0000000083700000| PB 0x0000000083700000| Untracked |  0
|  26|0x0000000083800000, 0x0000000083800000, 0x0000000083900000|  0%| F|  |TAMS 0x0000000083800000| PB 0x0000000083800000| Untracked |  0
|  27|0x0000000083900000, 0x0000000083900000, 0x0000000083a00000|  0%| F|  |TAMS 0x0000000083900000| PB 0x0000000083900000| Untracked |  0
|  28|0x0000000083a00000, 0x0000000083a00000, 0x0000000083b00000|  0%| F|  |TAMS 0x0000000083a00000| PB 0x0000000083a00000| Untracked |  0
|  29|0x0000000083b00000, 0x0000000083b00000, 0x0000000083c00000|  0%| F|  |TAMS 0x0000000083b00000| PB 0x0000000083b00000| Untracked |  0
|  30|0x0000000083c00000, 0x0000000083c00000, 0x0000000083d00000|  0%| F|  |TAMS 0x0000000083c00000| PB 0x0000000083c00000| Untracked |  0
|  31|0x0000000083d00000, 0x0000000083d00000, 0x0000000083e00000|  0%| F|  |TAMS 0x0000000083d00000| PB 0x0000000083d00000| Untracked |  0
|  32|0x0000000083e00000, 0x0000000083e00000, 0x0000000083f00000|  0%| F|  |TAMS 0x0000000083e00000| PB 0x0000000083e00000| Untracked |  0
|  33|0x0000000083f00000, 0x0000000083f00000, 0x0000000084000000|  0%| F|  |TAMS 0x0000000083f00000| PB 0x0000000083f00000| Untracked |  0
|  34|0x0000000084000000, 0x0000000084000000, 0x0000000084100000|  0%| F|  |TAMS 0x0000000084000000| PB 0x0000000084000000| Untracked |  0
|  35|0x0000000084100000, 0x0000000084100000, 0x0000000084200000|  0%| F|  |TAMS 0x0000000084100000| PB 0x0000000084100000| Untracked |  0
|  36|0x0000000084200000, 0x0000000084200000, 0x0000000084300000|  0%| F|  |TAMS 0x0000000084200000| PB 0x0000000084200000| Untracked |  0
|  37|0x0000000084300000, 0x0000000084300000, 0x0000000084400000|  0%| F|  |TAMS 0x0000000084300000| PB 0x0000000084300000| Untracked |  0
|  38|0x0000000084400000, 0x0000000084400000, 0x0000000084500000|  0%| F|  |TAMS 0x0000000084400000| PB 0x0000000084400000| Untracked |  0
|  39|0x0000000084500000, 0x0000000084500000, 0x0000000084600000|  0%| F|  |TAMS 0x0000000084500000| PB 0x0000000084500000| Untracked |  0
|  40|0x0000000084600000, 0x0000000084600000, 0x0000000084700000|  0%| F|  |TAMS 0x0000000084600000| PB 0x0000000084600000| Untracked |  0
|  41|0x0000000084700000, 0x0000000084700000, 0x0000000084800000|  0%| F|  |TAMS 0x0000000084700000| PB 0x0000000084700000| Untracked |  0
|  42|0x0000000084800000, 0x0000000084800000, 0x0000000084900000|  0%| F|  |TAMS 0x0000000084800000| PB 0x0000000084800000| Untracked |  0
|  43|0x0000000084900000, 0x0000000084900000, 0x0000000084a00000|  0%| F|  |TAMS 0x0000000084900000| PB 0x0000000084900000| Untracked |  0
|  44|0x0000000084a00000, 0x0000000084a00000, 0x0000000084b00000|  0%| F|  |TAMS 0x0000000084a00000| PB 0x0000000084a00000| Untracked |  0
|  45|0x0000000084b00000, 0x0000000084b00000, 0x0000000084c00000|  0%| F|  |TAMS 0x0000000084b00000| PB 0x0000000084b00000| Untracked |  0
|  46|0x0000000084c00000, 0x0000000084c00000, 0x0000000084d00000|  0%| F|  |TAMS 0x0000000084c00000| PB 0x0000000084c00000| Untracked |  0
|  47|0x0000000084d00000, 0x0000000084d00000, 0x0000000084e00000|  0%| F|  |TAMS 0x0000000084d00000| PB 0x0000000084d00000| Untracked |  0
|  48|0x0000000084e00000, 0x0000000084e00000, 0x0000000084f00000|  0%| F|  |TAMS 0x0000000084e00000| PB 0x0000000084e00000| Untracked |  0
|  49|0x0000000084f00000, 0x0000000084f00000, 0x0000000085000000|  0%| F|  |TAMS 0x0000000084f00000| PB 0x0000000084f00000| Untracked |  0
|  50|0x0000000085000000, 0x0000000085000000, 0x0000000085100000|  0%| F|  |TAMS 0x0000000085000000| PB 0x0000000085000000| Untracked |  0
|  51|0x0000000085100000, 0x0000000085100000, 0x0000000085200000|  0%| F|  |TAMS 0x0000000085100000| PB 0x0000000085100000| Untracked |  0
|  52|0x0000000085200000, 0x0000000085200000, 0x0000000085300000|  0%| F|  |TAMS 0x0000000085200000| PB 0x0000000085200000| Untracked |  0
|  53|0x0000000085300000, 0x0000000085300000, 0x0000000085400000|  0%| F|  |TAMS 0x0000000085300000| PB 0x0000000085300000| Untracked |  0
|  54|0x0000000085400000, 0x0000000085400000, 0x0000000085500000|  0%| F|  |TAMS 0x0000000085400000| PB 0x0000000085400000| Untracked |  0
|  55|0x0000000085500000, 0x0000000085500000, 0x0000000085600000|  0%| F|  |TAMS 0x0000000085500000| PB 0x0000000085500000| Untracked |  0
|  56|0x0000000085600000, 0x0000000085600000, 0x0000000085700000|  0%| F|  |TAMS 0x0000000085600000| PB 0x0000000085600000| Untracked |  0
|  57|0x0000000085700000, 0x0000000085700000, 0x0000000085800000|  0%| F|  |TAMS 0x0000000085700000| PB 0x0000000085700000| Untracked |  0
|  58|0x0000000085800000, 0x0000000085800000, 0x0000000085900000|  0%| F|  |TAMS 0x0000000085800000| PB 0x0000000085800000| Untracked |  0
|  59|0x0000000085900000, 0x0000000085900000, 0x0000000085a00000|  0%| F|  |TAMS 0x0000000085900000| PB 0x0000000085900000| Untracked |  0
|  60|0x0000000085a00000, 0x0000000085a00000, 0x0000000085b00000|  0%| F|  |TAMS 0x0000000085a00000| PB 0x0000000085a00000| Untracked |  0
|  61|0x0000000085b00000, 0x0000000085b00000, 0x0000000085c00000|  0%| F|  |TAMS 0x0000000085b00000| PB 0x0000000085b00000| Untracked |  0
|  62|0x0000000085c00000, 0x0000000085c00000, 0x0000000085d00000|  0%| F|  |TAMS 0x0000000085c00000| PB 0x0000000085c00000| Untracked |  0
|  63|0x0000000085d00000, 0x0000000085d00000, 0x0000000085e00000|  0%| F|  |TAMS 0x0000000085d00000| PB 0x0000000085d00000| Untracked |  0
|  64|0x0000000085e00000, 0x0000000085e00000, 0x0000000085f00000|  0%| F|  |TAMS 0x0000000085e00000| PB 0x0000000085e00000| Untracked |  0
|  65|0x0000000085f00000, 0x0000000085f00000, 0x0000000086000000|  0%| F|  |TAMS 0x0000000085f00000| PB 0x0000000085f00000| Untracked |  0
|  66|0x0000000086000000, 0x0000000086000000, 0x0000000086100000|  0%| F|  |TAMS 0x0000000086000000| PB 0x0000000086000000| Untracked |  0
|  67|0x0000000086100000, 0x0000000086100000, 0x0000000086200000|  0%| F|  |TAMS 0x0000000086100000| PB 0x0000000086100000| Untracked |  0
|  68|0x0000000086200000, 0x0000000086200000, 0x0000000086300000|  0%| F|  |TAMS 0x0000000086200000| PB 0x0000000086200000| Untracked |  0
|  69|0x0000000086300000, 0x0000000086300000, 0x0000000086400000|  0%| F|  |TAMS 0x0000000086300000| PB 0x0000000086300000| Untracked |  0
|  70|0x0000000086400000, 0x0000000086400000, 0x0000000086500000|  0%| F|  |TAMS 0x0000000086400000| PB 0x0000000086400000| Untracked |  0
|  71|0x0000000086500000, 0x0000000086500000, 0x0000000086600000|  0%| F|  |TAMS 0x0000000086500000| PB 0x0000000086500000| Untracked |  0
|  72|0x0000000086600000, 0x0000000086600000, 0x0000000086700000|  0%| F|  |TAMS 0x0000000086600000| PB 0x0000000086600000| Untracked |  0
|  73|0x0000000086700000, 0x0000000086700000, 0x0000000086800000|  0%| F|  |TAMS 0x0000000086700000| PB 0x0000000086700000| Untracked |  0
|  74|0x0000000086800000, 0x0000000086800000, 0x0000000086900000|  0%| F|  |TAMS 0x0000000086800000| PB 0x0000000086800000| Untracked |  0
|  75|0x0000000086900000, 0x0000000086900000, 0x0000000086a00000|  0%| F|  |TAMS 0x0000000086900000| PB 0x0000000086900000| Untracked |  0
|  76|0x0000000086a00000, 0x0000000086a00000, 0x0000000086b00000|  0%| F|  |TAMS 0x0000000086a00000| PB 0x0000000086a00000| Untracked |  0
|  77|0x0000000086b00000, 0x0000000086b00000, 0x0000000086c00000|  0%| F|  |TAMS 0x0000000086b00000| PB 0x0000000086b00000| Untracked |  0
|  78|0x0000000086c00000, 0x0000000086c00000, 0x0000000086d00000|  0%| F|  |TAMS 0x0000000086c00000| PB 0x0000000086c00000| Untracked |  0
|  79|0x0000000086d00000, 0x0000000086d00000, 0x0000000086e00000|  0%| F|  |TAMS 0x0000000086d00000| PB 0x0000000086d00000| Untracked |  0
|  80|0x0000000086e00000, 0x0000000086e00000, 0x0000000086f00000|  0%| F|  |TAMS 0x0000000086e00000| PB 0x0000000086e00000| Untracked |  0
|  81|0x0000000086f00000, 0x0000000086f00000, 0x0000000087000000|  0%| F|  |TAMS 0x0000000086f00000| PB 0x0000000086f00000| Untracked |  0
|  82|0x0000000087000000, 0x0000000087000000, 0x0000000087100000|  0%| F|  |TAMS 0x0000000087000000| PB 0x0000000087000000| Untracked |  0
|  83|0x0000000087100000, 0x0000000087100000, 0x0000000087200000|  0%| F|  |TAMS 0x0000000087100000| PB 0x0000000087100000| Untracked |  0
|  84|0x0000000087200000, 0x0000000087200000, 0x0000000087300000|  0%| F|  |TAMS 0x0000000087200000| PB 0x0000000087200000| Untracked |  0
|  85|0x0000000087300000, 0x0000000087300000, 0x0000000087400000|  0%| F|  |TAMS 0x0000000087300000| PB 0x0000000087300000| Untracked |  0
|  86|0x0000000087400000, 0x0000000087400000, 0x0000000087500000|  0%| F|  |TAMS 0x0000000087400000| PB 0x0000000087400000| Untracked |  0
|  87|0x0000000087500000, 0x0000000087500000, 0x0000000087600000|  0%| F|  |TAMS 0x0000000087500000| PB 0x0000000087500000| Untracked |  0
|  88|0x0000000087600000, 0x0000000087600000, 0x0000000087700000|  0%| F|  |TAMS 0x0000000087600000| PB 0x0000000087600000| Untracked |  0
|  89|0x0000000087700000, 0x0000000087700000, 0x0000000087800000|  0%| F|  |TAMS 0x0000000087700000| PB 0x0000000087700000| Untracked |  0
|  90|0x0000000087800000, 0x0000000087800000, 0x0000000087900000|  0%| F|  |TAMS 0x0000000087800000| PB 0x0000000087800000| Untracked |  0
|  91|0x0000000087900000, 0x0000000087900000, 0x0000000087a00000|  0%| F|  |TAMS 0x0000000087900000| PB 0x0000000087900000| Untracked |  0
|  92|0x0000000087a00000, 0x0000000087a00000, 0x0000000087b00000|  0%| F|  |TAMS 0x0000000087a00000| PB 0x0000000087a00000| Untracked |  0
|  93|0x0000000087b00000, 0x0000000087b00000, 0x0000000087c00000|  0%| F|  |TAMS 0x0000000087b00000| PB 0x0000000087b00000| Untracked |  0
|  94|0x0000000087c00000, 0x0000000087c00000, 0x0000000087d00000|  0%| F|  |TAMS 0x0000000087c00000| PB 0x0000000087c00000| Untracked |  0
|  95|0x0000000087d00000, 0x0000000087d00000, 0x0000000087e00000|  0%| F|  |TAMS 0x0000000087d00000| PB 0x0000000087d00000| Untracked |  0
|  96|0x0000000087e00000, 0x0000000087e00000, 0x0000000087f00000|  0%| F|  |TAMS 0x0000000087e00000| PB 0x0000000087e00000| Untracked |  0
|  97|0x0000000087f00000, 0x0000000087f00000, 0x0000000088000000|  0%| F|  |TAMS 0x0000000087f00000| PB 0x0000000087f00000| Untracked |  0
|  98|0x0000000088000000, 0x0000000088000000, 0x0000000088100000|  0%| F|  |TAMS 0x0000000088000000| PB 0x0000000088000000| Untracked |  0
|  99|0x0000000088100000, 0x0000000088100000, 0x0000000088200000|  0%| F|  |TAMS 0x0000000088100000| PB 0x0000000088100000| Untracked |  0
| 100|0x0000000088200000, 0x0000000088200000, 0x0000000088300000|  0%| F|  |TAMS 0x0000000088200000| PB 0x0000000088200000| Untracked |  0
| 101|0x0000000088300000, 0x0000000088300000, 0x0000000088400000|  0%| F|  |TAMS 0x0000000088300000| PB 0x0000000088300000| Untracked |  0
| 102|0x0000000088400000, 0x0000000088400000, 0x0000000088500000|  0%| F|  |TAMS 0x0000000088400000| PB 0x0000000088400000| Untracked |  0
| 103|0x0000000088500000, 0x0000000088500000, 0x0000000088600000|  0%| F|  |TAMS 0x0000000088500000| PB 0x0000000088500000| Untracked |  0
| 104|0x0000000088600000, 0x0000000088600000, 0x0000000088700000|  0%| F|  |TAMS 0x0000000088600000| PB 0x0000000088600000| Untracked |  0
| 105|0x0000000088700000, 0x0000000088700000, 0x0000000088800000|  0%| F|  |TAMS 0x0000000088700000| PB 0x0000000088700000| Untracked |  0
| 106|0x0000000088800000, 0x0000000088800000, 0x0000000088900000|  0%| F|  |TAMS 0x0000000088800000| PB 0x0000000088800000| Untracked |  0
| 107|0x0000000088900000, 0x0000000088900000, 0x0000000088a00000|  0%| F|  |TAMS 0x0000000088900000| PB 0x0000000088900000| Untracked |  0
| 108|0x0000000088a00000, 0x0000000088a00000, 0x0000000088b00000|  0%| F|  |TAMS 0x0000000088a00000| PB 0x0000000088a00000| Untracked |  0
| 109|0x0000000088b00000, 0x0000000088b00000, 0x0000000088c00000|  0%| F|  |TAMS 0x0000000088b00000| PB 0x0000000088b00000| Untracked |  0
| 110|0x0000000088c00000, 0x0000000088c00000, 0x0000000088d00000|  0%| F|  |TAMS 0x0000000088c00000| PB 0x0000000088c00000| Untracked |  0
| 111|0x0000000088d00000, 0x0000000088d00000, 0x0000000088e00000|  0%| F|  |TAMS 0x0000000088d00000| PB 0x0000000088d00000| Untracked |  0
| 112|0x0000000088e00000, 0x0000000088f00000, 0x0000000088f00000|100%| S|CS|TAMS 0x0000000088e00000| PB 0x0000000088e00000| Complete |  0
| 113|0x0000000088f00000, 0x0000000089000000, 0x0000000089000000|100%| S|CS|TAMS 0x0000000088f00000| PB 0x0000000088f00000| Complete |  0
| 114|0x0000000089000000, 0x0000000089000000, 0x0000000089100000|  0%| F|  |TAMS 0x0000000089000000| PB 0x0000000089000000| Untracked |  0
| 115|0x0000000089100000, 0x0000000089100000, 0x0000000089200000|  0%| F|  |TAMS 0x0000000089100000| PB 0x0000000089100000| Untracked |  0
| 116|0x0000000089200000, 0x0000000089200000, 0x0000000089300000|  0%| F|  |TAMS 0x0000000089200000| PB 0x0000000089200000| Untracked |  0
| 117|0x0000000089300000, 0x0000000089300000, 0x0000000089400000|  0%| F|  |TAMS 0x0000000089300000| PB 0x0000000089300000| Untracked |  0
| 118|0x0000000089400000, 0x0000000089400000, 0x0000000089500000|  0%| F|  |TAMS 0x0000000089400000| PB 0x0000000089400000| Untracked |  0
| 119|0x0000000089500000, 0x0000000089500000, 0x0000000089600000|  0%| F|  |TAMS 0x0000000089500000| PB 0x0000000089500000| Untracked |  0
| 120|0x0000000089600000, 0x0000000089600000, 0x0000000089700000|  0%| F|  |TAMS 0x0000000089600000| PB 0x0000000089600000| Untracked |  0
| 121|0x0000000089700000, 0x000000008973d740, 0x0000000089800000| 24%| E|  |TAMS 0x0000000089700000| PB 0x0000000089700000| Complete |  0
| 122|0x0000000089800000, 0x0000000089900000, 0x0000000089900000|100%| E|CS|TAMS 0x0000000089800000| PB 0x0000000089800000| Complete |  0
| 123|0x0000000089900000, 0x0000000089a00000, 0x0000000089a00000|100%| E|CS|TAMS 0x0000000089900000| PB 0x0000000089900000| Complete |  0
| 124|0x0000000089a00000, 0x0000000089b00000, 0x0000000089b00000|100%| E|CS|TAMS 0x0000000089a00000| PB 0x0000000089a00000| Complete |  0
| 125|0x0000000089b00000, 0x0000000089c00000, 0x0000000089c00000|100%| E|CS|TAMS 0x0000000089b00000| PB 0x0000000089b00000| Complete |  0
| 126|0x0000000089c00000, 0x0000000089d00000, 0x0000000089d00000|100%| E|CS|TAMS 0x0000000089c00000| PB 0x0000000089c00000| Complete |  0
| 127|0x0000000089d00000, 0x0000000089e00000, 0x0000000089e00000|100%| E|CS|TAMS 0x0000000089d00000| PB 0x0000000089d00000| Complete |  0

Card table byte_map: [0x000001e5c8bf0000,0x000001e5c8ff0000] _byte_map_base: 0x000001e5c87e1000

Marking Bits: (CMBitMap*) 0x000001e5b1107a90
 Bits: [0x000001e5c8ff0000, 0x000001e5caf78000)

Polling page: 0x000001e5aee20000

Metaspace:

Usage:
  Non-class:     15.04 MB used.
      Class:      1.95 MB used.
       Both:     16.99 MB used.

Virtual space:
  Non-class space:       64.00 MB reserved,      15.12 MB ( 24%) committed,  1 nodes.
      Class space:        1.00 GB reserved,       2.06 MB ( <1%) committed,  1 nodes.
             Both:        1.06 GB reserved,      17.19 MB (  2%) committed. 

Chunk freelists:
   Non-Class:  0 bytes
       Class:  13.75 MB
        Both:  13.75 MB

MaxMetaspaceSize: unlimited
CompressedClassSpaceSize: 1.00 GB
Initial GC threshold: 21.00 MB
Current GC threshold: 21.00 MB
CDS: on
 - commit_granule_bytes: 65536.
 - commit_granule_words: 8192.
 - virtual_space_node_default_size: 8388608.
 - enlarge_chunks_in_place: 1.
 - use_allocation_guard: 0.


Internal statistics:

num_allocs_failed_limit: 0.
num_arena_births: 176.
num_arena_deaths: 0.
num_vsnodes_births: 2.
num_vsnodes_deaths: 0.
num_space_committed: 275.
num_space_uncommitted: 0.
num_chunks_returned_to_freelist: 0.
num_chunks_taken_from_freelist: 361.
num_chunk_merges: 0.
num_chunk_splits: 216.
num_chunks_enlarged: 120.
num_inconsistent_stats: 0.

CodeHeap 'non-profiled nmethods': size=120064Kb used=605Kb max_used=605Kb free=119459Kb
 bounds [0x000001e5c12b0000, 0x000001e5c1520000, 0x000001e5c87f0000]
CodeHeap 'profiled nmethods': size=120000Kb used=2599Kb max_used=2599Kb free=117400Kb
 bounds [0x000001e5b97f0000, 0x000001e5b9a80000, 0x000001e5c0d20000]
CodeHeap 'non-nmethods': size=5696Kb used=1685Kb max_used=1702Kb free=4010Kb
 bounds [0x000001e5c0d20000, 0x000001e5c0f90000, 0x000001e5c12b0000]
CodeCache: size=245760Kb, used=4889Kb, max_used=4906Kb, free=240869Kb
 total_blobs=2694, nmethods=1953, adapters=646, full_count=0
Compilation: enabled, stopped_count=0, restarted_count=0

Compilation events (20 events):
Event: 2269.252 Thread 0x000001e5cd4500e0 1944       4       jdk.internal.misc.Unsafe::putReferenceOpaque (9 bytes)
Event: 2269.258 Thread 0x000001e5cd4500e0 nmethod 1944 0x000001e5c1344788 code [0x000001e5c1344880, 0x000001e5c13449e0]
Event: 3180.744 Thread 0x000001e5cd4500e0 1945       4       java.util.concurrent.locks.ReentrantLock$Sync::tryRelease (51 bytes)
Event: 3180.750 Thread 0x000001e5cd4500e0 nmethod 1945 0x000001e5c1344a88 code [0x000001e5c1344b80, 0x000001e5c1344c98]
Event: 3245.851 Thread 0x000001e5cd4500e0 1946       4       java.lang.ref.SoftReference::get (29 bytes)
Event: 3245.853 Thread 0x000001e5cd4500e0 nmethod 1946 0x000001e5c1344d88 code [0x000001e5c1344e80, 0x000001e5c1344f78]
Event: 4818.638 Thread 0x000001e5cd4500e0 1947       4       jdk.internal.misc.Unsafe::weakCompareAndSetInt (11 bytes)
Event: 4818.641 Thread 0x000001e5cd4500e0 nmethod 1947 0x000001e5c1345088 code [0x000001e5c1345180, 0x000001e5c1345208]
Event: 5369.574 Thread 0x000001e5cd4500e0 1948       4       jdk.internal.misc.Unsafe::putIntOpaque (9 bytes)
Event: 5369.575 Thread 0x000001e5cd4500e0 nmethod 1948 0x000001e5c1345388 code [0x000001e5c1345480, 0x000001e5c1345508]
Event: 5993.428 Thread 0x000001e5cd4500e0 1949       4       java.util.concurrent.locks.AbstractQueuedSynchronizer$Node::setStatusRelaxed (12 bytes)
Event: 5993.433 Thread 0x000001e5cd4500e0 nmethod 1949 0x000001e5c1345688 code [0x000001e5c1345780, 0x000001e5c1345800]
Event: 8347.860 Thread 0x000001e5cd4500e0 1950  s!   4       jdk.internal.loader.URLClassPath::getLoader (194 bytes)
Event: 8347.965 Thread 0x000001e5cd4500e0 nmethod 1950 0x000001e5c1345988 code [0x000001e5c1345ae0, 0x000001e5c1346238]
Event: 8733.792 Thread 0x000001e5cd4500e0 1951       4       java.lang.String::indexOf (65 bytes)
Event: 8733.814 Thread 0x000001e5cd4500e0 nmethod 1951 0x000001e5c1346288 code [0x000001e5c13463a0, 0x000001e5c13465f8]
Event: 8738.798 Thread 0x000001e5cd4500e0 1952       4       java.lang.String::replace (42 bytes)
Event: 8738.902 Thread 0x000001e5cd4500e0 nmethod 1952 0x000001e5c1346688 code [0x000001e5c13467c0, 0x000001e5c1346f80]
Event: 8909.088 Thread 0x000001e5cd4500e0 1953       4       jdk.internal.module.Resources::toPackageName (39 bytes)
Event: 8909.105 Thread 0x000001e5cd4500e0 nmethod 1953 0x000001e5c1347008 code [0x000001e5c1347120, 0x000001e5c1347380]

GC Heap History (2 events):
Event: 0.875 GC heap before
{Heap before GC invocations=0 (full 0):
 garbage-first heap   total reserved 2066432K, committed 131072K, used 14336K [0x0000000081e00000, 0x0000000100000000)
  region size 1024K, 14 young (14336K), 0 survivors (0K)
 Metaspace       used 11002K, committed 11264K, reserved 1114112K
  class space    used 1257K, committed 1408K, reserved 1048576K
}
Event: 0.883 GC heap after
{Heap after GC invocations=1 (full 0):
 garbage-first heap   total reserved 2066432K, committed 131072K, used 3977K [0x0000000081e00000, 0x0000000100000000)
  region size 1024K, 2 young (2048K), 2 survivors (2048K)
 Metaspace       used 11002K, committed 11264K, reserved 1114112K
  class space    used 1257K, committed 1408K, reserved 1048576K
}

Dll operation events (11 events):
Event: 0.012 Loaded shared library C:\Program Files\Java\jdk-23\bin\java.dll
Event: 0.054 Loaded shared library C:\Program Files\Java\jdk-23\bin\jsvml.dll
Event: 0.101 Loaded shared library C:\Program Files\Java\jdk-23\bin\net.dll
Event: 0.103 Loaded shared library C:\Program Files\Java\jdk-23\bin\nio.dll
Event: 0.147 Loaded shared library C:\Program Files\Java\jdk-23\bin\zip.dll
Event: 0.168 Loaded shared library C:\Program Files\Java\jdk-23\bin\jimage.dll
Event: 0.187 Loaded shared library C:\Program Files\Java\jdk-23\bin\awt.dll
Event: 0.645 Loaded shared library C:\Program Files\Java\jdk-23\bin\extnet.dll
Event: 0.959 Loaded shared library C:\Program Files\Java\jdk-23\bin\sunmscapi.dll
Event: 1.467 Loaded shared library C:\Program Files\Java\jdk-23\bin\freetype.dll
Event: 1.469 Loaded shared library C:\Program Files\Java\jdk-23\bin\fontmanager.dll

Deoptimization events (20 events):
Event: 1.126 Thread 0x000001e5aee6ce90 DEOPT PACKING pc=0x000001e5b9977b14 sp=0x00000010560fcf70
Event: 1.126 Thread 0x000001e5aee6ce90 DEOPT UNPACKING pc=0x000001e5c0d74b22 sp=0x00000010560fc398 mode 0
Event: 1.128 Thread 0x000001e5aee6ce90 DEOPT PACKING pc=0x000001e5b9977b14 sp=0x00000010560fcf70
Event: 1.128 Thread 0x000001e5aee6ce90 DEOPT UNPACKING pc=0x000001e5c0d74b22 sp=0x00000010560fc398 mode 0
Event: 1.129 Thread 0x000001e5aee6ce90 DEOPT PACKING pc=0x000001e5b9977b14 sp=0x00000010560fcf70
Event: 1.129 Thread 0x000001e5aee6ce90 DEOPT UNPACKING pc=0x000001e5c0d74b22 sp=0x00000010560fc398 mode 0
Event: 1.189 Thread 0x000001e5aee6ce90 Uncommon trap: trap_request=0xffffff66 fr.pc=0x000001e5c13175cc relative=0x000000000000020c
Event: 1.189 Thread 0x000001e5aee6ce90 Uncommon trap: reason=speculate_class_check action=maybe_recompile pc=0x000001e5c13175cc method=sun.security.util.math.intpoly.IntegerPolynomial.multByInt([JJ)V @ 26 c2
Event: 1.189 Thread 0x000001e5aee6ce90 DEOPT PACKING pc=0x000001e5c13175cc sp=0x00000010560fde90
Event: 1.189 Thread 0x000001e5aee6ce90 DEOPT UNPACKING pc=0x000001e5c0d74402 sp=0x00000010560fdda0 mode 2
Event: 1.259 Thread 0x000001e5aee6ce90 DEOPT PACKING pc=0x000001e5b993e55e sp=0x00000010560fd900
Event: 1.259 Thread 0x000001e5aee6ce90 DEOPT UNPACKING pc=0x000001e5c0d74b22 sp=0x00000010560fcd38 mode 0
Event: 1.336 Thread 0x000001e5aee6ce90 Uncommon trap: trap_request=0xffffff6e fr.pc=0x000001e5c1311044 relative=0x00000000000004a4
Event: 1.336 Thread 0x000001e5aee6ce90 Uncommon trap: reason=loop_limit_check action=maybe_recompile pc=0x000001e5c1311044 method=java.lang.StringLatin1.indexOf([BI[BII)I @ 37 c2
Event: 1.336 Thread 0x000001e5aee6ce90 DEOPT PACKING pc=0x000001e5c1311044 sp=0x00000010560fee70
Event: 1.336 Thread 0x000001e5aee6ce90 DEOPT UNPACKING pc=0x000001e5c0d74402 sp=0x00000010560fedd0 mode 2
Event: 1.480 Thread 0x000001e5aee6ce90 Uncommon trap: trap_request=0xffffff45 fr.pc=0x000001e5c12e6c9c relative=0x000000000000021c
Event: 1.480 Thread 0x000001e5aee6ce90 Uncommon trap: reason=unstable_if action=reinterpret pc=0x000001e5c12e6c9c method=java.lang.StringUTF16.compress([CI[BII)I @ 20 c2
Event: 1.480 Thread 0x000001e5aee6ce90 DEOPT PACKING pc=0x000001e5c12e6c9c sp=0x00000010560fd9f0
Event: 1.480 Thread 0x000001e5aee6ce90 DEOPT UNPACKING pc=0x000001e5c0d74402 sp=0x00000010560fd960 mode 2

Classes loaded (20 events):
Event: 1.762 Loading class javax/swing/TimerQueue
Event: 1.762 Loading class javax/swing/TimerQueue done
Event: 1.763 Loading class java/util/concurrent/DelayQueue
Event: 1.763 Loading class java/util/concurrent/DelayQueue done
Event: 1.763 Loading class java/util/PriorityQueue
Event: 1.763 Loading class java/util/PriorityQueue done
Event: 1.764 Loading class javax/swing/TimerQueue$DelayedTimer
Event: 1.764 Loading class java/util/concurrent/Delayed
Event: 1.764 Loading class java/util/concurrent/Delayed done
Event: 1.764 Loading class javax/swing/TimerQueue$DelayedTimer done
Event: 2.277 Loading class javax/swing/Timer$1
Event: 2.278 Loading class javax/swing/Timer$1 done
Event: 4.987 Loading class java/awt/event/MouseWheelEvent
Event: 4.987 Loading class java/awt/event/MouseWheelEvent done
Event: 5.465 Loading class java/awt/KeyboardFocusManager$2
Event: 5.465 Loading class java/awt/KeyboardFocusManager$2 done
Event: 5.466 Loading class sun/awt/SunToolkit$1
Event: 5.466 Loading class sun/awt/SunToolkit$1 done
Event: 5.478 Loading class java/awt/LightweightDispatcher$2
Event: 5.478 Loading class java/awt/LightweightDispatcher$2 done

Classes unloaded (0 events):
No events

Classes redefined (0 events):
No events

Internal exceptions (19 events):
Event: 0.105 Thread 0x000001e5aee6ce90 Exception <a 'sun/nio/fs/WindowsException'{0x0000000089c9edd0}> (0x0000000089c9edd0) 
thrown [s\open\src\hotspot\share\prims\jni.cpp, line 520]
Event: 0.107 Thread 0x000001e5aee6ce90 Exception <a 'sun/nio/fs/WindowsException'{0x0000000089ca1530}> (0x0000000089ca1530) 
thrown [s\open\src\hotspot\share\prims\jni.cpp, line 520]
Event: 0.176 Thread 0x000001e5aee6ce90 Exception <a 'java/lang/ClassNotFoundException'{0x0000000089b81370}: sun/awt/resources/spi/awtProvider> (0x0000000089b81370) 
thrown [s\open\src\hotspot\share\classfile\systemDictionary.cpp, line 313]
Event: 0.202 Thread 0x000001e5aee6ce90 Exception <a 'java/io/FileNotFoundException'{0x0000000089bd51f0}> (0x0000000089bd51f0) 
thrown [s\open\src\hotspot\share\prims\jni.cpp, line 520]
Event: 0.212 Thread 0x000001e5aee6ce90 Exception <a 'java/io/FileNotFoundException'{0x0000000089a03a08}> (0x0000000089a03a08) 
thrown [s\open\src\hotspot\share\prims\jni.cpp, line 520]
Event: 0.311 Thread 0x000001e5aee6ce90 Exception <a 'java/lang/NoSuchMethodError'{0x000000008990eb30}: 'void java.lang.invoke.DirectMethodHandle$Holder.invokeSpecial(java.lang.Object, java.lang.Object, java.lang.Object)'> (0x000000008990eb30) 
thrown [s\open\src\hotspot\share\interpreter\linkResolver.cpp, line 796]
Event: 0.327 Thread 0x000001e5aee6ce90 Exception <a 'java/lang/NoSuchMethodError'{0x000000008995e488}: 'java.lang.Object java.lang.invoke.DirectMethodHandle$Holder.invokeStatic(java.lang.Object, int, java.lang.Object)'> (0x000000008995e488) 
thrown [s\open\src\hotspot\share\interpreter\linkResolver.cpp, line 796]
Event: 0.352 Thread 0x000001e5aee6ce90 Exception <a 'java/lang/ClassNotFoundException'{0x0000000089805678}: com/sun/swing/internal/plaf/metal/resources/spi/metalProvider> (0x0000000089805678) 
thrown [s\open\src\hotspot\share\classfile\systemDictionary.cpp, line 313]
Event: 0.353 Thread 0x000001e5aee6ce90 Exception <a 'java/lang/ClassNotFoundException'{0x0000000089809688}: com/sun/swing/internal/plaf/basic/resources/spi/basicProvider> (0x0000000089809688) 
thrown [s\open\src\hotspot\share\classfile\systemDictionary.cpp, line 313]
Event: 0.365 Thread 0x000001e5aee6ce90 Exception <a 'java/lang/NoSuchMethodError'{0x0000000089828fa0}: 'int java.lang.invoke.Invokers$Holder.invokeExact_MT(java.lang.Object, java.lang.Object)'> (0x0000000089828fa0) 
thrown [s\open\src\hotspot\share\interpreter\linkResolver.cpp, line 796]
Event: 0.442 Thread 0x000001e5aee6ce90 Exception <a 'java/lang/NoSuchMethodError'{0x00000000898e6740}: 'void java.lang.invoke.DirectMethodHandle$Holder.invokeStatic(java.lang.Object, java.lang.Object)'> (0x00000000898e6740) 
thrown [s\open\src\hotspot\share\interpreter\linkResolver.cpp, line 796]
Event: 0.489 Thread 0x000001e5aee6ce90 Exception <a 'java/lang/NoSuchMethodError'{0x00000000897df510}: 'java.lang.Object java.lang.invoke.DirectMethodHandle$Holder.invokeInterface(java.lang.Object, java.lang.Object)'> (0x00000000897df510) 
thrown [s\open\src\hotspot\share\interpreter\linkResolver.cpp, line 796]
Event: 0.533 Thread 0x000001e5aee6ce90 Exception <a 'java/lang/NoSuchMethodError'{0x000000008965d908}: 'java.lang.Object java.lang.invoke.DirectMethodHandle$Holder.invokeVirtual(java.lang.Object, java.lang.Object, java.lang.Object)'> (0x000000008965d908) 
thrown [s\open\src\hotspot\share\interpreter\linkResolver.cpp, line 796]
Event: 0.729 Thread 0x000001e5aee6ce90 Exception <a 'java/lang/NoSuchMethodError'{0x0000000089143c98}: 'void java.lang.invoke.DirectMethodHandle$Holder.invokeStaticInit(java.lang.Object, java.lang.Object)'> (0x0000000089143c98) 
thrown [s\open\src\hotspot\share\interpreter\linkResolver.cpp, line 796]
Event: 0.828 Thread 0x000001e5aee6ce90 Exception <a 'sun/nio/fs/WindowsException'{0x0000000089070508}> (0x0000000089070508) 
thrown [s\open\src\hotspot\share\prims\jni.cpp, line 520]
Event: 0.896 Thread 0x000001e5aee6ce90 Exception <a 'java/lang/NoSuchMethodError'{0x0000000089d17f38}: 'java.lang.Object java.lang.invoke.DirectMethodHandle$Holder.invokeStaticInit(java.lang.Object, int, int, int, int)'> (0x0000000089d17f38) 
thrown [s\open\src\hotspot\share\interpreter\linkResolver.cpp, line 796]
Event: 0.925 Thread 0x000001e5aee6ce90 Exception <a 'java/lang/NoSuchMethodError'{0x0000000089de4378}: 'java.lang.Object java.lang.invoke.DirectMethodHandle$Holder.invokeStaticInit(java.lang.Object, java.lang.Object, int, int, int, int)'> (0x0000000089de4378) 
thrown [s\open\src\hotspot\share\interpreter\linkResolver.cpp, line 796]
Event: 1.188 Thread 0x000001e5aee6ce90 Exception <a 'java/lang/NoSuchMethodError'{0x0000000089cbc850}: 'void java.lang.invoke.DirectMethodHandle$Holder.invokeVirtual(java.lang.Object, java.lang.Object)'> (0x0000000089cbc850) 
thrown [s\open\src\hotspot\share\interpreter\linkResolver.cpp, line 796]
Event: 1.461 Thread 0x000001e5aee6ce90 Exception <a 'java/lang/NoSuchMethodError'{0x00000000899b7320}: 'void java.lang.invoke.DirectMethodHandle$Holder.invokeStaticInit(java.lang.Object)'> (0x00000000899b7320) 
thrown [s\open\src\hotspot\share\interpreter\linkResolver.cpp, line 796]

VM Operations (20 events):
Event: 0.222 Executing VM operation: HandshakeAllThreads (Deoptimize)
Event: 0.222 Executing VM operation: HandshakeAllThreads (Deoptimize) done
Event: 0.390 Executing VM operation: HandshakeAllThreads (Deoptimize)
Event: 0.390 Executing VM operation: HandshakeAllThreads (Deoptimize) done
Event: 0.459 Executing VM operation: HandshakeAllThreads (Deoptimize)
Event: 0.459 Executing VM operation: HandshakeAllThreads (Deoptimize) done
Event: 0.800 Executing VM operation: HandshakeAllThreads (Deoptimize)
Event: 0.800 Executing VM operation: HandshakeAllThreads (Deoptimize) done
Event: 0.875 Executing VM operation: G1CollectForAllocation (G1 Evacuation Pause)
Event: 0.883 Executing VM operation: G1CollectForAllocation (G1 Evacuation Pause) done
Event: 1.566 Executing VM operation: HandshakeAllThreads (Deoptimize)
Event: 1.566 Executing VM operation: HandshakeAllThreads (Deoptimize) done
Event: 1.610 Executing VM operation: HandshakeAllThreads (Deoptimize)
Event: 1.610 Executing VM operation: HandshakeAllThreads (Deoptimize) done
Event: 1.752 Executing VM operation: HandshakeAllThreads (Deoptimize)
Event: 1.752 Executing VM operation: HandshakeAllThreads (Deoptimize) done
Event: 60.253 Executing VM operation: HandshakeAllThreads (HandshakeForDeflation)
Event: 60.253 Executing VM operation: HandshakeAllThreads (HandshakeForDeflation) done
Event: 60.253 Executing VM operation: RendezvousGCThreads
Event: 60.253 Executing VM operation: RendezvousGCThreads done

Memory protections (0 events):
No events

Nmethod flushes (0 events):
No events

Events (20 events):
Event: 0.050 Thread 0x000001e5aee6ce90 Thread added: 0x000001e5aee6adc0
Event: 0.050 Thread 0x000001e5aee6ce90 Thread added: 0x000001e5aee6c170
Event: 0.051 Thread 0x000001e5aee6ce90 Thread added: 0x000001e5aee6bae0
Event: 0.051 Thread 0x000001e5aee6ce90 Thread added: 0x000001e5aee6e240
Event: 0.051 Thread 0x000001e5aee6ce90 Thread added: 0x000001e5aee6dbb0
Event: 0.051 Thread 0x000001e5aee6ce90 Thread added: 0x000001e5aee6c800
Event: 0.051 Thread 0x000001e5aee6ce90 Thread added: 0x000001e5cd4500e0
Event: 0.051 Thread 0x000001e5aee6ce90 Thread added: 0x000001e5cd456bb0
Event: 0.085 Thread 0x000001e5aee6ce90 Thread added: 0x000001e5aee6d520
Event: 0.136 Thread 0x000001e5aee6ce90 Thread added: 0x000001e5aee6b450
Event: 0.140 Thread 0x000001e5cd456bb0 Thread added: 0x000001e5cd6f0680
Event: 0.271 Thread 0x000001e5aee6ce90 Thread added: 0x000001e5cd84a680
Event: 0.274 Thread 0x000001e5aee6ce90 Thread added: 0x000001e5cd84c0c0
Event: 0.276 Thread 0x000001e5aee6ce90 Thread added: 0x000001e5cd849960
Event: 0.426 Thread 0x000001e5aee6ce90 Thread added: 0x000001e5cd8492d0
Event: 0.443 Thread 0x000001e5aee6ce90 Thread added: 0x000001e5cd84b3a0
Event: 1.606 Thread 0x000001e5aee6ce90 Thread exited: 0x000001e5aee6ce90
Event: 1.606 Thread 0x000001e5cd84ad10 Thread added: 0x000001e5cd84ad10
Event: 1.611 Thread 0x000001e5cd6f0680 Thread exited: 0x000001e5cd6f0680
Event: 1.764 Thread 0x000001e5cd8492d0 Thread added: 0x000001e5cd849ff0


Dynamic libraries:
0x00007ff6af350000 - 0x00007ff6af360000 	C:\Program Files\Java\jdk-23\bin\java.exe
0x00007ffbf0350000 - 0x00007ffbf0548000 	C:\Windows\SYSTEM32\ntdll.dll
0x00007ffbf00b0000 - 0x00007ffbf0172000 	C:\Windows\System32\KERNEL32.DLL
0x00007ffbedb80000 - 0x00007ffbede77000 	C:\Windows\System32\KERNELBASE.dll
0x00007ffbee100000 - 0x00007ffbee200000 	C:\Windows\System32\ucrtbase.dll
0x00007ffbe4bc0000 - 0x00007ffbe4bdb000 	C:\Program Files\Java\jdk-23\bin\VCRUNTIME140.dll
0x00007ffbe6a40000 - 0x00007ffbe6a57000 	C:\Program Files\Java\jdk-23\bin\jli.dll
0x00007ffbef030000 - 0x00007ffbef1cd000 	C:\Windows\System32\USER32.dll
0x00007ffbee200000 - 0x00007ffbee222000 	C:\Windows\System32\win32u.dll
0x00007ffbd5d40000 - 0x00007ffbd5fda000 	C:\Windows\WinSxS\amd64_microsoft.windows.common-controls_6595b64144ccf1df_6.0.19041.5915_none_60b4b9d171f9c7c7\COMCTL32.dll
0x00007ffbefc40000 - 0x00007ffbefc6b000 	C:\Windows\System32\GDI32.dll
0x00007ffbeda60000 - 0x00007ffbedb79000 	C:\Windows\System32\gdi32full.dll
0x00007ffbeef90000 - 0x00007ffbef02e000 	C:\Windows\System32\msvcrt.dll
0x00007ffbede80000 - 0x00007ffbedf1d000 	C:\Windows\System32\msvcp_win.dll
0x00007ffbeef60000 - 0x00007ffbeef8f000 	C:\Windows\System32\IMM32.DLL
0x00007ffbe6ad0000 - 0x00007ffbe6adc000 	C:\Program Files\Java\jdk-23\bin\vcruntime140_1.dll
0x00007ffbd0d70000 - 0x00007ffbd0dfe000 	C:\Program Files\Java\jdk-23\bin\msvcp140.dll
0x00007ffb8cae0000 - 0x00007ffb8d82f000 	C:\Program Files\Java\jdk-23\bin\server\jvm.dll
0x00007ffbee770000 - 0x00007ffbee821000 	C:\Windows\System32\ADVAPI32.dll
0x00007ffbef940000 - 0x00007ffbef9df000 	C:\Windows\System32\sechost.dll
0x00007ffbf0180000 - 0x00007ffbf02a6000 	C:\Windows\System32\RPCRT4.dll
0x00007ffbee0d0000 - 0x00007ffbee0f7000 	C:\Windows\System32\bcrypt.dll
0x00007ffbefee0000 - 0x00007ffbeff4b000 	C:\Windows\System32\WS2_32.dll
0x00007ffbed790000 - 0x00007ffbed7db000 	C:\Windows\SYSTEM32\POWRPROF.dll
0x00007ffbd7cd0000 - 0x00007ffbd7cf7000 	C:\Windows\SYSTEM32\WINMM.dll
0x00007ffbe34b0000 - 0x00007ffbe34ba000 	C:\Windows\SYSTEM32\VERSION.dll
0x00007ffbed770000 - 0x00007ffbed782000 	C:\Windows\SYSTEM32\UMPDC.dll
0x00007ffbec250000 - 0x00007ffbec262000 	C:\Windows\SYSTEM32\kernel.appcore.dll
0x00007ffbe69d0000 - 0x00007ffbe69da000 	C:\Program Files\Java\jdk-23\bin\jimage.dll
0x00007ffbeaa90000 - 0x00007ffbeac91000 	C:\Windows\SYSTEM32\DBGHELP.DLL
0x00007ffbd39a0000 - 0x00007ffbd39d4000 	C:\Windows\SYSTEM32\dbgcore.DLL
0x00007ffbee230000 - 0x00007ffbee2b2000 	C:\Windows\System32\bcryptPrimitives.dll
0x00007ffbe4ae0000 - 0x00007ffbe4afe000 	C:\Program Files\Java\jdk-23\bin\java.dll
0x00007ffbee9c0000 - 0x00007ffbeeaeb000 	C:\Windows\System32\ole32.dll
0x00007ffbee380000 - 0x00007ffbee6d3000 	C:\Windows\System32\combase.dll
0x00007ffbef1d0000 - 0x00007ffbef93e000 	C:\Windows\System32\SHELL32.dll
0x00007ffbeb410000 - 0x00007ffbebbb4000 	C:\Windows\SYSTEM32\windows.storage.dll
0x00007ffbed3a0000 - 0x00007ffbed3cb000 	C:\Windows\SYSTEM32\Wldp.dll
0x00007ffbee8f0000 - 0x00007ffbee9bd000 	C:\Windows\System32\OLEAUT32.dll
0x00007ffbee840000 - 0x00007ffbee8ed000 	C:\Windows\System32\SHCORE.dll
0x00007ffbf02b0000 - 0x00007ffbf030b000 	C:\Windows\System32\shlwapi.dll
0x00007ffbed910000 - 0x00007ffbed934000 	C:\Windows\SYSTEM32\profapi.dll
0x00007ffbbbe10000 - 0x00007ffbbbee7000 	C:\Program Files\Java\jdk-23\bin\jsvml.dll
0x00007ffbe4da0000 - 0x00007ffbe4db0000 	C:\Program Files\Java\jdk-23\bin\net.dll
0x00007ffbed0a0000 - 0x00007ffbed10a000 	C:\Windows\system32\mswsock.dll
0x00007ffbe4910000 - 0x00007ffbe4926000 	C:\Program Files\Java\jdk-23\bin\nio.dll
0x00007ffbe48b0000 - 0x00007ffbe48c7000 	C:\Program Files\Java\jdk-23\bin\zip.dll
0x00007ffbb95c0000 - 0x00007ffbb974e000 	C:\Program Files\Java\jdk-23\bin\awt.dll
0x00007ffbe7050000 - 0x00007ffbe70e4000 	C:\Windows\SYSTEM32\apphelp.dll
0x00007ffbeaf30000 - 0x00007ffbeaf5e000 	C:\Windows\system32\DWMAPI.DLL
0x00007ffbead40000 - 0x00007ffbeadde000 	C:\Windows\system32\uxtheme.dll
0x00007ffbc50d0000 - 0x00007ffbc51f8000 	C:\Windows\system32\opengl32.dll
0x00007ffbc5ed0000 - 0x00007ffbc5efc000 	C:\Windows\SYSTEM32\GLU32.dll
0x00007ffbefd50000 - 0x00007ffbefe65000 	C:\Windows\System32\MSCTF.dll
0x00007ffbecdc0000 - 0x00007ffbece8a000 	C:\Windows\SYSTEM32\DNSAPI.dll
0x00007ffbecd80000 - 0x00007ffbecdbb000 	C:\Windows\SYSTEM32\IPHLPAPI.DLL
0x00007ffbefed0000 - 0x00007ffbefed8000 	C:\Windows\System32\NSI.dll
0x00007ffbd9280000 - 0x00007ffbd928a000 	C:\Windows\System32\rasadhlp.dll
0x00007ffbd9ec0000 - 0x00007ffbd9f40000 	C:\Windows\System32\fwpuclnt.dll
0x00007ffbe4c00000 - 0x00007ffbe4c09000 	C:\Program Files\Java\jdk-23\bin\extnet.dll
0x00007ffbed2a0000 - 0x00007ffbed2b8000 	C:\Windows\SYSTEM32\CRYPTSP.dll
0x00007ffbec9c0000 - 0x00007ffbec9f8000 	C:\Windows\system32\rsaenh.dll
0x00007ffbed8d0000 - 0x00007ffbed8fe000 	C:\Windows\SYSTEM32\USERENV.dll
0x00007ffbed290000 - 0x00007ffbed29c000 	C:\Windows\SYSTEM32\CRYPTBASE.dll
0x00007ffbe6b60000 - 0x00007ffbe6b6e000 	C:\Program Files\Java\jdk-23\bin\sunmscapi.dll
0x00007ffbedf70000 - 0x00007ffbee0cd000 	C:\Windows\System32\CRYPT32.dll
0x00007ffbed410000 - 0x00007ffbed437000 	C:\Windows\SYSTEM32\ncrypt.dll
0x00007ffbed3d0000 - 0x00007ffbed40b000 	C:\Windows\SYSTEM32\NTASN1.dll
0x00007ffbbbb70000 - 0x00007ffbbbbf7000 	C:\Program Files\Java\jdk-23\bin\freetype.dll
0x00007ffbbb580000 - 0x00007ffbbb657000 	C:\Program Files\Java\jdk-23\bin\fontmanager.dll
0x00007ffbefb90000 - 0x00007ffbefc39000 	C:\Windows\System32\clbcatq.dll
0x00007ffbea8d0000 - 0x00007ffbeaa86000 	C:\Windows\SYSTEM32\WindowsCodecs.dll
0x00007ffbb59d0000 - 0x00007ffbb5a0e000 	C:\Windows\system32\dataexchange.dll
0x00007ffbe5910000 - 0x00007ffbe5b74000 	C:\Windows\system32\d3d11.dll
0x00007ffbe6080000 - 0x00007ffbe6264000 	C:\Windows\system32\dcomp.dll
0x00007ffbec270000 - 0x00007ffbec366000 	C:\Windows\system32\dxgi.dll
0x00007ffbe32a0000 - 0x00007ffbe34a3000 	C:\Windows\system32\twinapi.appcore.dll
0x00007ffbd9500000 - 0x00007ffbd95f9000 	C:\Windows\SYSTEM32\textinputframework.dll
0x00007ffbe6bb0000 - 0x00007ffbe6ca2000 	C:\Windows\System32\CoreMessaging.dll
0x00007ffbe6670000 - 0x00007ffbe69cb000 	C:\Windows\System32\CoreUIComponents.dll
0x00007ffbecc10000 - 0x00007ffbecc43000 	C:\Windows\SYSTEM32\ntmarta.dll
0x00007ffbe5ee0000 - 0x00007ffbe6037000 	C:\Windows\SYSTEM32\wintypes.dll
0x00007ffbccea0000 - 0x00007ffbccf06000 	C:\Windows\system32\Oleacc.dll

dbghelp: loaded successfully - version: 4.0.5 - missing functions: none
symbol engine: initialized successfully - sym options: 0x614 - pdb path: .;C:\Program Files\Java\jdk-23\bin;C:\Windows\SYSTEM32;C:\Windows\WinSxS\amd64_microsoft.windows.common-controls_6595b64144ccf1df_6.0.19041.5915_none_60b4b9d171f9c7c7;C:\Program Files\Java\jdk-23\bin\server

VM Arguments:
jvm_args: -Dfile.encoding=UTF-8 --module-path=C:\Users\FC\OneDrive\Desktop\project-250\University Management System\build\classes 
java_command: university.management.system.StudentDetails
java_class_path (initial): C:\Users\FC\Downloads\mysql-connector-java-8.0.28.jar;C:\Users\FC\Downloads\rs2xml.jar;C:\Users\FC\Downloads;C:\Users\FC\Downloads\javax.mail-1.6.2.jar;C:\Users\FC\Downloads\activation-1.1.1.jar;C:\Users\FC\Downloads\jcalendar-tz-1.3.3-4.jar;C:\Users\FC\OneDrive\Desktop\project-250\University Management System\build\classes
Launcher Type: SUN_STANDARD

[Global flags]
     intx CICompilerCount                          = 3                                         {product} {ergonomic}
     uint ConcGCThreads                            = 1                                         {product} {ergonomic}
     uint G1ConcRefinementThreads                  = 4                                         {product} {ergonomic}
   size_t G1HeapRegionSize                         = 1048576                                   {product} {ergonomic}
   size_t InitialHeapSize                          = 134217728                                 {product} {ergonomic}
   size_t MarkStackSize                            = 4194304                                   {product} {ergonomic}
   size_t MarkStackSizeMax                         = 536870912                                 {product} {ergonomic}
   size_t MaxHeapSize                              = 2116026368                                {product} {ergonomic}
   size_t MaxNewSize                               = 1268776960                                {product} {ergonomic}
   size_t MinHeapDeltaBytes                        = 1048576                                   {product} {ergonomic}
   size_t MinHeapSize                              = 8388608                                   {product} {ergonomic}
    uintx NonNMethodCodeHeapSize                   = 5832704                                {pd product} {ergonomic}
    uintx NonProfiledCodeHeapSize                  = 122945536                              {pd product} {ergonomic}
    uintx ProfiledCodeHeapSize                     = 122880000                              {pd product} {ergonomic}
    uintx ReservedCodeCacheSize                    = 251658240                              {pd product} {ergonomic}
     bool SegmentedCodeCache                       = true                                      {product} {ergonomic}
   size_t SoftMaxHeapSize                          = 2116026368                             {manageable} {ergonomic}
     bool UseCompressedOops                        = true                           {product lp64_product} {ergonomic}
     bool UseG1GC                                  = true                                      {product} {ergonomic}
     bool UseLargePagesIndividualAllocation        = false                                  {pd product} {ergonomic}

Logging:
Log output configuration:
 #0: stdout all=warning uptime,level,tags foldmultilines=false
 #1: stderr all=off uptime,level,tags foldmultilines=false

Environment Variables:
JAVA_HOME=C:\Program Files\Java\jdk-23\bin
PATH=C:\Program Files\Python313\Scripts\;C:\Program Files\Python313\;C:\Program Files\Common Files\Oracle\Java\javapath;C:\Windows\system32;C:\Windows;C:\Windows\System32\Wbem;C:\Windows\System32\WindowsPowerShell\v1.0\;C:\Windows\System32\OpenSSH\;C:\Program Files\Java\jdk-23\bin;C:\MinGW\bin;C:\Program Files\Git\cmd;C:\Program Files\MySQL\MySQL Shell 8.0\bin\;c:\Users\FC\AppData\Local\Programs\cursor\resources\app\codeBin;C:\Users\FC\AppData\Local\Programs\Python\Launcher\;C:\Users\FC\AppData\Local\Microsoft\WindowsApps;C:\Users\FC\AppData\Local\Programs\Microsoft VS Code\bin;C:\Users\FC\AppData\Local\Programs\cursor\resources\app\bin
USERNAME=FC
OS=Windows_NT
PROCESSOR_IDENTIFIER=Intel64 Family 6 Model 78 Stepping 3, GenuineIntel
TMP=C:\Users\FC\AppData\Local\Temp
TEMP=C:\Users\FC\AppData\Local\Temp




Periodic native trim disabled

---------------  S Y S T E M  ---------------

OS:
 Windows 10 , 64 bit Build 19041 (10.0.19041.5915)
OS uptime: 5 days 23:12 hours

CPU: total 4 (initial active 4) (2 cores per cpu, 2 threads per core) family 6 model 78 stepping 3 microcode 0xf0, cx8, cmov, fxsr, ht, mmx, 3dnowpref, sse, sse2, sse3, ssse3, sse4.1, sse4.2, popcnt, lzcnt, tsc, tscinvbit, avx, avx2, aes, erms, clmul, bmi1, bmi2, rtm, adx, fma, vzeroupper, clflush, clflushopt, rdtscp, f16c
Processor Information for the first 4 processors :
  Max Mhz: 2496, Current Mhz: 1497, Mhz Limit: 2396

Memory: 4k page, system-wide physical 8071M (502M free)
TotalPageFile size 22990M (AvailPageFile size 517M)
current process WorkingSet (physical memory assigned to process): 38M, peak: 108M
current process commit charge ("private bytes"): 235M, peak: 243M

vm_info: Java HotSpot(TM) 64-Bit Server VM (23.0.1+11-39) for windows-amd64 JRE (23.0.1+11-39), built on 2024-09-30T07:20:43Z with MS VC++ 17.6 (VS2022)

END.
